lin10001不存在   11：46：49：0786
lin10002不存在   11：46：56：3086
lin10001不存在   11：54：15：0946
lin10002不存在   11：54：57：3676
lin10001上线成功   11：58：00：6256
lin10002已经在线   11：58：05：1426
lin10003上线成功   11：58：33：0386
token=lin10003请求登录失败,账号已经在线   11：58：51：2116
token=lin10001请求登录失败,账号已经在线   11：59：07：3126
lin10004已经在线   11：59：23：2426
token=lin10005请求登录失败,账号不存在   11：59：35：7486
lin10005已经在线   12：02：02：6556
lin10005上线成功   12：02：35：1996
lin10001上线成功   03：54：00：0876
lin10002上线成功   03：54：27：9526
lin10001上线成功   04：01：51：6866
lin10001上线成功   04：02：24：1886
token=lin10002请求登录失败,账号不存在   04：02：30：9026
token=lin10001请求登录失败,账号已经在线   04：02：40：6516
lin10001上线成功   06：30：12：4736
lin10002已经在线   06：30：19：1446
lin10003上线成功   06：31：56：1276
lin10001上线成功   06：32：57：3746
token=lin10004请求登录失败,账号不存在   06：35：00：1256
lin10001上线成功   06：37：13：8306
token=lin10001请求登录失败,账号已经在线   06：37：25：7586
token=lin10001请求登录失败,账号已经在线   06：39：03：6876
token=lin10001请求登录失败,账号已经在线   06：39：08：1146
token=lin10001请求登录失败,账号已经在线   06：39：19：5216
token=lin10003请求登录失败,账号不存在   06：40：20：9736
token=lin10003请求登录失败,账号不存在   06：40：37：2306
token=lin10001请求登录失败,账号不存在   06：44：07：5476
token=lin10001请求登录失败,账号不存在   06：44：19：3246
token=lin10001请求登录失败,账号不存在   06：44：41：9996
lin10001上线成功   06：48：07：7106
token=lin10001请求登录失败,账号已经在线   06：48：19：4966
token=lin10001请求登录失败,账号已经在线   06：48：29：6836
token=lin10001请求登录失败,账号已经在线   06：48：30：1276
token=lin10001请求登录失败,账号已经在线   06：48：30：3516
token=lin10001请求登录失败,账号已经在线   06：48：30：5736
token=lin10001请求登录失败,账号已经在线   06：48：30：7626
token=lin10001请求登录失败,账号已经在线   06：48：30：9346
token=lin10001请求登录失败,账号已经在线   06：48：31：3996
token=lin10001请求登录失败,账号已经在线   06：48：32：0996
token=lin10001请求登录失败,账号已经在线   06：48：32：5066
token=lin10001请求登录失败,账号已经在线   06：48：33：3326
token=lin10001请求登录失败,账号已经在线   06：48：33：5416
token=lin10001请求登录失败,账号已经在线   06：48：33：7476
token=lin10001请求登录失败,账号已经在线   06：48：34：1406
token=lin10001请求登录失败,账号已经在线   06：48：34：3656
lin10002上线成功   06：49：13：6326
token=lin10003请求登录失败,账号不存在   06：49：21：5436
token=lin10003请求登录失败,账号不存在   06：49：23：3346
token=lin10003请求登录失败,账号不存在   06：49：23：4936
token=lin10003请求登录失败,账号不存在   06：49：23：7156
token=lin10003请求登录失败,账号不存在   06：49：23：9396
token=lin10003请求登录失败,账号不存在   06：49：25：6266
token=lin10003请求登录失败,账号不存在   06：49：26：4046
token=lin10003请求登录失败,账号不存在   06：49：27：2096
token=lin10003请求登录失败,账号不存在   06：49：27：5676
token=lin10003请求登录失败,账号不存在   06：49：27：8086
token=lin10003请求登录失败,账号不存在   06：49：28：2506
lin10001上线成功   07：01：07：7876
lin10002已经在线   07：01：19：6396
token=lin10002请求登录失败,账号已经在线   07：01：28：2586
token=lin10002请求登录失败,账号已经在线   07：01：33：0246
token=lin10002请求登录失败,账号已经在线   07：01：33：8236
token=lin10002请求登录失败,账号已经在线   07：01：34：3616
token=lin10002请求登录失败,账号已经在线   07：01：34：5266
token=lin10002请求登录失败,账号已经在线   07：01：34：7346
token=lin10002请求登录失败,账号已经在线   07：01：34：9076
token=lin10003请求登录失败,账号不存在   07：02：01：4436
token=lin10002请求登录失败,账号已经在线   07：02：05：5946
token=lin10002请求登录失败,账号已经在线   07：02：07：3786
token=lin10002请求登录失败,账号已经在线   07：02：07：7536
token=lin10002请求登录失败,账号已经在线   07：02：07：9776
token=lin10002请求登录失败,账号已经在线   07：02：59：8036
token=lin10002请求登录失败,账号已经在线   07：03：00：1776
token=lin10002请求登录失败,账号已经在线   07：03：00：4716
token=uyghki请求登录失败,账号不存在   07：03：08：3536
token=uyghki请求登录失败,账号不存在   07：03：08：5596
token=uyghki请求登录失败,账号不存在   07：03：09：2306
token=uyghki请求登录失败,账号不存在   07：03：09：4296
token=uyghki请求登录失败,账号不存在   07：03：09：6696
token=uyghki请求登录失败,账号不存在   07：03：10：2146
token=uyghki请求登录失败,账号不存在   07：03：10：4246
token=uibghkj请求登录失败,账号不存在   07：03：29：9936
token=uibghkj请求登录失败,账号不存在   07：03：30：5336
token=uibghkj请求登录失败,账号不存在   07：03：30：7236
token=uibghkj请求登录失败,账号不存在   07：03：30：9856
token=uibghkj请求登录失败,账号不存在   07：03：31：1736
token=uibghkj请求登录失败,账号不存在   07：03：31：3466
