lin10001上线成功   09：08：57：1115
127.0.0.1:1547获取用户信息   09：08：57：1575
lin10002已经在线   09：09：01：7725
127.0.0.1:1547获取用户信息   09：09：01：7865
lin10003已经在线   09：09：10：7965
127.0.0.1:1547获取用户信息   09：09：10：8055
token=lin1003请求登录失败,账号不存在   09：09：22：2535
token=lin10003请求登录失败,账号已经在线   09：09：31：3285
token=dvfcvdf请求登录失败,账号不存在   09：09：41：4075
token=dvfcvdf请求登录失败,账号不存在   09：09：42：7215
token=dvfcvdf请求登录失败,账号不存在   09：09：44：9385
token=dvfcvdf请求登录失败,账号不存在   09：09：45：9985
token=dvfcvdf请求登录失败,账号不存在   09：09：46：5615
token=dvfcvdf请求登录失败,账号不存在   09：09：46：8475
token=dvfcvdf请求登录失败,账号不存在   09：09：47：0605
lin10004已经在线   09：10：01：7865
127.0.0.1:1547获取用户信息   09：10：01：7945
token=dvf,kugjh请求登录失败,账号不存在   09：10：13：5385
token=dvf,kugjh请求登录失败,账号不存在   09：10：17：0185
token=dvf,kugjh请求登录失败,账号不存在   09：10：17：6635
token=dvf,kugjh请求登录失败,账号不存在   09：10：17：9615
token=dvf,kugjh请求登录失败,账号不存在   09：10：18：2115
token=dvf,kugjh请求登录失败,账号不存在   09：10：19：3265
token=dvf,kugjh请求登录失败,账号不存在   09：10：19：5615
token=dvf,kugjh请求登录失败,账号不存在   09：10：19：9255
lin10005已经在线   09：10：21：6455
127.0.0.1:1547获取用户信息   09：10：21：6615
