token=lin10001请求登录失败,账号不存在   09：26：33：2217
token=lin10001请求登录失败,账号不存在   09：26：37：8177
token=lin10001请求登录失败,账号不存在   09：26：38：0427
token=lin10001请求登录失败,账号不存在   09：26：38：2917
token=lin10001请求登录失败,账号不存在   09：26：38：4767
token=lin10001请求登录失败,账号不存在   09：26：38：6727
token=lin10001请求登录失败,账号不存在   09：26：38：8867
token=lin10001请求登录失败,账号不存在   09：26：39：0697
token=lin10001请求登录失败,账号不存在   09：26：39：2687
token=lin10001请求登录失败,账号不存在   09：26：39：4507
token=lin10001请求登录失败,账号不存在   09：26：39：6157
token=lin10001请求登录失败,账号不存在   09：26：39：8147
token=lin10001请求登录失败,账号不存在   09：26：39：9807
token=lin10001请求登录失败,账号不存在   09：26：40：1127
token=lin10001请求登录失败,账号不存在   09：26：40：9747
token=lin10001请求登录失败,账号不存在   09：26：41：1617
token=lin10001请求登录失败,账号不存在   09：26：41：6587
token=lin10001请求登录失败,账号不存在   09：26：42：1217
token=lin10001请求登录失败,账号不存在   09：26：42：3207
token=lin10001请求登录失败,账号不存在   09：26：42：5027
token=lin10001请求登录失败,账号不存在   09：26：42：8837
token=lin10001请求登录失败,账号不存在   09：26：43：0827
token=lin10001请求登录失败,账号不存在   09：26：43：2647
token=lin10001请求登录失败,账号不存在   09：26：43：4637
token=lin10001请求登录失败,账号不存在   09：26：43：9647
token=lin10001请求登录失败,账号不存在   09：26：44：1487
token=lin10001请求登录失败,账号不存在   09：26：44：3617
token=lin10001请求登录失败,账号不存在   09：26：44：5687
token=lin10001请求登录失败,账号不存在   09：26：44：7677
token=lin10001请求登录失败,账号不存在   09：26：44：9837
token=lin10001请求登录失败,账号不存在   09：26：45：8777
token=lin10001请求登录失败,账号不存在   09：26：46：1297
token=lin10001请求登录失败,账号不存在   09：26：46：3277
token=lin10001请求登录失败,账号不存在   09：26：46：5597
token=lin10001请求登录失败,账号不存在   09：26：46：7427
token=lin10001请求登录失败,账号不存在   09：26：47：1237
token=lin10001请求登录失败,账号不存在   09：26：47：3387
token=lin10001请求登录失败,账号不存在   09：26：47：5537
token=lin10001请求登录失败,账号不存在   09：26：47：7527
token=lin10001请求登录失败,账号不存在   09：26：47：9517
token=lin10001请求登录失败,账号不存在   09：26：48：1837
token=lin10001请求登录失败,账号不存在   09：26：48：3327
token=lin10001请求登录失败,账号不存在   09：26：48：4867
token=lihuyfh请求登录失败,账号不存在   09：29：56：2697
token=lihuyfh请求登录失败,账号不存在   09：29：56：9957
token=lihuyfh请求登录失败,账号不存在   09：29：57：1787
token=lihuyfh请求登录失败,账号不存在   09：29：57：3777
token=lihuyfh请求登录失败,账号不存在   09：29：57：5977
token=lihuyfh请求登录失败,账号不存在   09：29：57：7587
token=lihuyfh请求登录失败,账号不存在   09：29：58：9507
token=lihuyfh请求登录失败,账号不存在   09：29：59：4847
token=lihuyfh请求登录失败,账号不存在   09：29：59：6997
token=lihuyfh请求登录失败,账号不存在   09：29：59：8817
token=lihuyfh请求登录失败,账号不存在   09：30：00：0477
token=lihuyfh请求登录失败,账号不存在   09：30：00：4457
token=lihuyfh请求登录失败,账号不存在   09：30：00：5947
token=lihuyfh请求登录失败,账号不存在   09：30：01：5887
token=lihuyfh请求登录失败,账号不存在   09：30：01：9397
token=lihuyfh请求登录失败,账号不存在   09：30：02：1217
token=lihuyfh请求登录失败,账号不存在   09：30：02：3207
token=lihuyfh请求登录失败,账号不存在   09：30：02：5197
token=lihuyfh请求登录失败,账号不存在   09：30：02：9337
token=lihuyfh请求登录失败,账号不存在   09：30：03：0997
token=sgsdrfe请求登录失败,账号不存在   09：36：36：5517
token=sgsdrfe请求登录失败,账号不存在   09：36：38：7977
token=sgsdrfe请求登录失败,账号不存在   09：36：39：0347
token=sgsdrfe请求登录失败,账号不存在   09：36：39：2497
token=sgsdrfe请求登录失败,账号不存在   09：36：39：4487
token=sgsdrfe请求登录失败,账号不存在   09：36：39：6807
token=sgsdrfe请求登录失败,账号不存在   09：36：42：4977
token=sgsdrfe请求登录失败,账号不存在   09：36：42：7297
token=sgsdrfe请求登录失败,账号不存在   09：36：42：9447
token=sgsdrfe请求登录失败,账号不存在   09：36：43：1607
token=sgsdrfe请求登录失败,账号不存在   09：36：43：3757
token=sgsdrfe请求登录失败,账号不存在   09：36：43：5407
token=sgsdrfe请求登录失败,账号不存在   09：36：54：4757
token=sgsdrfe请求登录失败,账号不存在   09：36：55：7347
token=sgsdrfe请求登录失败,账号不存在   09：36：56：0497
token=sgsdrfe请求登录失败,账号不存在   09：36：56：2987
token=sgsdrfe请求登录失败,账号不存在   09：36：56：5137
token=sgsdrfe请求登录失败,账号不存在   09：36：56：7127
lin10001上线成功   09：37：29：6947
token=jhkjytggt请求登录失败,账号不存在   09：37：37：5127
token=jhkjytggt请求登录失败,账号不存在   09：37：38：3977
token=jhkjytggt请求登录失败,账号不存在   09：37：38：9117
token=jhkjytggt请求登录失败,账号不存在   09：37：39：0937
token=jhkjytggt请求登录失败,账号不存在   09：37：39：2757
token=jhkjytggt请求登录失败,账号不存在   09：37：39：4927
token=jhkjytggt请求登录失败,账号不存在   09：37：39：6897
token=jhkjytggt请求登录失败,账号不存在   09：37：39：8767
token=jhkjytggt请求登录失败,账号不存在   09：37：40：0977
token=jhkjytggt请求登录失败,账号不存在   09：37：40：3077
token=jhkjytggt请求登录失败,账号不存在   09：37：40：5387
token=jhkjytggt请求登录失败,账号不存在   09：37：40：7397
token=jhkjytggt请求登录失败,账号不存在   09：37：44：3677
token=jhkjytggt请求登录失败,账号不存在   09：37：44：9317
token=jhkjytggt请求登录失败,账号不存在   09：37：45：2297
token=jhkjytggt请求登录失败,账号不存在   09：37：45：4617
token=jhkjytggt请求登录失败,账号不存在   09：37：45：6937
lin10002上线成功   09：47：25：8497
lin10003已经在线   09：47：30：0347
lin10004已经在线   09：47：33：4307
lin10005已经在线   09：47：44：5977
token=liun10001请求登录失败,账号不存在   09：47：56：7467
token=liun10001请求登录失败,账号不存在   09：47：59：3707
token=liun10002请求登录失败,账号不存在   09：48：03：8067
token=liun10002请求登录失败,账号不存在   09：48：04：4617
token=liun10002请求登录失败,账号不存在   09：48：04：7267
token=liun10002请求登录失败,账号不存在   09：48：04：9417
token=liun10005请求登录失败,账号不存在   09：48：21：4347
token=liun10005请求登录失败,账号不存在   09：48：21：9647
token=liun10005请求登录失败,账号不存在   09：48：22：1467
token=liun10005请求登录失败,账号不存在   09：48：22：3367
token=liun10005请求登录失败,账号不存在   09：48：22：4987
token=liun10005请求登录失败,账号不存在   09：48：22：6817
token=liun10005请求登录失败,账号不存在   09：48：22：8467
token=liun10005请求登录失败,账号不存在   09：48：22：9957
lin10006已经在线   09：48：23：7547
lin10007已经在线   09：48：27：6177
token=liun10007请求登录失败,账号不存在   09：48：33：3077
token=liun10007请求登录失败,账号不存在   09：48：34：1247
token=liun10007请求登录失败,账号不存在   09：48：34：3077
token=liun10007请求登录失败,账号不存在   09：48：34：5057
token=liun10007请求登录失败,账号不存在   09：48：34：9207
token=liun10007请求登录失败,账号不存在   09：48：35：1197
token=liun10007请求登录失败,账号不存在   09：48：35：3017
token=liun10007请求登录失败,账号不存在   09：48：35：4667
token=liun10007请求登录失败,账号不存在   09：48：35：8147
token=liun10007请求登录失败,账号不存在   09：48：35：9637
token=liun10007请求登录失败,账号不存在   09：48：36：1457
token=liun10007请求登录失败,账号不存在   09：48：36：3287
token=liun10007请求登录失败,账号不存在   09：48：36：4947
token=liun10007请求登录失败,账号不存在   09：48：36：6597
token=liun10007请求登录失败,账号不存在   09：48：36：8587
token=liun10007请求登录失败,账号不存在   09：48：37：0297
token=liun10007请求登录失败,账号不存在   09：48：37：1927
token=liun10007请求登录失败,账号不存在   09：48：37：3917
token=liun10007请求登录失败,账号不存在   09：48：37：5917
token=liun10007请求登录失败,账号不存在   09：48：37：7397
token=liun10007请求登录失败,账号不存在   09：48：37：9217
token=liun10007请求登录失败,账号不存在   09：48：38：1037
token=liun10007请求登录失败,账号不存在   09：48：38：2697
token=liun10007请求登录失败,账号不存在   09：48：38：4357
token=liun10007请求登录失败,账号不存在   09：48：38：6007
token=liun10007请求登录失败,账号不存在   09：48：38：7837
token=liun10007请求登录失败,账号不存在   09：48：38：9657
token=liun10007请求登录失败,账号不存在   09：48：39：1147
token=liun10007请求登录失败,账号不存在   09：48：39：2637
token=liun10007请求登录失败,账号不存在   09：48：39：4297
token=liun10007请求登录失败,账号不存在   09：48：39：6287
token=liun10007请求登录失败,账号不存在   09：48：39：7607
token=liun10007请求登录失败,账号不存在   09：48：39：9767
token=liun10007请求登录失败,账号不存在   09：48：40：3737
token=liun10007请求登录失败,账号不存在   09：48：40：5397
lin10001上线成功   09：51：22：4697
lin10002已经在线   09：51：24：1217
lin10003已经在线   09：51：24：3377
lin10004已经在线   09：51：24：5527
lin10005已经在线   09：51：24：7577
lin10006已经在线   09：51：24：9237
lin10007已经在线   09：51：25：0887
lin10008已经在线   09：51：25：3667
lin10009已经在线   09：51：25：4867
lin10010已经在线   09：51：25：6857
lin10011已经在线   09：51：25：8677
lin10012已经在线   09：51：25：9837
lin10013已经在线   09：51：53：5067
lin10014已经在线   09：51：53：7387
lin10015已经在线   09：51：53：9377
lin10016已经在线   09：51：54：1197
lin10017已经在线   09：51：54：4347
lin10018已经在线   09：51：54：6517
lin10019已经在线   09：51：54：8317
lin10020已经在线   09：51：55：0307
lin10021已经在线   09：51：55：1797
lin10022已经在线   09：51：55：3617
lin10023已经在线   09：51：55：5607
lin10024已经在线   09：51：55：9747
token=lin10024请求登录失败,账号已经在线   09：52：10：9067
token=lin10024请求登录失败,账号已经在线   09：52：12：0637
token=lin10024请求登录失败,账号已经在线   09：52：12：2517
token=lin10024请求登录失败,账号已经在线   09：52：12：4337
token=lin10024请求登录失败,账号已经在线   09：52：12：5977
token=lin10024请求登录失败,账号已经在线   09：52：12：7637
token=lin10024请求登录失败,账号已经在线   09：52：12：9287
token=lin10024请求登录失败,账号已经在线   09：52：13：0947
token=lin10024请求登录失败,账号已经在线   09：52：13：2607
token=lin10024请求登录失败,账号已经在线   09：52：13：4267
token=lin10024请求登录失败,账号已经在线   09：52：13：7907
token=lin10024请求登录失败,账号已经在线   09：52：13：9727
token=lin10024请求登录失败,账号已经在线   09：52：14：1217
token=lin10024请求登录失败,账号已经在线   09：52：14：2877
token=lin10024请求登录失败,账号已经在线   09：52：14：4867
token=lin10024请求登录失败,账号已经在线   09：52：14：6187
token=lin10024请求登录失败,账号已经在线   09：52：14：7847
token=lin10024请求登录失败,账号已经在线   09：52：14：9837
token=lin10024请求登录失败,账号已经在线   09：52：15：3807
token=lin10024请求登录失败,账号已经在线   09：52：15：5797
token=lin10024请求登录失败,账号已经在线   09：52：15：7487
lin10025上线成功   09：52：40：9377
lin10026已经在线   09：52：44：1937
lin10027已经在线   09：52：45：9567
token=lin10027请求登录失败,账号已经在线   09：52：56：2627
token=lin10027请求登录失败,账号已经在线   09：52：57：3217
token=lin10027请求登录失败,账号已经在线   09：52：57：5207
token=lin10027请求登录失败,账号已经在线   09：52：57：7357
token=lin10027请求登录失败,账号已经在线   09：52：58：0837
token=lin10027请求登录失败,账号已经在线   09：52：58：3657
token=lin10027请求登录失败,账号已经在线   09：52：58：6157
token=lin10027请求登录失败,账号已经在线   09：52：58：7967
token=lin10027请求登录失败,账号已经在线   09：52：58：9617
token=lin10027请求登录失败,账号已经在线   09：52：59：1437
token=lin10027请求登录失败,账号已经在线   09：52：59：2927
token=lin10027请求登录失败,账号已经在线   09：52：59：4587
token=lin10027请求登录失败,账号已经在线   09：52：59：6407
token=lin10027请求登录失败,账号已经在线   09：52：59：8237
token=lin10027请求登录失败,账号已经在线   09：52：59：9887
token=lin10027请求登录失败,账号已经在线   09：53：00：1547
token=hbfghjt请求登录失败,账号不存在   09：53：02：6167
token=hbfghjt请求登录失败,账号不存在   09：53：03：0647
token=hbfghjt请求登录失败,账号不存在   09：53：03：2297
token=hbfghjt请求登录失败,账号不存在   09：53：03：4127
token=hbfghjt请求登录失败,账号不存在   09：53：03：7767
token=hbfghjt请求登录失败,账号不存在   09：53：04：0917
lin10001上线成功   05：09：12：4987
127.0.0.1:8816获取用户信息   05：09：12：5517
lin10002已经在线   05：09：14：1217
127.0.0.1:8816获取用户信息   05：09：14：1307
lin10003已经在线   05：09：15：9647
127.0.0.1:8816获取用户信息   05：09：15：9737
lin10004已经在线   05：09：21：9757
127.0.0.1:8816获取用户信息   05：09：21：9847
lin10005已经在线   05：09：40：5657
127.0.0.1:8816获取用户信息   05：09：40：5757
lin10006已经在线   05：09：45：1107
127.0.0.1:8816获取用户信息   05：09：45：1207
lin10007已经在线   05：09：53：0527
127.0.0.1:8816获取用户信息   05：09：53：0617
lin10008已经在线   05：09：59：4767
127.0.0.1:8816获取用户信息   05：09：59：4857
lin10009已经在线   05：10：05：3277
127.0.0.1:8816获取用户信息   05：10：05：3367
lin10010已经在线   05：10：12：4567
127.0.0.1:8816获取用户信息   05：10：12：4657
lin10011已经在线   05：10：12：7437
127.0.0.1:8816获取用户信息   05：10：12：7527
lin10012已经在线   05：10：12：9287
127.0.0.1:8816获取用户信息   05：10：12：9377
lin10013已经在线   05：10：13：1467
127.0.0.1:8816获取用户信息   05：10：13：1577
lin10014已经在线   05：10：13：3427
127.0.0.1:8816获取用户信息   05：10：13：3507
lin10015已经在线   05：10：13：4927
127.0.0.1:8816获取用户信息   05：10：13：5017
lin10016已经在线   05：10：13：8767
127.0.0.1:8816获取用户信息   05：10：13：8857
lin10017已经在线   05：10：14：0627
127.0.0.1:8816获取用户信息   05：10：14：0717
lin10018已经在线   05：10：14：2637
127.0.0.1:8816获取用户信息   05：10：14：2727
lin10019已经在线   05：10：14：4817
127.0.0.1:8816获取用户信息   05：10：14：5157
lin10020已经在线   05：10：15：8117
127.0.0.1:8816获取用户信息   05：10：15：8207
lin10021已经在线   05：10：16：0977
127.0.0.1:8816获取用户信息   05：10：16：1067
lin10022已经在线   05：10：16：3567
127.0.0.1:8816获取用户信息   05：10：16：3657
lin10023已经在线   05：10：16：7627
127.0.0.1:8816获取用户信息   05：10：16：7707
lin10024已经在线   05：10：16：9627
127.0.0.1:8816获取用户信息   05：10：16：9717
lin10025已经在线   05：10：17：1487
127.0.0.1:8816获取用户信息   05：10：17：1587
lin10026已经在线   05：10：17：3687
127.0.0.1:8816获取用户信息   05：10：17：4177
lin10027已经在线   05：10：17：5907
127.0.0.1:8816获取用户信息   05：10：17：5987
lin10028已经在线   05：10：17：8107
127.0.0.1:8816获取用户信息   05：10：17：8187
lin10029已经在线   05：10：18：4707
127.0.0.1:8816获取用户信息   05：10：18：4787
lin10030已经在线   05：10：18：7567
127.0.0.1:8816获取用户信息   05：10：18：7657
lin10031已经在线   05：10：19：0247
127.0.0.1:8816获取用户信息   05：10：19：0337
lin10032已经在线   05：10：24：4767
127.0.0.1:8816获取用户信息   05：10：24：4857
lin10001上线成功   05：11：57：6417
127.0.0.1:8906获取用户信息   05：11：57：6827
lin10002已经在线   05：12：02：6537
127.0.0.1:8906获取用户信息   05：12：02：6627
lin10003已经在线   05：12：06：0607
127.0.0.1:8906获取用户信息   05：12：06：0697
lin10004已经在线   05：12：07：1817
127.0.0.1:8906获取用户信息   05：12：07：1907
lin10005已经在线   05：12：07：4157
127.0.0.1:8906获取用户信息   05：12：07：4277
lin10006已经在线   05：12：07：6827
127.0.0.1:8906获取用户信息   05：12：07：6917
lin10007已经在线   05：12：07：9027
127.0.0.1:8906获取用户信息   05：12：07：9107
lin10008已经在线   05：12：09：4577
127.0.0.1:8906获取用户信息   05：12：09：4657
lin10009已经在线   05：12：10：3867
127.0.0.1:8906获取用户信息   05：12：10：3957
lin10010已经在线   05：12：11：5987
127.0.0.1:8906获取用户信息   05：12：11：6317
lin10011已经在线   05：12：12：7207
127.0.0.1:8906获取用户信息   05：12：12：7307
lin10012已经在线   05：12：16：4287
127.0.0.1:8906获取用户信息   05：12：16：4377
lin10013已经在线   05：14：38：6007
127.0.0.1:8906获取用户信息   05：14：38：6097
lin10014已经在线   05：14：38：9897
127.0.0.1:8906获取用户信息   05：14：38：9977
lin10015已经在线   05：14：39：2437
127.0.0.1:8906获取用户信息   05：14：39：2527
lin10016已经在线   05：14：39：8497
127.0.0.1:8906获取用户信息   05：14：39：8577
