用户请求快速注册消息到达   11：18：29：3272
ip=127.0.0.1:40638请求快速注册   11：18：29：3272
快速注册成功，账号=lin10001昵称=游客10001   11：18：29：3322
1获取用户信息，成功类   11：18：29：3762
1请求创建匹配对列成功，对列号为：928186   11：18：36：0522
1请求开始匹配成功，创建一个匹配对列   11：18：36：0532
1请求离开匹配对列成功，移除匹配对列928186   11：18：41：1232
1请求创建匹配对列成功，对列号为：949474   11：18：43：8312
1请求开始匹配成功，创建一个匹配对列   11：18：43：8322
1请求离开匹配对列成功，移除匹配对列949474   11：18：46：8912
1请求创建匹配对列成功，对列号为：424185   11：18：51：3162
1请求开始匹配成功，创建一个匹配对列   11：18：51：3172
用户请求快速注册消息到达   05：13：25：9322
ip=127.0.0.1:29826请求快速注册   05：13：25：9322
快速注册成功，账号=lin10001昵称=游客10001   05：13：25：9352
用户请求快速注册消息到达   05：13：34：6262
ip=127.0.0.1:29826请求快速注册   05：13：34：6262
快速注册成功，账号=lin10002昵称=游客10002   05：13：34：6262
用户请求快速注册消息到达   05：16：51：8322
ip=127.0.0.1:29980请求快速注册   05：16：51：8322
快速注册成功，账号=lin10001昵称=游客10001   05：16：51：8352
1获取用户信息，成功类   05：16：51：8892
1请求创建匹配对列成功，对列号为：668679   05：17：00：6852
1请求开始匹配成功，创建一个匹配对列   05：17：00：6862
1请求离开匹配对列成功，移除匹配对列668679   05：17：22：8272
用户请求快速注册消息到达   05：21：31：6822
ip=127.0.0.1:30139请求快速注册   05：21：31：6822
快速注册成功，账号=lin10001昵称=游客10001   05：21：31：6852
1获取用户信息，成功类   05：21：31：7362
1请求创建匹配对列成功，对列号为：621016   05：21：37：2032
1请求开始匹配成功，创建一个匹配对列   05：21：37：2042
用户退出客户端主动断开连接   05：24：01：0392
1请求离开匹配对列成功，移除匹配对列621016   05：24：01：0412
1玩家下线了   05：24：01：0422
用户请求快速注册消息到达   05：24：32：4692
ip=127.0.0.1:30235请求快速注册   05：24：32：4692
快速注册成功，账号=lin10001昵称=游客10001   05：24：32：4722
1获取用户信息，成功类   05：24：32：5172
1请求创建匹配对列成功，对列号为：239789   05：24：37：8052
1请求开始匹配成功，创建一个匹配对列   05：24：37：8062
用户退出客户端主动断开连接   05：29：48：7592
1请求离开匹配对列成功，移除匹配对列239789   05：29：48：7612
1玩家下线了   05：29：48：7612
用户请求快速注册消息到达   05：30：14：3752
ip=127.0.0.1:30409请求快速注册   05：30：14：3752
快速注册成功，账号=lin10002昵称=游客10002   05：30：14：3752
2获取用户信息，成功类   05：30：14：4122
2请求创建匹配对列成功，对列号为：385229   05：30：27：3592
2请求开始匹配成功，创建一个匹配对列   05：30：27：3602
用户请求快速注册消息到达   05：40：26：3232
ip=127.0.0.1:30741请求快速注册   05：40：26：3242
快速注册成功，账号=lin10001昵称=游客10001   05：40：26：3272
1获取用户信息，成功类   05：40：26：3682
1请求创建匹配对列成功，对列号为：627641   05：40：31：5842
1请求开始匹配成功，创建一个匹配对列   05：40：31：5852
用户退出客户端主动断开连接   05：40：54：1902
1请求离开匹配对列成功，移除匹配对列627641   05：40：54：1922
1玩家下线了   05：40：54：1922
用户请求快速注册消息到达   05：41：08：9352
ip=127.0.0.1:30766请求快速注册   05：41：08：9352
快速注册成功，账号=lin10002昵称=游客10002   05：41：08：9352
2获取用户信息，成功类   05：41：08：9702
用户退出客户端主动断开连接   05：41：15：0582
2请求离开匹配对列失败，当前没有匹配对列   05：41：15：0592
2玩家下线了   05：41：15：0592
用户请求快速注册消息到达   05：41：31：3952
ip=127.0.0.1:30779请求快速注册   05：41：31：3952
快速注册成功，账号=lin10003昵称=游客10003   05：41：31：3952
3获取用户信息，成功类   05：41：31：4312
3请求创建匹配对列成功，对列号为：709237   05：41：39：0382
3请求开始匹配成功，创建一个匹配对列   05：41：39：0392
