用户请求快速注册消息到达   03：40：56：5171
ip=127.0.0.1:60550请求快速注册   03：40：56：5181
快速注册成功，账号=lin10001昵称=游客10001   03：40：56：5201
1获取用户信息，成功类   03：40：56：5891
1请求创建匹配对列成功，对列号为：432386   03：40：59：8521
1请求开始匹配成功，创建一个匹配对列   03：40：59：8531
用户请求快速注册消息到达   03：41：44：6391
ip=127.0.0.1:60567请求快速注册   03：41：44：6391
快速注册成功，账号=lin10002昵称=游客10002   03：41：44：6391
2获取用户信息，成功类   03：41：44：7001
2请求加入匹配对列成功，对列号为：432386   03：41：47：7821
432386对列当前匹配成功   03：41：47：7831
2请求开始匹配成功，创建一个匹配对列   03：41：47：7831
432386房间初始化成功   03：41：49：8011
432386房间_1_2_创建成功   03：41：49：8011
2玩家准备成功   03：41：50：8711
请求下注-1   03：42：05：9161
请求错误，没有此玩家   03：42：05：9161
1玩家准备成功   03：42：09：4561
432386房间全部准备，游戏即将开始   03：42：09：4561
432386赢三张房间游戏开始   03：42：09：4581
玩家手牌：1:V7C1V2C3V12C2   03：42：09：4581
玩家手牌：2:V11C1V1C2V5C4   03：42：09：4591
请求下注-1   03：42：10：6231
1下注1房间号432386是否看牌:False   03：42：10：6241
请求下注-1   03：42：11：4231
1请求错误，当前不是此玩家   03：42：11：4231
用户退出客户端主动断开连接   03：42：12：7921
1请求离开匹配对列成功，移除匹配   03：42：12：7961
1玩家下线了   03：42：12：7971
用户请求快速注册消息到达   03：46：45：7311
ip=127.0.0.1:60736请求快速注册   03：46：45：7311
快速注册成功，账号=lin10001昵称=游客10001   03：46：45：7341
1获取用户信息，成功类   03：46：45：7801
1请求创建匹配对列成功，对列号为：798045   03：46：49：1491
1请求开始匹配成功，创建一个匹配对列   03：46：49：1501
用户请求快速注册消息到达   03：47：55：0161
ip=127.0.0.1:60756请求快速注册   03：47：55：0161
快速注册成功，账号=lin10002昵称=游客10002   03：47：55：0161
2获取用户信息，成功类   03：47：55：0621
2请求加入匹配对列成功，对列号为：798045   03：47：59：2171
798045对列当前匹配成功   03：47：59：2181
2请求开始匹配成功，创建一个匹配对列   03：47：59：2181
798045房间初始化成功   03：48：01：2301
798045房间_1_2_创建成功   03：48：01：2301
2玩家准备成功   03：48：02：2931
1玩家准备成功   03：48：15：0221
798045房间全部准备，游戏即将开始   03：48：15：0221
798045赢三张房间游戏开始   03：48：15：0241
玩家手牌：1:V10C4V8C3V9C3   03：48：15：0241
玩家手牌：2:V12C2V13C2V10C2   03：48：15：0251
用户退出客户端主动断开连接   03：54：26：3891
1请求离开匹配对列成功，移除匹配   03：54：26：3931
1玩家下线了   03：54：26：4351
用户请求快速注册消息到达   03：57：50：8341
ip=127.0.0.1:61100请求快速注册   03：57：50：8351
快速注册成功，账号=lin10001昵称=游客10001   03：57：50：8371
1获取用户信息，成功类   03：57：50：8891
1请求创建匹配对列成功，对列号为：401708   03：57：55：5211
1请求开始匹配成功，创建一个匹配对列   03：57：55：5221
用户请求快速注册消息到达   03：59：08：8111
ip=127.0.0.1:61097请求快速注册   03：59：08：8111
快速注册成功，账号=lin10002昵称=游客10002   03：59：08：8111
2获取用户信息，成功类   03：59：08：8501
2请求加入匹配对列成功，对列号为：401708   03：59：24：5491
401708对列当前匹配成功   03：59：24：5501
2请求开始匹配成功，创建一个匹配对列   03：59：24：5501
401708房间初始化成功   03：59：26：5851
401708房间_1_2_创建成功   03：59：26：5851
2玩家准备成功   03：59：27：6131
1玩家准备成功   03：59：33：1341
401708房间全部准备，游戏即将开始   03：59：33：1341
401708赢三张房间游戏开始   03：59：33：1371
玩家手牌：1:V9C4V8C4V7C3   03：59：33：1381
玩家手牌：2:V10C3V8C3V7C4   03：59：33：1381
用户退出客户端主动断开连接   04：10：14：3541
1请求离开匹配对列成功，移除匹配   04：10：14：3601
1玩家下线了   04：10：14：3611
用户请求快速注册消息到达   04：11：50：0921
ip=127.0.0.1:61576请求快速注册   04：11：50：0921
快速注册成功，账号=lin10001昵称=游客10001   04：11：50：0951
1获取用户信息，成功类   04：11：50：1501
1请求创建匹配对列成功，对列号为：160750   04：11：58：0621
1请求开始匹配成功，创建一个匹配对列   04：11：58：0641
用户请求快速注册消息到达   04：12：26：7301
ip=127.0.0.1:61600请求快速注册   04：12：26：7301
快速注册成功，账号=lin10002昵称=游客10002   04：12：26：7301
2获取用户信息，成功类   04：12：26：7671
2请求加入匹配对列成功，对列号为：160750   04：12：29：8891
160750对列当前匹配成功   04：12：29：8891
2请求开始匹配成功，创建一个匹配对列   04：12：29：8891
160750房间初始化成功   04：12：31：9001
160750房间_1_2_创建成功   04：12：31：9001
2玩家准备成功   04：12：32：9481
1玩家准备成功   04：12：36：2481
160750房间全部准备，游戏即将开始   04：12：36：2481
160750赢三张房间游戏开始   04：12：36：2501
玩家手牌：1:V10C1V4C1V6C3   04：12：36：2521
玩家手牌：2:V5C1V1C1V7C3   04：12：36：2521
用户退出客户端主动断开连接   04：14：00：7281
1请求离开匹配对列成功，移除匹配   04：14：00：7301
1玩家下线了   04：14：00：7311
用户退出客户端主动断开连接   04：14：06：6081
2请求离开匹配对列成功，移除匹配对列160750   04：14：06：6091
2玩家下线了   04：14：06：6091
用户请求快速注册消息到达   04：14：50：6781
ip=127.0.0.1:61684请求快速注册   04：14：50：6791
快速注册成功，账号=lin10001昵称=游客10001   04：14：50：6821
1获取用户信息，成功类   04：14：50：7341
用户请求快速注册消息到达   04：15：20：6371
ip=127.0.0.1:61701请求快速注册   04：15：20：6371
快速注册成功，账号=lin10002昵称=游客10002   04：15：20：6371
2获取用户信息，成功类   04：15：20：6751
2请求创建匹配对列成功，对列号为：567743   04：15：26：1791
2请求开始匹配成功，创建一个匹配对列   04：15：26：1801
1请求加入匹配对列成功，对列号为：567743   04：15：35：3651
567743对列当前匹配成功   04：15：35：3661
1请求开始匹配成功，创建一个匹配对列   04：15：35：3661
567743房间初始化成功   04：15：37：3841
567743房间_2_1_创建成功   04：15：37：3841
1玩家准备成功   04：15：38：4441
2玩家准备成功   04：15：45：1211
567743房间全部准备，游戏即将开始   04：15：45：1211
567743赢三张房间游戏开始   04：15：45：1221
玩家手牌：2:V7C2V7C4V8C1   04：15：45：1231
玩家手牌：1:V13C1V6C4V5C2   04：15：45：1241
请求下注-1   04：15：58：8841
2下注1房间号567743是否看牌:False   04：15：58：8871
请求下注-1   04：16：10：1501
2请求错误，当前不是此玩家   04：16：10：1501
请求下注2   04：16：17：6671
1下注2房间号567743是否看牌:False   04：16：17：6671
请求下注-1   04：16：20：2991
2下注2房间号567743是否看牌:False   04：16：20：2991
用户退出客户端主动断开连接   04：36：21：5541
1请求离开匹配对列成功，移除匹配   04：36：21：5571
1玩家下线了   04：36：21：5581
用户请求快速注册消息到达   04：37：37：0521
ip=127.0.0.1:62902请求快速注册   04：37：37：0531
快速注册成功，账号=lin10001昵称=游客10001   04：37：37：0551
1获取用户信息，成功类   04：37：37：0971
1请求创建匹配对列成功，对列号为：895406   04：37：40：3491
1请求开始匹配成功，创建一个匹配对列   04：37：40：3501
用户请求快速注册消息到达   04：38：08：4951
ip=127.0.0.1:62919请求快速注册   04：38：08：4951
快速注册成功，账号=lin10002昵称=游客10002   04：38：08：4951
2获取用户信息，成功类   04：38：08：5441
2请求加入匹配对列成功，对列号为：895406   04：38：11：7271
895406对列当前匹配成功   04：38：11：7271
2请求开始匹配成功，创建一个匹配对列   04：38：11：7271
895406房间初始化成功   04：38：13：7471
895406房间_1_2_创建成功   04：38：13：7471
2玩家准备成功   04：38：14：8241
1玩家准备成功   04：38：19：0181
895406房间全部准备，游戏即将开始   04：38：19：0181
895406赢三张房间游戏开始   04：38：19：0201
玩家手牌：1:V11C3V4C4V1C2   04：38：19：0221
玩家手牌：2:V12C4V10C2V2C1   04：38：19：0231
请求下注-1   04：38：24：6201
1下注1房间号895406是否看牌:False   04：38：24：6221
请求下注2   04：38：28：2971
2下注2房间号895406是否看牌:False   04：38：28：2981
请求下注-1   04：38：37：6671
1下注2房间号895406是否看牌:False   04：38：37：6681
1请求看牌成功,房间号：895406   04：38：39：3181
2请求看牌成功,房间号：895406   04：38：45：2381
1请求弃牌成功   04：40：26：8181
895406赢三张房间游戏结束   04：40：26：8181
用户退出客户端主动断开连接   04：40：45：5731
1请求离开匹配对列成功，移除匹配   04：40：45：5761
1玩家下线了   04：40：45：5761
用户请求快速注册消息到达   04：41：19：5141
ip=127.0.0.1:63023请求快速注册   04：41：19：5151
快速注册成功，账号=lin10001昵称=游客10001   04：41：19：5181
1获取用户信息，成功类   04：41：19：5731
1请求创建匹配对列成功，对列号为：245909   04：41：22：7321
1请求开始匹配成功，创建一个匹配对列   04：41：22：7331
用户请求快速注册消息到达   04：41：53：3161
ip=127.0.0.1:63043请求快速注册   04：41：53：3161
快速注册成功，账号=lin10002昵称=游客10002   04：41：53：3161
2获取用户信息，成功类   04：41：53：3471
2请求加入匹配对列成功，对列号为：245909   04：41：56：2801
245909对列当前匹配成功   04：41：56：2801
2请求开始匹配成功，创建一个匹配对列   04：41：56：2801
245909房间初始化成功   04：41：58：3091
245909房间_1_2_创建成功   04：41：58：3091
2玩家准备成功   04：41：59：3611
1玩家准备成功   04：42：04：8881
245909房间全部准备，游戏即将开始   04：42：04：8881
245909赢三张房间游戏开始   04：42：04：9301
玩家手牌：1:V9C2V5C4V4C4   04：42：04：9301
玩家手牌：2:V10C3V2C3V9C4   04：42：04：9311
请求下注-1   04：42：11：6921
2请求错误，当前不是此玩家   04：42：11：6931
请求下注-1   04：42：16：8081
1下注1房间号245909是否看牌:False   04：42：16：8101
请求下注2   04：42：21：2401
2下注2房间号245909是否看牌:False   04：42：21：2411
请求下注40   04：42：25：7511
1请求下注失败，当前可下注金额最大为：20   04：42：25：7511
请求下注20   04：42：27：1561
1下注20房间号245909是否看牌:False   04：42：27：1571
2请求看牌成功,房间号：245909   04：43：40：2351
1请求看牌成功,房间号：245909   04：44：03：0591
用户退出客户端主动断开连接   04：44：05：0321
2请求离开匹配对列成功，移除匹配   04：44：05：0371
2玩家下线了   04：44：05：0601
用户请求快速注册消息到达   04：53：16：5371
ip=127.0.0.1:63404请求快速注册   04：53：16：5371
快速注册成功，账号=lin10001昵称=游客10001   04：53：16：5401
1获取用户信息，成功类   04：53：16：5821
1请求创建匹配对列成功，对列号为：951955   04：53：19：9081
1请求开始匹配成功，创建一个匹配对列   04：53：19：9091
用户退出客户端主动断开连接   04：53：56：6971
1请求离开匹配对列成功，移除匹配对列951955   04：53：56：7001
1玩家下线了   04：53：56：7001
用户请求快速注册消息到达   04：54：23：9971
ip=127.0.0.1:63443请求快速注册   04：54：23：9971
快速注册成功，账号=lin10002昵称=游客10002   04：54：23：9971
2获取用户信息，成功类   04：54：24：0241
2请求创建匹配对列成功，对列号为：652300   04：54：27：3341
2请求开始匹配成功，创建一个匹配对列   04：54：27：3341
用户请求快速注册消息到达   04：54：45：4761
ip=127.0.0.1:63457请求快速注册   04：54：45：4761
快速注册成功，账号=lin10003昵称=游客10003   04：54：45：4761
3获取用户信息，成功类   04：54：45：5191
3请求加入匹配对列成功，对列号为：652300   04：54：49：2471
652300对列当前匹配成功   04：54：49：2481
3请求开始匹配成功，创建一个匹配对列   04：54：49：2481
652300房间初始化成功   04：54：51：2631
652300房间_2_3_创建成功   04：54：51：2631
3玩家准备成功   04：54：52：7291
2玩家准备成功   04：54：56：3131
652300房间全部准备，游戏即将开始   04：54：56：3131
652300赢三张房间游戏开始   04：54：56：3141
玩家手牌：2:V2C1V12C2V11C1   04：54：56：3151
玩家手牌：3:V11C4V8C2V4C1   04：54：56：3161
请求下注-1   04：55：04：5111
2下注1房间号652300是否看牌:False   04：55：04：5131
请求下注10   04：55：08：5591
3下注10房间号652300是否看牌:False   04：55：08：5601
请求下注-1   04：55：13：8921
2下注10房间号652300是否看牌:False   04：55：13：8931
用户退出客户端主动断开连接   04：58：50：9701
3请求离开匹配对列成功，移除匹配   04：58：50：9721
3玩家下线了   04：58：50：9721
