用户请求快速注册消息到达   08：59：54：8174
ip=127.0.0.1:1219请求快速注册   08：59：54：8174
快速注册成功，账号=lin10001昵称=游客10001   08：59：54：8204
1获取用户信息，成功类   08：59：54：8664
1请求创建匹配对列成功，对列号为：577977   09：00：00：1154
1请求开始匹配成功，创建一个匹配对列   09：00：00：1164
用户退出客户端主动断开连接   09：03：33：5924
1请求离开匹配对列成功，移除匹配对列577977   09：03：33：5944
1玩家下线了   09：03：33：5954
用户请求快速注册消息到达   09：04：15：3764
ip=127.0.0.1:1431请求快速注册   09：04：15：3774
快速注册成功，账号=lin10001昵称=游客10001   09：04：15：3804
1获取用户信息，成功类   09：04：15：4154
1请求创建匹配对列成功，对列号为：383540   09：04：19：8994
1请求开始匹配成功，创建一个匹配对列   09：04：19：9004
用户请求快速注册消息到达   09：04：54：7264
ip=127.0.0.1:1457请求快速注册   09：04：54：7264
快速注册成功，账号=lin10002昵称=游客10002   09：04：54：7264
2获取用户信息，成功类   09：04：54：7614
2请求加入匹配对列成功，对列号为：System.Collections.Generic.List`1[System.Int32]   09：04：58：8614
383540对列当前匹配成功   09：04：58：8614
2请求开始匹配成功，创建一个匹配对列   09：04：58：8624
用户退出客户端主动断开连接   09：05：50：8624
1请求离开匹配对列成功，移除匹配   09：05：50：8644
1玩家下线了   09：05：50：8654
用户退出客户端主动断开连接   09：05：54：9034
2请求离开匹配对列成功，移除匹配对列383540   09：05：54：9044
2玩家下线了   09：05：54：9044
用户请求快速注册消息到达   09：07：12：5804
ip=127.0.0.1:1568请求快速注册   09：07：12：5814
快速注册成功，账号=lin10001昵称=游客10001   09：07：12：5834
1获取用户信息，成功类   09：07：12：6374
1请求创建匹配对列成功，对列号为：676008   09：07：16：3504
1请求开始匹配成功，创建一个匹配对列   09：07：16：3514
用户退出客户端主动断开连接   09：07：21：3064
1请求离开匹配对列成功，移除匹配对列676008   09：07：21：3084
1玩家下线了   09：07：21：3094
用户请求快速注册消息到达   09：07：36：1734
ip=127.0.0.1:1584请求快速注册   09：07：36：1734
快速注册成功，账号=lin10002昵称=游客10002   09：07：36：1734
2获取用户信息，成功类   09：07：36：2094
2请求创建匹配对列成功，对列号为：779214   09：07：41：3594
2请求开始匹配成功，创建一个匹配对列   09：07：41：3604
用户请求快速注册消息到达   09：20：06：7004
ip=127.0.0.1:1994请求快速注册   09：20：06：7004
快速注册成功，账号=lin10001昵称=游客10001   09：20：06：7034
1获取用户信息，成功类   09：20：06：7404
用户请求快速注册消息到达   09：29：01：4284
ip=127.0.0.1:2288请求快速注册   09：29：01：4284
快速注册成功，账号=lin10001昵称=游客10001   09：29：01：4314
1获取用户信息，成功类   09：29：01：4754
1请求创建匹配对列成功，对列号为：787275   09：29：05：1284
1请求开始匹配成功，创建一个匹配对列   09：29：05：1294
用户请求快速注册消息到达   09：29：36：7364
ip=127.0.0.1:2310请求快速注册   09：29：36：7364
快速注册成功，账号=lin10002昵称=游客10002   09：29：36：7364
2获取用户信息，成功类   09：29：36：7744
2请求加入匹配对列成功，对列号为：System.Collections.Generic.List`1[System.Int32]   09：29：40：1884
787275对列当前匹配成功   09：29：40：1894
2请求开始匹配成功，创建一个匹配对列   09：29：40：1904
用户退出客户端主动断开连接   09：31：47：6764
2请求离开匹配对列成功，移除匹配   09：31：47：6804
2玩家下线了   09：31：47：6804
用户退出客户端主动断开连接   09：31：51：1834
1请求离开匹配对列成功，移除匹配对列787275   09：31：51：1854
1玩家下线了   09：31：51：1854
用户请求快速注册消息到达   09：43：41：3814
ip=127.0.0.1:2843请求快速注册   09：43：41：3814
快速注册成功，账号=lin10001昵称=游客10001   09：43：41：3844
1获取用户信息，成功类   09：43：41：4244
1请求创建匹配对列成功，对列号为：676575   09：43：46：9274
1请求开始匹配成功，创建一个匹配对列   09：43：46：9294
用户请求快速注册消息到达   09：44：18：9654
ip=127.0.0.1:2865请求快速注册   09：44：18：9654
快速注册成功，账号=lin10002昵称=游客10002   09：44：18：9654
2获取用户信息，成功类   09：44：19：0034
2请求加入匹配对列成功，对列号为：System.Collections.Generic.List`1[System.Int32]   09：44：22：2694
676575对列当前匹配成功   09：44：22：2704
2请求开始匹配成功，创建一个匹配对列   09：44：22：2724
用户退出客户端主动断开连接   09：46：24：1544
2请求离开匹配对列成功，移除匹配   09：46：24：1554
2玩家下线了   09：46：24：1564
用户退出客户端主动断开连接   09：46：27：1164
1请求离开匹配对列成功，移除匹配对列676575   09：46：27：1174
1玩家下线了   09：46：27：1174
用户请求快速注册消息到达   09：52：50：5964
ip=127.0.0.1:3134请求快速注册   09：52：50：5964
快速注册成功，账号=lin10001昵称=游客10001   09：52：50：5994
1获取用户信息，成功类   09：52：50：6654
1请求创建匹配对列成功，对列号为：619930   09：52：55：6584
1请求开始匹配成功，创建一个匹配对列   09：52：55：6594
用户退出客户端主动断开连接   09：52：59：3744
1请求离开匹配对列成功，移除匹配对列619930   09：52：59：3764
1玩家下线了   09：52：59：3764
用户请求快速注册消息到达   10：34：15：4654
ip=127.0.0.1:4467请求快速注册   10：34：15：4654
快速注册成功，账号=lin10001昵称=游客10001   10：34：15：4684
1获取用户信息，成功类   10：34：15：5074
1请求创建匹配对列成功，对列号为：467595   10：34：19：1604
1请求开始匹配成功，创建一个匹配对列   10：34：19：1614
用户请求快速注册消息到达   10：34：21：3014
ip=127.0.0.1:4462请求快速注册   10：34：21：3014
快速注册成功，账号=lin10002昵称=游客10002   10：34：21：3014
2获取用户信息，成功类   10：34：21：3414
2请求加入匹配对列成功，对列号为：System.Collections.Generic.List`1[System.Int32]   10：34：25：7394
467595对列当前匹配成功   10：34：25：7404
2请求开始匹配成功，创建一个匹配对列   10：34：25：7404
用户退出客户端主动断开连接   10：34：50：4264
2请求离开匹配对列成功，移除匹配   10：34：50：4304
2玩家下线了   10：34：50：4314
1请求离开匹配对列成功，移除匹配对列467595   10：34：55：2164
用户退出客户端主动断开连接   10：35：08：3874
1请求离开匹配对列失败，当前没有匹配对列   10：35：08：3914
1玩家下线了   10：35：08：3914
用户请求快速注册消息到达   10：42：02：7884
ip=127.0.0.1:4714请求快速注册   10：42：02：7884
快速注册成功，账号=lin10001昵称=游客10001   10：42：02：7914
1获取用户信息，成功类   10：42：02：8334
1请求创建匹配对列成功，对列号为：482687   10：42：06：2514
1请求开始匹配成功，创建一个匹配对列   10：42：06：2524
用户请求快速注册消息到达   10：42：17：8904
ip=127.0.0.1:4720请求快速注册   10：42：17：8904
快速注册成功，账号=lin10002昵称=游客10002   10：42：17：8904
2获取用户信息，成功类   10：42：17：9304
2请求加入匹配对列成功，对列号为：System.Collections.Generic.List`1[System.Int32]   10：42：20：8464
482687对列当前匹配成功   10：42：20：8464
2请求开始匹配成功，创建一个匹配对列   10：42：20：8464
2请求离开匹配对列成功，移除匹配   10：43：09：3394
用户退出客户端主动断开连接   10：43：10：8864
2请求离开匹配对列失败，当前没有匹配对列   10：43：10：8904
2玩家下线了   10：43：10：8904
用户退出客户端主动断开连接   10：43：12：8214
1请求离开匹配对列成功，移除匹配对列482687   10：43：12：8234
1玩家下线了   10：43：12：8234
用户请求快速注册消息到达   11：06：36：0474
ip=127.0.0.1:5497请求快速注册   11：06：36：0484
快速注册成功，账号=lin10001昵称=游客10001   11：06：36：0514
1获取用户信息，成功类   11：06：36：0934
1请求创建匹配对列成功，对列号为：743990   11：06：39：8954
1请求开始匹配成功，创建一个匹配对列   11：06：39：8964
用户请求快速注册消息到达   11：06：51：7014
ip=127.0.0.1:5493请求快速注册   11：06：51：7014
快速注册成功，账号=lin10002昵称=游客10002   11：06：51：7014
2获取用户信息，成功类   11：06：51：7404
2请求加入匹配对列成功，对列号为：System.Collections.Generic.List`1[System.Int32]   11：06：55：1054
743990对列当前匹配成功   11：06：55：1054
2请求开始匹配成功，创建一个匹配对列   11：06：55：1054
用户请求快速注册消息到达   01：22：27：2184
ip=127.0.0.1:9766请求快速注册   01：22：27：2184
快速注册成功，账号=lin10001昵称=游客10001   01：22：27：2214
1获取用户信息，成功类   01：22：27：2534
1请求创建匹配对列成功，对列号为：508355   01：22：30：6224
1请求开始匹配成功，创建一个匹配对列   01：22：30：6234
用户请求快速注册消息到达   01：23：06：9774
ip=127.0.0.1:9785请求快速注册   01：23：06：9774
快速注册成功，账号=lin10002昵称=游客10002   01：23：06：9774
2获取用户信息，成功类   01：23：07：0154
2请求加入匹配对列成功，对列号为：System.Collections.Generic.List`1[System.Int32]   01：23：17：9984
508355对列当前匹配成功   01：23：17：9994
2请求开始匹配成功，创建一个匹配对列   01：23：17：9994
用户退出客户端主动断开连接   01：24：58：2774
1请求离开匹配对列成功，移除匹配   01：24：58：2794
1玩家下线了   01：24：58：2824
用户退出客户端主动断开连接   01：25：00：6564
2请求离开匹配对列成功，移除匹配对列508355   01：25：00：6574
2玩家下线了   01：25：00：6574
用户请求快速注册消息到达   01：38：14：2474
ip=127.0.0.1:10276请求快速注册   01：38：14：2484
快速注册成功，账号=lin10001昵称=游客10001   01：38：14：2514
1获取用户信息，成功类   01：38：14：3254
1请求创建匹配对列成功，对列号为：396435   01：38：17：8984
1请求开始匹配成功，创建一个匹配对列   01：38：17：8994
用户请求快速注册消息到达   01：39：16：8874
ip=127.0.0.1:10272请求快速注册   01：39：16：8874
快速注册成功，账号=lin10002昵称=游客10002   01：39：16：8874
2获取用户信息，成功类   01：39：16：9244
2请求加入匹配对列成功，对列号为：396435   01：39：20：5744
396435对列当前匹配成功   01：39：20：5744
2请求开始匹配成功，创建一个匹配对列   01：39：20：5744
用户退出客户端主动断开连接   01：51：56：8924
1请求离开匹配对列成功，移除匹配   01：51：56：8954
1玩家下线了   01：51：56：8964
用户退出客户端主动断开连接   01：51：58：9574
2请求离开匹配对列成功，移除匹配对列396435   01：51：58：9634
2玩家下线了   01：51：58：9634
用户请求快速注册消息到达   02：21：42：1284
ip=127.0.0.1:11682请求快速注册   02：21：42：1284
快速注册成功，账号=lin10001昵称=游客10001   02：21：42：1324
1获取用户信息，成功类   02：21：42：1734
1请求创建匹配对列成功，对列号为：762245   02：21：48：9634
1请求开始匹配成功，创建一个匹配对列   02：21：48：9644
用户请求快速注册消息到达   02：22：16：2474
ip=127.0.0.1:11677请求快速注册   02：22：16：2474
快速注册成功，账号=lin10002昵称=游客10002   02：22：16：2474
2获取用户信息，成功类   02：22：16：2864
2请求加入匹配对列成功，对列号为：762245   02：22：19：5354
762245对列当前匹配成功   02：22：19：5354
2请求开始匹配成功，创建一个匹配对列   02：22：19：5354
用户请求快速注册消息到达   02：27：17：0024
ip=127.0.0.1:11871请求快速注册   02：27：17：0034
快速注册成功，账号=lin10001昵称=游客10001   02：27：17：0054
1获取用户信息，成功类   02：27：17：0354
1请求创建匹配对列成功，对列号为：395825   02：27：20：3884
1请求开始匹配成功，创建一个匹配对列   02：27：20：3894
用户请求快速注册消息到达   02：27：46：4464
ip=127.0.0.1:11889请求快速注册   02：27：46：4464
快速注册成功，账号=lin10002昵称=游客10002   02：27：46：4464
2获取用户信息，成功类   02：27：46：4834
2请求加入匹配对列成功，对列号为：395825   02：27：49：6154
395825对列当前匹配成功   02：27：49：6154
2请求开始匹配成功，创建一个匹配对列   02：27：49：6154
用户请求快速注册消息到达   02：46：34：6694
ip=127.0.0.1:12466请求快速注册   02：46：34：6694
快速注册成功，账号=lin10001昵称=游客10001   02：46：34：6724
1获取用户信息，成功类   02：46：34：7174
1请求创建匹配对列成功，对列号为：319990   02：46：38：3214
1请求开始匹配成功，创建一个匹配对列   02：46：38：3224
用户请求快速注册消息到达   02：47：30：4854
ip=127.0.0.1:12497请求快速注册   02：47：30：4854
快速注册成功，账号=lin10002昵称=游客10002   02：47：30：4854
2获取用户信息，成功类   02：47：30：5344
2请求加入匹配对列成功，对列号为：319990   02：47：35：2924
319990对列当前匹配成功   02：47：35：2964
2请求开始匹配成功，创建一个匹配对列   02：47：35：2964
用户请求快速注册消息到达   02：57：33：3784
ip=127.0.0.1:12817请求快速注册   02：57：33：3784
快速注册成功，账号=lin10001昵称=游客10001   02：57：33：3814
1获取用户信息，成功类   02：57：33：4284
1请求创建匹配对列成功，对列号为：104767   02：57：36：4634
1请求开始匹配成功，创建一个匹配对列   02：57：36：4654
用户请求快速注册消息到达   02：58：17：9724
ip=127.0.0.1:12841请求快速注册   02：58：17：9724
快速注册成功，账号=lin10002昵称=游客10002   02：58：17：9724
2获取用户信息，成功类   02：58：18：0054
2请求加入匹配对列成功，对列号为：104767   02：58：25：9504
104767对列当前匹配成功   02：58：25：9544
2请求开始匹配成功，创建一个匹配对列   02：58：25：9544
用户请求快速注册消息到达   03：02：16：3094
ip=127.0.0.1:12988请求快速注册   03：02：16：3094
快速注册成功，账号=lin10001昵称=游客10001   03：02：16：3124
1获取用户信息，成功类   03：02：16：3504
1请求创建匹配对列成功，对列号为：823224   03：02：19：5634
1请求开始匹配成功，创建一个匹配对列   03：02：19：5644
用户请求快速注册消息到达   03：03：10：1844
ip=127.0.0.1:13011请求快速注册   03：03：10：1844
快速注册成功，账号=lin10002昵称=游客10002   03：03：10：1844
2获取用户信息，成功类   03：03：10：2234
2请求加入匹配对列成功，对列号为：823224   03：03：13：7524
823224对列当前匹配成功   03：03：13：7594
2请求开始匹配成功，创建一个匹配对列   03：03：13：7634
用户请求快速注册消息到达   03：05：56：9824
ip=127.0.0.1:13117请求快速注册   03：05：56：9824
快速注册成功，账号=lin10001昵称=游客10001   03：05：56：9854
1获取用户信息，成功类   03：05：57：0314
1请求创建匹配对列成功，对列号为：306538   03：06：00：4664
1请求开始匹配成功，创建一个匹配对列   03：06：00：4684
用户退出客户端主动断开连接   03：06：45：3894
1请求离开匹配对列成功，移除匹配对列306538   03：06：45：3914
1玩家下线了   03：06：45：3914
用户请求快速注册消息到达   03：07：37：8044
ip=127.0.0.1:13170请求快速注册   03：07：37：8054
快速注册成功，账号=lin10001昵称=游客10001   03：07：37：8074
1获取用户信息，成功类   03：07：37：8614
1请求创建匹配对列成功，对列号为：996472   03：07：42：0654
用户请求快速注册消息到达   03：10：58：8454
ip=127.0.0.1:13273请求快速注册   03：10：58：8454
快速注册成功，账号=lin10001昵称=游客10001   03：10：58：8484
1获取用户信息，成功类   03：10：58：8784
1请求创建匹配对列成功，对列号为：419841   03：11：02：0814
用户请求快速注册消息到达   03：11：37：1024
ip=127.0.0.1:13285请求快速注册   03：11：37：1024
快速注册成功，账号=lin10002昵称=游客10002   03：11：37：1024
用户请求快速注册消息到达   03：13：33：8894
ip=127.0.0.1:13366请求快速注册   03：13：33：8904
快速注册成功，账号=lin10001昵称=游客10001   03：13：33：8924
1获取用户信息，成功类   03：13：33：9384
1请求创建匹配对列成功，对列号为：109502   03：13：37：3204
1请求开始匹配成功，创建一个匹配对列   03：15：32：0644
用户请求快速注册消息到达   03：18：20：7564
ip=127.0.0.1:13518请求快速注册   03：18：20：7564
快速注册成功，账号=lin10001昵称=游客10001   03：18：20：7594
1获取用户信息，成功类   03：18：20：7884
用户请求快速注册消息到达   03：19：14：2674
ip=127.0.0.1:13545请求快速注册   03：19：14：2674
快速注册成功，账号=lin10001昵称=游客10001   03：19：14：2704
1获取用户信息，成功类   03：19：14：3204
1请求创建匹配对列成功，对列号为：435352   03：19：17：7684
1请求开始匹配成功，创建一个匹配对列   03：19：17：7694
用户请求快速注册消息到达   03：19：56：0584
ip=127.0.0.1:13571请求快速注册   03：19：56：0584
快速注册成功，账号=lin10002昵称=游客10002   03：19：56：0584
2获取用户信息，成功类   03：19：56：0914
2请求加入匹配对列成功，对列号为：435352   03：19：59：4194
435352对列当前匹配成功   03：24：29：7594
2请求开始匹配成功，创建一个匹配对列   03：28：32：9094
2请求开始匹配   03：28：54：3374
2请求开始匹配   03：28：54：3384
用户请求快速注册消息到达   03：33：38：0474
ip=127.0.0.1:14009请求快速注册   03：33：38：0484
快速注册成功，账号=lin10001昵称=游客10001   03：33：38：0504
1获取用户信息，成功类   03：33：38：0934
1请求创建匹配对列成功，对列号为：267225   03：33：44：6994
1请求开始匹配成功，创建一个匹配对列   03：33：44：7004
用户请求快速注册消息到达   03：34：19：9714
ip=127.0.0.1:14033请求快速注册   03：34：19：9714
快速注册成功，账号=lin10002昵称=游客10002   03：34：19：9714
2获取用户信息，成功类   03：34：20：0004
2请求加入匹配对列成功，对列号为：267225   03：34：24：4124
267225对列当前匹配成功   03：34：24：4144
2请求开始匹配成功，创建一个匹配对列   03：34：24：4204
2请求离开匹配对列成功，移除匹配   03：34：38：2024
用户退出客户端主动断开连接   03：35：12：6244
1请求离开匹配对列成功，移除匹配对列267225   03：35：12：6254
1玩家下线了   03：35：12：6254
用户退出客户端主动断开连接   03：35：14：2274
2请求离开匹配对列失败，当前没有匹配对列   03：35：14：2274
2玩家下线了   03：35：14：2284
用户请求快速注册消息到达   03：35：47：3804
ip=127.0.0.1:14087请求快速注册   03：35：47：3814
快速注册成功，账号=lin10001昵称=游客10001   03：35：47：3844
1获取用户信息，成功类   03：35：47：4224
1请求创建匹配对列成功，对列号为：512341   03：35：51：3204
1请求开始匹配成功，创建一个匹配对列   03：35：51：3214
用户请求快速注册消息到达   03：36：08：1154
ip=127.0.0.1:14083请求快速注册   03：36：08：1154
快速注册成功，账号=lin10002昵称=游客10002   03：36：08：1154
2获取用户信息，成功类   03：36：08：1454
2请求加入匹配对列成功，对列号为：512341   03：36：12：0764
512341对列当前匹配成功   03：36：12：0834
2请求开始匹配成功，创建一个匹配对列   03：36：12：1264
2请求离开匹配对列成功，移除匹配   03：37：36：0264
用户退出客户端主动断开连接   03：37：44：1694
2请求离开匹配对列失败，当前没有匹配对列   03：37：44：1704
2玩家下线了   03：37：44：1714
用户退出客户端主动断开连接   03：37：46：2004
1请求离开匹配对列成功，移除匹配对列512341   03：37：46：2024
1玩家下线了   03：37：46：2024
用户请求快速注册消息到达   04：06：23：0354
ip=127.0.0.1:15052请求快速注册   04：06：23：0364
快速注册成功，账号=lin10001昵称=游客10001   04：06：23：0394
1获取用户信息，成功类   04：06：23：0804
1请求创建匹配对列成功，对列号为：513129   04：06：28：6984
1请求开始匹配成功，创建一个匹配对列   04：06：28：7004
用户请求快速注册消息到达   04：06：53：2714
ip=127.0.0.1:15071请求快速注册   04：06：53：2714
快速注册成功，账号=lin10002昵称=游客10002   04：06：53：2714
2获取用户信息，成功类   04：06：53：3094
2请求加入匹配对列成功，对列号为：513129   04：06：56：6044
513129对列当前匹配成功   04：06：56：6104
2请求开始匹配成功，创建一个匹配对列   04：06：56：6124
用户退出客户端主动断开连接   04：07：37：7714
1请求离开匹配对列成功，移除匹配   04：07：37：7744
1玩家下线了   04：07：37：7754
用户退出客户端主动断开连接   04：07：40：4854
2请求离开匹配对列成功，移除匹配对列513129   04：07：40：4894
2玩家下线了   04：07：40：4894
用户请求快速注册消息到达   04：08：35：0434
ip=127.0.0.1:15131请求快速注册   04：08：35：0434
快速注册成功，账号=lin10001昵称=游客10001   04：08：35：0464
1获取用户信息，成功类   04：08：35：0884
1请求创建匹配对列成功，对列号为：545591   04：08：38：0244
1请求开始匹配成功，创建一个匹配对列   04：08：38：0254
用户请求快速注册消息到达   04：08：50：6394
ip=127.0.0.1:15126请求快速注册   04：08：50：6394
快速注册成功，账号=lin10002昵称=游客10002   04：08：50：6394
2获取用户信息，成功类   04：08：50：6714
2请求加入匹配对列成功，对列号为：545591   04：08：54：5744
545591对列当前匹配成功   04：08：54：5804
2请求开始匹配成功，创建一个匹配对列   04：08：54：5834
用户请求快速注册消息到达   04：11：57：0034
ip=127.0.0.1:15245请求快速注册   04：11：57：0044
快速注册成功，账号=lin10001昵称=游客10001   04：11：57：0074
1获取用户信息，成功类   04：11：57：0434
1请求创建匹配对列成功，对列号为：291447   04：12：00：4794
1请求开始匹配成功，创建一个匹配对列   04：12：00：4814
用户请求快速注册消息到达   04：12：24：1334
ip=127.0.0.1:15263请求快速注册   04：12：24：1334
快速注册成功，账号=lin10002昵称=游客10002   04：12：24：1334
2获取用户信息，成功类   04：12：24：1724
2请求加入匹配对列成功，对列号为：291447   04：12：27：1414
291447对列当前匹配成功   04：12：27：1434
2请求开始匹配成功，创建一个匹配对列   04：12：27：1444
用户请求快速注册消息到达   04：14：24：0524
ip=127.0.0.1:15329请求快速注册   04：14：24：0524
快速注册成功，账号=lin10001昵称=游客10001   04：14：24：0554
1获取用户信息，成功类   04：14：24：0994
1请求创建匹配对列成功，对列号为：323742   04：14：27：3854
1请求开始匹配成功，创建一个匹配对列   04：14：27：3874
用户请求快速注册消息到达   04：14：44：8094
ip=127.0.0.1:15325请求快速注册   04：14：44：8094
快速注册成功，账号=lin10002昵称=游客10002   04：14：44：8094
2获取用户信息，成功类   04：14：44：8554
2请求加入匹配对列成功，对列号为：323742   04：14：48：0014
323742对列当前匹配成功   04：14：48：0034
2请求开始匹配成功，创建一个匹配对列   04：14：48：0114
用户退出客户端主动断开连接   04：15：50：9424
1请求离开匹配对列成功，移除匹配   04：15：50：9474
1玩家下线了   04：15：50：9484
用户请求快速注册消息到达   04：32：41：5394
ip=127.0.0.1:15917请求快速注册   04：32：41：5404
快速注册成功，账号=lin10001昵称=游客10001   04：32：41：5434
1获取用户信息，成功类   04：32：41：5844
1请求创建匹配对列成功，对列号为：235364   04：32：45：0204
1请求开始匹配成功，创建一个匹配对列   04：32：45：0224
用户请求快速注册消息到达   04：33：00：8924
ip=127.0.0.1:15913请求快速注册   04：33：00：8924
快速注册成功，账号=lin10002昵称=游客10002   04：33：00：8924
2获取用户信息，成功类   04：33：00：9314
2请求加入匹配对列成功，对列号为：235364   04：33：04：6054
235364对列当前匹配成功   04：33：04：6104
2请求开始匹配成功，创建一个匹配对列   04：33：04：6444
用户退出客户端主动断开连接   04：33：27：0804
2请求离开匹配对列成功，移除匹配   04：33：27：0854
2玩家下线了   04：33：27：0864
用户退出客户端主动断开连接   04：33：28：8974
1请求离开匹配对列成功，移除匹配对列235364   04：33：28：8994
1玩家下线了   04：33：28：8994
用户请求快速注册消息到达   04：49：43：0114
ip=127.0.0.1:16453请求快速注册   04：49：43：0124
快速注册成功，账号=lin10001昵称=游客10001   04：49：43：0154
1获取用户信息，成功类   04：49：43：0564
1请求创建匹配对列成功，对列号为：897476   04：49：46：5524
1请求开始匹配成功，创建一个匹配对列   04：49：46：5544
用户请求快速注册消息到达   04：50：14：0994
ip=127.0.0.1:16449请求快速注册   04：50：14：0994
快速注册成功，账号=lin10002昵称=游客10002   04：50：14：0994
2获取用户信息，成功类   04：50：14：1264
2请求加入匹配对列成功，对列号为：897476   04：50：17：6094
897476对列当前匹配成功   04：50：54：5564
用户请求快速注册消息到达   04：55：50：0894
ip=127.0.0.1:16646请求快速注册   04：55：50：0904
快速注册成功，账号=lin10001昵称=游客10001   04：55：50：0934
1获取用户信息，成功类   04：55：50：1804
1请求创建匹配对列成功，对列号为：200576   04：55：53：4574
1请求开始匹配成功，创建一个匹配对列   04：56：05：5044
用户请求快速注册消息到达   04：57：21：6484
ip=127.0.0.1:16695请求快速注册   04：57：21：6484
快速注册成功，账号=lin10001昵称=游客10001   04：57：21：6514
1获取用户信息，成功类   04：57：21：7014
1请求创建匹配对列成功，对列号为：555418   04：57：25：1144
