用户请求快速注册消息到达   09：42：36：5375
ip=127.0.0.1:1766请求快速注册   09：42：36：5385
快速注册成功，账号=lin10001昵称=游客10001   09：42：36：5415
1获取用户信息，成功类   09：42：36：6025
1请求创建匹配对列成功，对列号为：313649   09：42：42：4265
1请求开始匹配成功，创建一个匹配对列   09：42：42：4275
用户退出客户端主动断开连接   09：44：44：7555
1请求离开匹配对列失败，当前没有匹配对列   09：44：44：7565
1玩家下线了   09：44：44：7575
用户请求快速注册消息到达   09：45：00：1185
ip=127.0.0.1:1847请求快速注册   09：45：00：1185
快速注册成功，账号=lin10002昵称=游客10002   09：45：00：1185
2获取用户信息，成功类   09：45：00：1675
2请求加入匹配对列成功，对列号为：System.Collections.Generic.List`1[System.Int32]   09：45：05：6685
用户请求快速注册消息到达   09：45：44：4245
ip=127.0.0.1:1875请求快速注册   09：45：44：4255
快速注册成功，账号=lin10001昵称=游客10001   09：45：44：4275
1获取用户信息，成功类   09：45：44：4785
1请求创建匹配对列成功，对列号为：270471   09：45：50：0455
1请求开始匹配成功，创建一个匹配对列   09：45：50：0465
用户退出客户端主动断开连接   09：48：01：5515
1请求离开匹配对列失败，当前没有匹配对列   09：48：01：5525
1玩家下线了   09：48：01：5525
用户请求快速注册消息到达   09：48：55：7295
ip=127.0.0.1:1994请求快速注册   09：48：55：7305
快速注册成功，账号=lin10001昵称=游客10001   09：48：55：7325
1获取用户信息，成功类   09：48：55：8205
1请求创建匹配对列成功，对列号为：615334   09：49：01：4295
1请求开始匹配成功，创建一个匹配对列   09：49：01：4305
用户退出客户端主动断开连接   09：49：49：0705
1请求离开匹配对列失败，当前没有匹配对列   09：49：49：0715
1玩家下线了   09：49：49：0725
用户请求快速注册消息到达   09：51：09：6255
ip=127.0.0.1:2072请求快速注册   09：51：09：6255
快速注册成功，账号=lin10001昵称=游客10001   09：51：09：6285
1获取用户信息，成功类   09：51：09：6685
1请求创建匹配对列成功，对列号为：314254   09：51：14：6215
1请求开始匹配成功，创建一个匹配对列   09：51：14：6225
用户退出客户端主动断开连接   09：51：18：3155
1请求离开匹配对列失败，当前没有匹配对列   09：51：18：3165
1玩家下线了   09：51：18：3165
用户请求快速注册消息到达   09：53：28：1805
ip=127.0.0.1:2165请求快速注册   09：53：28：1805
快速注册成功，账号=lin10001昵称=游客10001   09：53：28：1825
1获取用户信息，成功类   09：53：28：2285
1请求创建匹配对列成功，对列号为：132433   09：53：34：8645
1请求开始匹配成功，创建一个匹配对列   09：53：34：8655
用户退出客户端主动断开连接   09：53：51：0675
1请求离开匹配对列失败，当前没有匹配对列   09：53：51：0685
1玩家下线了   09：53：51：0685
用户请求快速注册消息到达   09：56：03：0945
ip=127.0.0.1:2245请求快速注册   09：56：03：0955
快速注册成功，账号=lin10001昵称=游客10001   09：56：03：0975
1获取用户信息，成功类   09：56：03：1495
1请求创建匹配对列成功，对列号为：333090   09：56：10：2645
1请求开始匹配成功，创建一个匹配对列   09：56：10：2655
用户请求快速注册消息到达   10：10：01：2055
ip=127.0.0.1:41897请求快速注册   10：10：01：2065
快速注册成功，账号=lin10001昵称=游客10001   10：10：01：2085
1获取用户信息，成功类   10：10：01：2855
1请求创建匹配对列成功，对列号为：255675   10：10：06：8395
1请求开始匹配成功，创建一个匹配对列   10：10：06：8405
用户请求快速注册消息到达   10：10：59：4495
ip=127.0.0.1:41930请求快速注册   10：10：59：4495
快速注册成功，账号=lin10002昵称=游客10002   10：10：59：4495
2获取用户信息，成功类   10：10：59：4875
2请求加入匹配对列成功，对列号为：System.Collections.Generic.List`1[System.Int32]   10：11：06：1135
255675对列当前匹配成功   10：11：06：1145
2请求开始匹配成功，创建一个匹配对列   10：11：06：1145
用户退出客户端主动断开连接   10：11：23：5685
2请求离开匹配对列失败，当前没有匹配对列   10：11：23：5705
2玩家下线了   10：11：23：5705
用户退出客户端主动断开连接   10：11：28：8055
1请求离开匹配对列失败，当前没有匹配对列   10：11：28：8055
1玩家下线了   10：11：28：8055
用户请求快速注册消息到达   10：22：07：0035
ip=127.0.0.1:42314请求快速注册   10：22：07：0045
快速注册成功，账号=lin10001昵称=游客10001   10：22：07：0065
1获取用户信息，成功类   10：22：07：0465
1请求创建匹配对列成功，对列号为：293370   10：22：13：8855
1请求开始匹配成功，创建一个匹配对列   10：22：13：8865
用户请求快速注册消息到达   10：26：02：3295
ip=127.0.0.1:42438请求快速注册   10：26：02：3295
快速注册成功，账号=lin10001昵称=游客10001   10：26：02：3325
1获取用户信息，成功类   10：26：02：3835
1请求创建匹配对列成功，对列号为：700212   10：26：09：3225
1请求开始匹配成功，创建一个匹配对列   10：26：09：3235
1请求离开匹配对列失败，当前没有匹配对列   10：26：15：7545
用户请求快速注册消息到达   10：32：20：0655
ip=127.0.0.1:42639请求快速注册   10：32：20：0655
快速注册成功，账号=lin10001昵称=游客10001   10：32：20：0685
1获取用户信息，成功类   10：32：20：1155
1请求创建匹配对列成功，对列号为：631940   10：32：25：3465
1请求开始匹配成功，创建一个匹配对列   10：32：25：3475
1请求离开匹配对列失败，当前没有匹配对列   10：32：27：6045
用户请求快速注册消息到达   10：33：56：2905
ip=127.0.0.1:42694请求快速注册   10：33：56：2915
快速注册成功，账号=lin10001昵称=游客10001   10：33：56：2935
1获取用户信息，成功类   10：33：56：3425
1请求创建匹配对列成功，对列号为：395018   10：34：03：4815
1请求开始匹配成功，创建一个匹配对列   10：34：03：4825
1请求离开匹配对列成功，移除匹配对列395018   10：34：07：2865
1请求创建匹配对列成功，对列号为：196064   10：34：10：3685
1请求开始匹配成功，创建一个匹配对列   10：34：10：3685
1请求离开匹配对列成功，移除匹配对列196064   10：34：27：4955
