用户请求快速注册消息到达   12：57：19：6073
ip=127.0.0.1:54210请求快速注册   12：57：19：6083
快速注册成功，账号=lin10001昵称=游客10001   12：57：19：6103
1获取用户信息，成功类   12：57：19：6423
1请求创建匹配对列成功，对列号为：730062   12：57：23：2433
1请求开始匹配成功，创建一个匹配对列   12：57：23：2443
用户请求快速注册消息到达   12：57：48：7863
ip=127.0.0.1:54230请求快速注册   12：57：48：7863
快速注册成功，账号=lin10002昵称=游客10002   12：57：48：7863
2获取用户信息，成功类   12：57：48：8483
2请求加入匹配对列成功，对列号为：730062   12：57：51：6803
730062对列当前匹配成功   12：57：51：6813
2请求开始匹配成功，创建一个匹配对列   12：57：51：6813
730062房间初始化成功   12：57：53：6893
730062房间_1_2_创建成功   12：57：53：6893
2玩家准备成功   12：57：54：7583
1玩家准备成功   12：58：11：5533
730062房间全部准备，游戏即将开始   12：58：11：5533
730062赢三张房间游戏开始   12：58：11：5543
玩家手牌：1:V4C2V11C1V4C3   12：58：11：5553
玩家手牌：2:V2C3V7C1V5C3   12：58：11：5553
用户退出客户端主动断开连接   01：39：12：1453
2请求离开匹配对列成功，移除匹配   01：39：12：1493
2玩家下线了   01：39：12：1493
用户请求快速注册消息到达   01：40：59：8153
ip=127.0.0.1:52056请求快速注册   01：40：59：8153
快速注册成功，账号=lin10001昵称=游客10001   01：40：59：8183
1获取用户信息，成功类   01：40：59：8653
1请求创建匹配对列成功，对列号为：855785   01：41：04：2963
1请求开始匹配成功，创建一个匹配对列   01：41：04：2983
用户退出客户端主动断开连接   01：42：06：1093
1请求离开匹配对列成功，移除匹配对列855785   01：42：06：1113
1玩家下线了   01：42：06：1113
用户请求快速注册消息到达   01：42：40：6513
ip=127.0.0.1:52147请求快速注册   01：42：40：6513
快速注册成功，账号=lin10001昵称=游客10001   01：42：40：6543
1获取用户信息，成功类   01：42：40：6993
1请求创建匹配对列成功，对列号为：689964   01：42：43：8513
1请求开始匹配成功，创建一个匹配对列   01：42：43：8533
用户请求快速注册消息到达   01：45：30：2483
ip=127.0.0.1:52175请求快速注册   01：45：30：2483
快速注册成功，账号=lin10002昵称=游客10002   01：45：30：2483
2获取用户信息，成功类   01：45：30：3123
2请求加入匹配对列成功，对列号为：689964   01：45：33：2833
689964对列当前匹配成功   01：45：33：2843
2请求开始匹配成功，创建一个匹配对列   01：45：33：2843
689964房间初始化成功   01：45：35：3073
689964房间_1_2_创建成功   01：45：35：3073
2玩家准备成功   01：45：36：3533
1玩家准备成功   01：45：41：7823
689964房间全部准备，游戏即将开始   01：45：41：7823
689964赢三张房间游戏开始   01：45：41：7843
玩家手牌：1:V11C4V5C1V1C2   01：45：41：7853
玩家手牌：2:V2C2V11C3V6C3   01：45：41：7853
用户退出客户端主动断开连接   02：34：29：7613
1请求离开匹配对列成功，移除匹配   02：34：29：7673
1玩家下线了   02：34：29：7673
用户退出客户端主动断开连接   02：35：53：9313
2请求离开匹配对列成功，移除匹配对列689964   02：35：53：9353
2玩家下线了   02：35：53：9353
用户请求快速注册消息到达   02：37：25：7293
ip=127.0.0.1:53961请求快速注册   02：37：25：7303
快速注册成功，账号=lin10001昵称=游客10001   02：37：25：7333
1获取用户信息，成功类   02：37：25：7773
1请求创建匹配对列成功，对列号为：467143   02：37：38：1713
1请求开始匹配成功，创建一个匹配对列   02：37：38：1723
用户请求快速注册消息到达   02：38：10：8933
ip=127.0.0.1:54008请求快速注册   02：38：10：8933
快速注册成功，账号=lin10002昵称=游客10002   02：38：10：8933
2获取用户信息，成功类   02：38：10：9213
2请求加入匹配对列成功，对列号为：467143   02：38：13：9773
467143对列当前匹配成功   02：38：13：9783
2请求开始匹配成功，创建一个匹配对列   02：38：13：9783
467143房间初始化成功   02：38：15：9903
467143房间_1_2_创建成功   02：38：15：9903
2玩家准备成功   02：38：17：0203
1玩家准备成功   02：38：24：4613
467143房间全部准备，游戏即将开始   02：38：24：4613
467143赢三张房间游戏开始   02：38：24：4623
玩家手牌：1:V4C4V9C1V5C4   02：38：24：4633
玩家手牌：2:V3C4V8C2V10C1   02：38：24：4633
用户请求快速注册消息到达   03：00：39：7543
ip=127.0.0.1:54794请求快速注册   03：00：39：7553
快速注册成功，账号=lin10001昵称=游客10001   03：00：39：7573
1获取用户信息，成功类   03：00：39：8003
1请求创建匹配对列成功，对列号为：230773   03：00：42：9853
1请求开始匹配成功，创建一个匹配对列   03：00：42：9863
用户请求快速注册消息到达   03：00：57：8023
ip=127.0.0.1:54784请求快速注册   03：00：57：8023
快速注册成功，账号=lin10002昵称=游客10002   03：00：57：8023
2获取用户信息，成功类   03：00：57：8443
2请求加入匹配对列成功，对列号为：230773   03：01：00：9963
230773对列当前匹配成功   03：01：00：9963
2请求开始匹配成功，创建一个匹配对列   03：01：00：9963
230773房间初始化成功   03：01：03：0283
230773房间_1_2_创建成功   03：01：03：0283
2玩家准备成功   03：01：04：0913
1玩家准备成功   03：01：59：9933
230773房间全部准备，游戏即将开始   03：01：59：9933
230773赢三张房间游戏开始   03：01：59：9953
玩家手牌：1:V10C3V9C2V11C3   03：01：59：9953
玩家手牌：2:V13C3V9C4V12C4   03：01：59：9963
用户退出客户端主动断开连接   03：02：28：7773
1请求离开匹配对列成功，移除匹配   03：02：28：7803
1玩家下线了   03：02：28：7813
用户退出客户端主动断开连接   03：02：50：0933
2请求离开匹配对列成功，移除匹配对列230773   03：02：50：0953
2玩家下线了   03：02：50：0953
用户请求快速注册消息到达   03：03：09：9523
ip=127.0.0.1:54882请求快速注册   03：03：09：9523
快速注册成功，账号=lin10003昵称=游客10003   03：03：09：9523
3获取用户信息，成功类   03：03：09：9893
3请求创建匹配对列成功，对列号为：714284   03：03：12：8743
3请求开始匹配成功，创建一个匹配对列   03：03：12：8743
用户退出客户端主动断开连接   03：03：20：0663
3请求离开匹配对列成功，移除匹配对列714284   03：03：20：0673
3玩家下线了   03：03：20：0673
用户请求快速注册消息到达   03：03：25：3283
ip=127.0.0.1:54887请求快速注册   03：03：25：3283
快速注册成功，账号=lin10004昵称=游客10004   03：03：25：3283
4获取用户信息，成功类   03：03：25：3693
4请求创建匹配对列成功，对列号为：373966   03：03：28：4633
4请求开始匹配成功，创建一个匹配对列   03：03：28：4633
用户请求快速注册消息到达   03：03：53：3663
ip=127.0.0.1:54914请求快速注册   03：03：53：3663
快速注册成功，账号=lin10005昵称=游客10005   03：03：53：3663
5获取用户信息，成功类   03：03：53：4043
5请求加入匹配对列成功，对列号为：373966   03：03：57：1543
373966对列当前匹配成功   03：03：57：1543
5请求开始匹配成功，创建一个匹配对列   03：03：57：1543
373966房间初始化成功   03：03：59：1743
373966房间_4_5_创建成功   03：03：59：1743
5玩家准备成功   03：04：00：2923
4玩家准备成功   03：04：05：6043
373966房间全部准备，游戏即将开始   03：04：05：6043
373966赢三张房间游戏开始   03：04：05：6043
玩家手牌：4:V8C1V9C2V6C1   03：04：05：6043
玩家手牌：5:V12C2V12C1V5C2   03：04：05：6043
用户退出客户端主动断开连接   03：38：44：2743
4请求离开匹配对列成功，移除匹配   03：38：44：2753
4玩家下线了   03：38：44：2753
用户退出客户端主动断开连接   03：39：58：1963
-1请求离开匹配对列失败，当前没有匹配对列   03：39：58：3073
用户请求快速注册消息到达   03：40：51：1843
ip=127.0.0.1:56075请求快速注册   03：40：51：1843
快速注册成功，账号=lin10001昵称=游客10001   03：40：51：1853
1获取用户信息，成功类   03：40：51：2203
1请求创建匹配对列成功，对列号为：791642   03：40：54：3563
1请求开始匹配成功，创建一个匹配对列   03：40：54：3573
用户请求快速注册消息到达   03：41：19：9013
ip=127.0.0.1:56109请求快速注册   03：41：19：9013
快速注册成功，账号=lin10002昵称=游客10002   03：41：19：9013
2获取用户信息，成功类   03：41：19：9453
2请求加入匹配对列成功，对列号为：791642   03：41：23：1653
791642对列当前匹配成功   03：41：23：1653
2请求开始匹配成功，创建一个匹配对列   03：41：23：1653
791642房间初始化成功   03：41：25：1713
791642房间_1_2_创建成功   03：41：25：1713
2玩家准备成功   03：41：26：2583
1玩家准备成功   03：41：32：9663
791642房间全部准备，游戏即将开始   03：41：32：9663
791642赢三张房间游戏开始   03：41：32：9673
玩家手牌：1:V2C2V1C3V4C2   03：41：32：9683
玩家手牌：2:V7C3V11C2V12C4   03：41：32：9693
用户退出客户端主动断开连接   03：41：46：8123
1请求离开匹配对列成功，移除匹配   03：41：46：8143
1玩家下线了   03：41：46：8143
