用户请求快速注册消息到达   08：59：06：3102
ip=127.0.0.1:17838请求快速注册   08：59：06：3112
快速注册成功，账号=lin10001昵称=游客10001   08：59：06：3142
1获取用户信息，成功类   08：59：06：3842
用户退出客户端主动断开连接   09：00：21：5642
1玩家下线了   09：00：21：5662
用户请求快速注册消息到达   09：00：36：8082
ip=127.0.0.1:18050请求快速注册   09：00：36：8082
快速注册成功，账号=lin10002昵称=游客10002   09：00：36：8082
2获取用户信息，成功类   09：00：36：8482
用户请求快速注册消息到达   09：03：59：3642
ip=127.0.0.1:18666请求快速注册   09：03：59：3642
快速注册成功，账号=lin10001昵称=游客10001   09：03：59：3682
1获取用户信息，成功类   09：03：59：4172
用户请求快速注册消息到达   09：19：00：2672
ip=127.0.0.1:21147请求快速注册   09：19：00：2672
快速注册成功，账号=lin10001昵称=游客10001   09：19：00：2702
1获取用户信息，成功类   09：19：00：3172
用户请求快速注册消息到达   09：24：16：7052
ip=127.0.0.1:22060请求快速注册   09：24：16：7052
快速注册成功，账号=lin10001昵称=游客10001   09：24：16：7082
1获取用户信息，成功类   09：24：16：7642
用户请求快速注册消息到达   10：00：12：8842
ip=127.0.0.1:28711请求快速注册   10：00：12：8842
快速注册成功，账号=lin10001昵称=游客10001   10：00：12：8872
1获取用户信息，成功类   10：00：12：9402
1请求开始匹配失败,已经在匹配对列中   10：00：20：7252
用户请求快速注册消息到达   10：45：54：8632
ip=127.0.0.1:36820请求快速注册   10：45：54：8632
快速注册成功，账号=lin10001昵称=游客10001   10：45：54：8672
1获取用户信息，成功类   10：45：54：9262
1请求创建匹配对列成功，对列号为：731730   10：46：01：2652
1请求开始匹配成功，创建一个匹配对列   10：46：01：2672
用户请求快速注册消息到达   11：26：24：9632
ip=127.0.0.1:43758请求快速注册   11：26：24：9642
快速注册成功，账号=lin10001昵称=游客10001   11：26：24：9672
1获取用户信息，成功类   11：26：25：0102
1请求创建匹配对列成功，对列号为：918591   11：26：35：2202
1请求开始匹配成功，创建一个匹配对列   11：26：35：2212
1请求离开匹配对列失败，当前没有匹配对列   11：26：49：5832
1请求开始匹配   11：26：55：6372
1请求开始匹配   11：27：05：2382
用户请求快速注册消息到达   12：16：57：0042
ip=127.0.0.1:52007请求快速注册   12：16：57：0042
快速注册成功，账号=lin10001昵称=游客10001   12：16：57：0072
1获取用户信息，成功类   12：16：57：0422
1请求创建匹配对列成功，对列号为：894983   12：17：04：1092
1请求开始匹配成功，创建一个匹配对列   12：17：04：1102
用户请求快速注册消息到达   12：17：56：7852
ip=127.0.0.1:52117请求快速注册   12：17：56：7852
快速注册成功，账号=lin10002昵称=游客10002   12：17：56：7852
2获取用户信息，成功类   12：17：56：8777
2请求加入匹配对列成功，对列号为：System.Collections.Generic.List`1[System.Int32]   12：18：04：2192
894983对列当前匹配成功   12：18：04：2202
2请求开始匹配成功，创建一个匹配对列   12：18：04：2202
用户退出客户端主动断开连接   12：19：28：7972
2请求离开匹配对列失败，当前没有匹配对列   12：19：28：7992
2玩家下线了   12：19：28：7992
用户退出客户端主动断开连接   12：19：30：4982
1请求离开匹配对列失败，当前没有匹配对列   12：19：30：4982
1玩家下线了   12：19：30：4982
用户请求快速注册消息到达   02：10：58：7642
ip=127.0.0.1:15446请求快速注册   02：10：58：7652
快速注册成功，账号=lin10001昵称=游客10001   02：10：58：7702
1获取用户信息，成功类   02：10：58：8432
1请求创建匹配对列成功，对列号为：797571   02：11：05：5682
1请求开始匹配成功，创建一个匹配对列   02：11：05：5692
1请求离开匹配对列失败，当前没有匹配对列   02：18：11：7602
用户退出客户端主动断开连接   02：18：25：9812
1请求离开匹配对列失败，当前没有匹配对列   02：18：25：9812
1玩家下线了   02：18：25：9812
