用户请求登录消息到达   09：26：33：2207
用户请求登录消息到达   09：26：37：8177
用户请求登录消息到达   09：26：38：0427
用户请求登录消息到达   09：26：38：2917
用户请求登录消息到达   09：26：38：4767
用户请求登录消息到达   09：26：38：6727
用户请求登录消息到达   09：26：38：8867
用户请求登录消息到达   09：26：39：0697
用户请求登录消息到达   09：26：39：2677
用户请求登录消息到达   09：26：39：4507
用户请求登录消息到达   09：26：39：6157
用户请求登录消息到达   09：26：39：8147
用户请求登录消息到达   09：26：39：9807
用户请求登录消息到达   09：26：40：1127
用户请求登录消息到达   09：26：40：9747
用户请求登录消息到达   09：26：41：1617
用户请求登录消息到达   09：26：41：6587
用户请求登录消息到达   09：26：42：1217
用户请求登录消息到达   09：26：42：3207
用户请求登录消息到达   09：26：42：5027
用户请求登录消息到达   09：26：42：8837
用户请求登录消息到达   09：26：43：0827
用户请求登录消息到达   09：26：43：2647
用户请求登录消息到达   09：26：43：4637
用户请求登录消息到达   09：26：43：9647
用户请求登录消息到达   09：26：44：1487
用户请求登录消息到达   09：26：44：3617
用户请求登录消息到达   09：26：44：5687
用户请求登录消息到达   09：26：44：7677
用户请求登录消息到达   09：26：44：9827
用户请求登录消息到达   09：26：45：8777
用户请求登录消息到达   09：26：46：1297
用户请求登录消息到达   09：26：46：3277
用户请求登录消息到达   09：26：46：5597
用户请求登录消息到达   09：26：46：7427
用户请求登录消息到达   09：26：47：1237
用户请求登录消息到达   09：26：47：3387
用户请求登录消息到达   09：26：47：5537
用户请求登录消息到达   09：26：47：7527
用户请求登录消息到达   09：26：47：9517
用户请求登录消息到达   09：26：48：1837
用户请求登录消息到达   09：26：48：3327
用户请求登录消息到达   09：26：48：4867
用户退出客户端主动断开连接   09：29：31：7417
用户请求登录消息到达   09：29：56：2697
用户请求登录消息到达   09：29：56：9957
用户请求登录消息到达   09：29：57：1787
用户请求登录消息到达   09：29：57：3767
用户请求登录消息到达   09：29：57：5977
用户请求登录消息到达   09：29：57：7587
用户请求登录消息到达   09：29：58：9507
用户请求登录消息到达   09：29：59：4847
用户请求登录消息到达   09：29：59：6997
用户请求登录消息到达   09：29：59：8817
用户请求登录消息到达   09：30：00：0477
用户请求登录消息到达   09：30：00：4457
用户请求登录消息到达   09：30：00：5947
用户请求登录消息到达   09：30：01：5887
用户请求登录消息到达   09：30：01：9397
用户请求登录消息到达   09：30：02：1217
用户请求登录消息到达   09：30：02：3207
用户请求登录消息到达   09：30：02：5197
用户请求登录消息到达   09：30：02：9337
用户请求登录消息到达   09：30：03：0997
用户请求登录消息到达   09：36：36：5507
用户请求登录消息到达   09：36：38：7977
用户请求登录消息到达   09：36：39：0347
用户请求登录消息到达   09：36：39：2497
用户请求登录消息到达   09：36：39：4487
用户请求登录消息到达   09：36：39：6807
用户请求登录消息到达   09：36：42：4977
用户请求登录消息到达   09：36：42：7297
用户请求登录消息到达   09：36：42：9447
用户请求登录消息到达   09：36：43：1607
用户请求登录消息到达   09：36：43：3757
用户请求登录消息到达   09：36：43：5407
用户请求登录消息到达   09：36：54：4757
用户请求登录消息到达   09：36：55：7347
用户请求登录消息到达   09：36：56：0497
用户请求登录消息到达   09：36：56：2987
用户请求登录消息到达   09：36：56：5137
用户请求登录消息到达   09：36：56：7127
用户退出客户端主动断开连接   09：37：07：7687
用户请求快速注册消息到达   09：37：29：6947
ip=127.0.0.1:2525请求快速注册   09：37：29：6947
快速注册成功，账号=lin10001昵称=游客10001   09：37：29：6947
用户请求登录消息到达   09：37：37：5117
用户请求登录消息到达   09：37：38：3977
用户请求登录消息到达   09：37：38：9117
用户请求登录消息到达   09：37：39：0937
用户请求登录消息到达   09：37：39：2757
用户请求登录消息到达   09：37：39：4927
用户请求登录消息到达   09：37：39：6897
用户请求登录消息到达   09：37：39：8767
用户请求登录消息到达   09：37：40：0977
用户请求登录消息到达   09：37：40：3077
用户请求登录消息到达   09：37：40：5387
用户请求登录消息到达   09：37：40：7397
用户请求登录消息到达   09：37：44：3677
用户请求登录消息到达   09：37：44：9317
用户请求登录消息到达   09：37：45：2297
用户请求登录消息到达   09：37：45：4617
用户请求登录消息到达   09：37：45：6937
用户退出客户端主动断开连接   09：37：48：4857
1玩家下线了   09：37：48：4857
用户退出客户端主动断开连接   09：47：04：8607
用户请求快速注册消息到达   09：47：25：8497
ip=127.0.0.1:2835请求快速注册   09：47：25：8497
快速注册成功，账号=lin10002昵称=游客10002   09：47：25：8497
用户请求快速注册消息到达   09：47：30：0347
ip=127.0.0.1:2835请求快速注册   09：47：30：0347
快速注册成功，账号=lin10003昵称=游客10003   09：47：30：0347
用户请求快速注册消息到达   09：47：33：4307
ip=127.0.0.1:2835请求快速注册   09：47：33：4307
快速注册成功，账号=lin10004昵称=游客10004   09：47：33：4307
用户请求快速注册消息到达   09：47：44：5977
ip=127.0.0.1:2835请求快速注册   09：47：44：5977
快速注册成功，账号=lin10005昵称=游客10005   09：47：44：5977
用户请求登录消息到达   09：47：56：7467
用户请求登录消息到达   09：47：59：3707
用户请求登录消息到达   09：48：03：8067
用户请求登录消息到达   09：48：04：4617
用户请求登录消息到达   09：48：04：7267
用户请求登录消息到达   09：48：04：9417
用户请求登录消息到达   09：48：21：4347
用户请求登录消息到达   09：48：21：9647
用户请求登录消息到达   09：48：22：1467
用户请求登录消息到达   09：48：22：3367
用户请求登录消息到达   09：48：22：4987
用户请求登录消息到达   09：48：22：6817
用户请求登录消息到达   09：48：22：8467
用户请求登录消息到达   09：48：22：9957
用户请求快速注册消息到达   09：48：23：7547
ip=127.0.0.1:2835请求快速注册   09：48：23：7547
快速注册成功，账号=lin10006昵称=游客10006   09：48：23：7547
用户请求快速注册消息到达   09：48：27：6177
ip=127.0.0.1:2835请求快速注册   09：48：27：6177
快速注册成功，账号=lin10007昵称=游客10007   09：48：27：6177
用户请求登录消息到达   09：48：33：3077
用户请求登录消息到达   09：48：34：1247
用户请求登录消息到达   09：48：34：3077
用户请求登录消息到达   09：48：34：5057
用户请求登录消息到达   09：48：34：9207
用户请求登录消息到达   09：48：35：1197
用户请求登录消息到达   09：48：35：3017
用户请求登录消息到达   09：48：35：4667
用户请求登录消息到达   09：48：35：8147
用户请求登录消息到达   09：48：35：9637
用户请求登录消息到达   09：48：36：1457
用户请求登录消息到达   09：48：36：3287
用户请求登录消息到达   09：48：36：4947
用户请求登录消息到达   09：48：36：6597
用户请求登录消息到达   09：48：36：8587
用户请求登录消息到达   09：48：37：0297
用户请求登录消息到达   09：48：37：1927
用户请求登录消息到达   09：48：37：3917
用户请求登录消息到达   09：48：37：5917
用户请求登录消息到达   09：48：37：7397
用户请求登录消息到达   09：48：37：9217
用户请求登录消息到达   09：48：38：1037
用户请求登录消息到达   09：48：38：2697
用户请求登录消息到达   09：48：38：4357
用户请求登录消息到达   09：48：38：6007
用户请求登录消息到达   09：48：38：7837
用户请求登录消息到达   09：48：38：9657
用户请求登录消息到达   09：48：39：1137
用户请求登录消息到达   09：48：39：2637
用户请求登录消息到达   09：48：39：4297
用户请求登录消息到达   09：48：39：6287
用户请求登录消息到达   09：48：39：7607
用户请求登录消息到达   09：48：39：9767
用户请求登录消息到达   09：48：40：3737
用户请求登录消息到达   09：48：40：5397
用户请求快速注册消息到达   09：51：22：4687
ip=127.0.0.1:2961请求快速注册   09：51：22：4687
快速注册成功，账号=lin10001昵称=游客10001   09：51：22：4697
用户请求快速注册消息到达   09：51：24：1217
ip=127.0.0.1:2961请求快速注册   09：51：24：1217
快速注册成功，账号=lin10002昵称=游客10002   09：51：24：1217
用户请求快速注册消息到达   09：51：24：3377
ip=127.0.0.1:2961请求快速注册   09：51：24：3377
快速注册成功，账号=lin10003昵称=游客10003   09：51：24：3377
用户请求快速注册消息到达   09：51：24：5527
ip=127.0.0.1:2961请求快速注册   09：51：24：5527
快速注册成功，账号=lin10004昵称=游客10004   09：51：24：5527
用户请求快速注册消息到达   09：51：24：7577
ip=127.0.0.1:2961请求快速注册   09：51：24：7577
快速注册成功，账号=lin10005昵称=游客10005   09：51：24：7577
用户请求快速注册消息到达   09：51：24：9237
ip=127.0.0.1:2961请求快速注册   09：51：24：9237
快速注册成功，账号=lin10006昵称=游客10006   09：51：24：9237
用户请求快速注册消息到达   09：51：25：0887
ip=127.0.0.1:2961请求快速注册   09：51：25：0887
快速注册成功，账号=lin10007昵称=游客10007   09：51：25：0887
用户请求快速注册消息到达   09：51：25：3667
ip=127.0.0.1:2961请求快速注册   09：51：25：3667
快速注册成功，账号=lin10008昵称=游客10008   09：51：25：3667
用户请求快速注册消息到达   09：51：25：4867
ip=127.0.0.1:2961请求快速注册   09：51：25：4867
快速注册成功，账号=lin10009昵称=游客10009   09：51：25：4867
用户请求快速注册消息到达   09：51：25：6857
ip=127.0.0.1:2961请求快速注册   09：51：25：6857
快速注册成功，账号=lin10010昵称=游客10010   09：51：25：6857
用户请求快速注册消息到达   09：51：25：8677
ip=127.0.0.1:2961请求快速注册   09：51：25：8677
快速注册成功，账号=lin10011昵称=游客10011   09：51：25：8677
用户请求快速注册消息到达   09：51：25：9837
ip=127.0.0.1:2961请求快速注册   09：51：25：9837
快速注册成功，账号=lin10012昵称=游客10012   09：51：25：9837
用户请求快速注册消息到达   09：51：53：5067
ip=127.0.0.1:2961请求快速注册   09：51：53：5067
快速注册成功，账号=lin10013昵称=游客10013   09：51：53：5067
用户请求快速注册消息到达   09：51：53：7387
ip=127.0.0.1:2961请求快速注册   09：51：53：7387
快速注册成功，账号=lin10014昵称=游客10014   09：51：53：7387
用户请求快速注册消息到达   09：51：53：9377
ip=127.0.0.1:2961请求快速注册   09：51：53：9377
快速注册成功，账号=lin10015昵称=游客10015   09：51：53：9377
用户请求快速注册消息到达   09：51：54：1197
ip=127.0.0.1:2961请求快速注册   09：51：54：1197
快速注册成功，账号=lin10016昵称=游客10016   09：51：54：1197
用户请求快速注册消息到达   09：51：54：4347
ip=127.0.0.1:2961请求快速注册   09：51：54：4347
快速注册成功，账号=lin10017昵称=游客10017   09：51：54：4347
用户请求快速注册消息到达   09：51：54：6517
ip=127.0.0.1:2961请求快速注册   09：51：54：6517
快速注册成功，账号=lin10018昵称=游客10018   09：51：54：6517
用户请求快速注册消息到达   09：51：54：8317
ip=127.0.0.1:2961请求快速注册   09：51：54：8317
快速注册成功，账号=lin10019昵称=游客10019   09：51：54：8317
用户请求快速注册消息到达   09：51：55：0307
ip=127.0.0.1:2961请求快速注册   09：51：55：0307
快速注册成功，账号=lin10020昵称=游客10020   09：51：55：0307
用户请求快速注册消息到达   09：51：55：1797
ip=127.0.0.1:2961请求快速注册   09：51：55：1797
快速注册成功，账号=lin10021昵称=游客10021   09：51：55：1797
用户请求快速注册消息到达   09：51：55：3617
ip=127.0.0.1:2961请求快速注册   09：51：55：3617
快速注册成功，账号=lin10022昵称=游客10022   09：51：55：3617
用户请求快速注册消息到达   09：51：55：5607
ip=127.0.0.1:2961请求快速注册   09：51：55：5607
快速注册成功，账号=lin10023昵称=游客10023   09：51：55：5607
用户请求快速注册消息到达   09：51：55：9747
ip=127.0.0.1:2961请求快速注册   09：51：55：9747
快速注册成功，账号=lin10024昵称=游客10024   09：51：55：9747
用户请求登录消息到达   09：52：10：9057
用户请求登录消息到达   09：52：12：0637
用户请求登录消息到达   09：52：12：2517
用户请求登录消息到达   09：52：12：4337
用户请求登录消息到达   09：52：12：5977
用户请求登录消息到达   09：52：12：7637
用户请求登录消息到达   09：52：12：9287
用户请求登录消息到达   09：52：13：0947
用户请求登录消息到达   09：52：13：2607
用户请求登录消息到达   09：52：13：4267
用户请求登录消息到达   09：52：13：7907
用户请求登录消息到达   09：52：13：9727
用户请求登录消息到达   09：52：14：1217
用户请求登录消息到达   09：52：14：2877
用户请求登录消息到达   09：52：14：4867
用户请求登录消息到达   09：52：14：6187
用户请求登录消息到达   09：52：14：7847
用户请求登录消息到达   09：52：14：9837
用户请求登录消息到达   09：52：15：3807
用户请求登录消息到达   09：52：15：5797
用户请求登录消息到达   09：52：15：7487
用户退出客户端主动断开连接   09：52：24：9197
1玩家下线了   09：52：24：9207
用户请求快速注册消息到达   09：52：40：9377
ip=127.0.0.1:3002请求快速注册   09：52：40：9377
快速注册成功，账号=lin10025昵称=游客10025   09：52：40：9377
用户请求快速注册消息到达   09：52：44：1937
ip=127.0.0.1:3002请求快速注册   09：52：44：1937
快速注册成功，账号=lin10026昵称=游客10026   09：52：44：1937
用户请求快速注册消息到达   09：52：45：9567
ip=127.0.0.1:3002请求快速注册   09：52：45：9567
快速注册成功，账号=lin10027昵称=游客10027   09：52：45：9567
用户请求登录消息到达   09：52：56：2627
用户请求登录消息到达   09：52：57：3217
用户请求登录消息到达   09：52：57：5207
用户请求登录消息到达   09：52：57：7357
用户请求登录消息到达   09：52：58：0837
用户请求登录消息到达   09：52：58：3657
用户请求登录消息到达   09：52：58：6157
用户请求登录消息到达   09：52：58：7967
用户请求登录消息到达   09：52：58：9617
用户请求登录消息到达   09：52：59：1437
用户请求登录消息到达   09：52：59：2927
用户请求登录消息到达   09：52：59：4587
用户请求登录消息到达   09：52：59：6407
用户请求登录消息到达   09：52：59：8237
用户请求登录消息到达   09：52：59：9887
用户请求登录消息到达   09：53：00：1547
用户请求登录消息到达   09：53：02：6167
用户请求登录消息到达   09：53：03：0647
用户请求登录消息到达   09：53：03：2297
用户请求登录消息到达   09：53：03：4127
用户请求登录消息到达   09：53：03：7767
用户请求登录消息到达   09：53：04：0917
用户退出客户端主动断开连接   10：11：29：7817
25玩家下线了   10：11：29：7817
用户请求快速注册消息到达   05：09：12：4967
ip=127.0.0.1:8816请求快速注册   05：09：12：4967
快速注册成功，账号=lin10001昵称=游客10001   05：09：12：4987
用户请求快速注册消息到达   05：09：14：1217
ip=127.0.0.1:8816请求快速注册   05：09：14：1217
快速注册成功，账号=lin10002昵称=游客10002   05：09：14：1217
用户请求快速注册消息到达   05：09：15：9647
ip=127.0.0.1:8816请求快速注册   05：09：15：9647
快速注册成功，账号=lin10003昵称=游客10003   05：09：15：9647
用户请求快速注册消息到达   05：09：21：9757
ip=127.0.0.1:8816请求快速注册   05：09：21：9757
快速注册成功，账号=lin10004昵称=游客10004   05：09：21：9757
用户请求快速注册消息到达   05：09：40：5657
ip=127.0.0.1:8816请求快速注册   05：09：40：5657
快速注册成功，账号=lin10005昵称=游客10005   05：09：40：5657
用户请求快速注册消息到达   05：09：45：1107
ip=127.0.0.1:8816请求快速注册   05：09：45：1107
快速注册成功，账号=lin10006昵称=游客10006   05：09：45：1107
用户请求快速注册消息到达   05：09：53：0527
ip=127.0.0.1:8816请求快速注册   05：09：53：0527
快速注册成功，账号=lin10007昵称=游客10007   05：09：53：0527
用户请求快速注册消息到达   05：09：59：4767
ip=127.0.0.1:8816请求快速注册   05：09：59：4767
快速注册成功，账号=lin10008昵称=游客10008   05：09：59：4767
用户请求快速注册消息到达   05：10：05：3277
ip=127.0.0.1:8816请求快速注册   05：10：05：3277
快速注册成功，账号=lin10009昵称=游客10009   05：10：05：3277
用户请求快速注册消息到达   05：10：12：4567
ip=127.0.0.1:8816请求快速注册   05：10：12：4567
快速注册成功，账号=lin10010昵称=游客10010   05：10：12：4567
用户请求快速注册消息到达   05：10：12：7437
ip=127.0.0.1:8816请求快速注册   05：10：12：7437
快速注册成功，账号=lin10011昵称=游客10011   05：10：12：7437
用户请求快速注册消息到达   05：10：12：9287
ip=127.0.0.1:8816请求快速注册   05：10：12：9287
快速注册成功，账号=lin10012昵称=游客10012   05：10：12：9287
用户请求快速注册消息到达   05：10：13：1467
ip=127.0.0.1:8816请求快速注册   05：10：13：1467
快速注册成功，账号=lin10013昵称=游客10013   05：10：13：1467
用户请求快速注册消息到达   05：10：13：3427
ip=127.0.0.1:8816请求快速注册   05：10：13：3427
快速注册成功，账号=lin10014昵称=游客10014   05：10：13：3427
用户请求快速注册消息到达   05：10：13：4927
ip=127.0.0.1:8816请求快速注册   05：10：13：4927
快速注册成功，账号=lin10015昵称=游客10015   05：10：13：4927
用户请求快速注册消息到达   05：10：13：8767
ip=127.0.0.1:8816请求快速注册   05：10：13：8767
快速注册成功，账号=lin10016昵称=游客10016   05：10：13：8767
用户请求快速注册消息到达   05：10：14：0627
ip=127.0.0.1:8816请求快速注册   05：10：14：0627
快速注册成功，账号=lin10017昵称=游客10017   05：10：14：0627
用户请求快速注册消息到达   05：10：14：2637
ip=127.0.0.1:8816请求快速注册   05：10：14：2637
快速注册成功，账号=lin10018昵称=游客10018   05：10：14：2637
用户请求快速注册消息到达   05：10：14：4817
ip=127.0.0.1:8816请求快速注册   05：10：14：4817
快速注册成功，账号=lin10019昵称=游客10019   05：10：14：4817
用户请求快速注册消息到达   05：10：15：8117
ip=127.0.0.1:8816请求快速注册   05：10：15：8117
快速注册成功，账号=lin10020昵称=游客10020   05：10：15：8117
用户请求快速注册消息到达   05：10：16：0977
ip=127.0.0.1:8816请求快速注册   05：10：16：0977
快速注册成功，账号=lin10021昵称=游客10021   05：10：16：0977
用户请求快速注册消息到达   05：10：16：3567
ip=127.0.0.1:8816请求快速注册   05：10：16：3567
快速注册成功，账号=lin10022昵称=游客10022   05：10：16：3567
用户请求快速注册消息到达   05：10：16：7627
ip=127.0.0.1:8816请求快速注册   05：10：16：7627
快速注册成功，账号=lin10023昵称=游客10023   05：10：16：7627
用户请求快速注册消息到达   05：10：16：9627
ip=127.0.0.1:8816请求快速注册   05：10：16：9627
快速注册成功，账号=lin10024昵称=游客10024   05：10：16：9627
用户请求快速注册消息到达   05：10：17：1487
ip=127.0.0.1:8816请求快速注册   05：10：17：1487
快速注册成功，账号=lin10025昵称=游客10025   05：10：17：1487
用户请求快速注册消息到达   05：10：17：3687
ip=127.0.0.1:8816请求快速注册   05：10：17：3687
快速注册成功，账号=lin10026昵称=游客10026   05：10：17：3687
用户请求快速注册消息到达   05：10：17：5907
ip=127.0.0.1:8816请求快速注册   05：10：17：5907
快速注册成功，账号=lin10027昵称=游客10027   05：10：17：5907
用户请求快速注册消息到达   05：10：17：8107
ip=127.0.0.1:8816请求快速注册   05：10：17：8107
快速注册成功，账号=lin10028昵称=游客10028   05：10：17：8107
用户请求快速注册消息到达   05：10：18：4707
ip=127.0.0.1:8816请求快速注册   05：10：18：4707
快速注册成功，账号=lin10029昵称=游客10029   05：10：18：4707
用户请求快速注册消息到达   05：10：18：7567
ip=127.0.0.1:8816请求快速注册   05：10：18：7567
快速注册成功，账号=lin10030昵称=游客10030   05：10：18：7567
用户请求快速注册消息到达   05：10：19：0247
ip=127.0.0.1:8816请求快速注册   05：10：19：0247
快速注册成功，账号=lin10031昵称=游客10031   05：10：19：0247
用户请求快速注册消息到达   05：10：24：4767
ip=127.0.0.1:8816请求快速注册   05：10：24：4767
快速注册成功，账号=lin10032昵称=游客10032   05：10：24：4767
用户请求快速注册消息到达   05：11：57：6407
ip=127.0.0.1:8906请求快速注册   05：11：57：6407
快速注册成功，账号=lin10001昵称=游客10001   05：11：57：6417
用户请求快速注册消息到达   05：12：02：6537
ip=127.0.0.1:8906请求快速注册   05：12：02：6537
快速注册成功，账号=lin10002昵称=游客10002   05：12：02：6537
用户请求快速注册消息到达   05：12：06：0607
ip=127.0.0.1:8906请求快速注册   05：12：06：0607
快速注册成功，账号=lin10003昵称=游客10003   05：12：06：0607
用户请求快速注册消息到达   05：12：07：1817
ip=127.0.0.1:8906请求快速注册   05：12：07：1817
快速注册成功，账号=lin10004昵称=游客10004   05：12：07：1817
用户请求快速注册消息到达   05：12：07：4157
ip=127.0.0.1:8906请求快速注册   05：12：07：4157
快速注册成功，账号=lin10005昵称=游客10005   05：12：07：4157
用户请求快速注册消息到达   05：12：07：6827
ip=127.0.0.1:8906请求快速注册   05：12：07：6827
快速注册成功，账号=lin10006昵称=游客10006   05：12：07：6827
用户请求快速注册消息到达   05：12：07：9027
ip=127.0.0.1:8906请求快速注册   05：12：07：9027
快速注册成功，账号=lin10007昵称=游客10007   05：12：07：9027
用户请求快速注册消息到达   05：12：09：4577
ip=127.0.0.1:8906请求快速注册   05：12：09：4577
快速注册成功，账号=lin10008昵称=游客10008   05：12：09：4577
用户请求快速注册消息到达   05：12：10：3867
ip=127.0.0.1:8906请求快速注册   05：12：10：3867
快速注册成功，账号=lin10009昵称=游客10009   05：12：10：3867
用户请求快速注册消息到达   05：12：11：5987
ip=127.0.0.1:8906请求快速注册   05：12：11：5987
快速注册成功，账号=lin10010昵称=游客10010   05：12：11：5987
用户请求快速注册消息到达   05：12：12：7207
ip=127.0.0.1:8906请求快速注册   05：12：12：7207
快速注册成功，账号=lin10011昵称=游客10011   05：12：12：7207
用户请求快速注册消息到达   05：12：16：4287
ip=127.0.0.1:8906请求快速注册   05：12：16：4287
快速注册成功，账号=lin10012昵称=游客10012   05：12：16：4287
用户请求快速注册消息到达   05：14：38：6007
ip=127.0.0.1:8906请求快速注册   05：14：38：6007
快速注册成功，账号=lin10013昵称=游客10013   05：14：38：6007
用户请求快速注册消息到达   05：14：38：9897
ip=127.0.0.1:8906请求快速注册   05：14：38：9897
快速注册成功，账号=lin10014昵称=游客10014   05：14：38：9897
用户请求快速注册消息到达   05：14：39：2437
ip=127.0.0.1:8906请求快速注册   05：14：39：2437
快速注册成功，账号=lin10015昵称=游客10015   05：14：39：2437
用户请求快速注册消息到达   05：14：39：8497
ip=127.0.0.1:8906请求快速注册   05：14：39：8497
快速注册成功，账号=lin10016昵称=游客10016   05：14：39：8497
