用户请求快速注册消息到达   10：54：44：0631
ip=127.0.0.1:4953请求快速注册   10：54：44：0631
快速注册成功，账号=lin10001昵称=游客10001   10：54：44：0641
用户请求快速注册消息到达   11：34：26：5086
ip=127.0.0.1:1916请求快速注册   11：34：26：5086
快速注册成功，账号=lin10001昵称=游客10001   11：34：26：5096
用户退出客户端主动断开连接   11：34：32：7996
用户请求快速注册消息到达   11：34：49：8286
ip=127.0.0.1:1929请求快速注册   11：34：49：8286
快速注册成功，账号=lin10002昵称=游客10002   11：34：49：8286
用户请求快速注册消息到达   11：35：08：2046
ip=127.0.0.1:1929请求快速注册   11：35：08：2046
快速注册成功，账号=lin10003昵称=游客10003   11：35：08：2046
用户请求快速注册消息到达   11：46：49：0776
ip=127.0.0.1:2327请求快速注册   11：46：49：0776
快速注册成功，账号=lin10001昵称=游客10001   11：46：49：0786
用户请求快速注册消息到达   11：46：56：3086
ip=127.0.0.1:2327请求快速注册   11：46：56：3086
快速注册成功，账号=lin10002昵称=游客10002   11：46：56：3086
用户请求快速注册消息到达   11：54：15：0936
ip=127.0.0.1:2567请求快速注册   11：54：15：0936
快速注册成功，账号=lin10001昵称=游客10001   11：54：15：0946
用户退出客户端主动断开连接   11：54：36：7046
用户请求快速注册消息到达   11：54：57：3676
ip=127.0.0.1:2587请求快速注册   11：54：57：3676
快速注册成功，账号=lin10002昵称=游客10002   11：54：57：3676
用户请求快速注册消息到达   11：58：00：6246
ip=127.0.0.1:2686请求快速注册   11：58：00：6246
快速注册成功，账号=lin10001昵称=游客10001   11：58：00：6256
用户请求快速注册消息到达   11：58：05：1426
ip=127.0.0.1:2686请求快速注册   11：58：05：1426
快速注册成功，账号=lin10002昵称=游客10002   11：58：05：1426
用户退出客户端主动断开连接   11：58：09：8286
1玩家下线了   11：58：09：8286
用户请求快速注册消息到达   11：58：33：0386
ip=127.0.0.1:2707请求快速注册   11：58：33：0386
快速注册成功，账号=lin10003昵称=游客10003   11：58：33：0386
用户请求登录消息到达   11：58：51：2106
用户请求登录消息到达   11：59：07：3126
用户请求快速注册消息到达   11：59：23：2426
ip=127.0.0.1:2707请求快速注册   11：59：23：2426
快速注册成功，账号=lin10004昵称=游客10004   11：59：23：2426
用户请求登录消息到达   11：59：35：7486
用户请求快速注册消息到达   12：02：02：6556
ip=127.0.0.1:2707请求快速注册   12：02：02：6556
快速注册成功，账号=lin10005昵称=游客10005   12：02：02：6556
用户退出客户端主动断开连接   12：02：10：7726
3玩家下线了   12：02：10：7726
用户请求登录消息到达   12：02：35：1996
username=lin10005请求登录验证成功   12：02：35：1996
用户退出客户端主动断开连接   12：03：59：0256
5玩家下线了   12：03：59：0256
用户请求快速注册消息到达   03：54：00：0856
ip=127.0.0.1:26004请求快速注册   03：54：00：0856
快速注册成功，账号=lin10001昵称=游客10001   03：54：00：0876
用户退出客户端主动断开连接   03：54：12：4826
1玩家下线了   03：54：12：4826
用户请求快速注册消息到达   03：54：27：9526
ip=127.0.0.1:26021请求快速注册   03：54：27：9526
快速注册成功，账号=lin10002昵称=游客10002   03：54：27：9526
用户请求快速注册消息到达   04：01：51：6846
ip=127.0.0.1:26261请求快速注册   04：01：51：6846
快速注册成功，账号=lin10001昵称=游客10001   04：01：51：6866
用户退出客户端主动断开连接   04：02：00：2396
1玩家下线了   04：02：00：2396
用户请求登录消息到达   04：02：24：1876
username=lin10001请求登录验证成功   04：02：24：1886
用户请求登录消息到达   04：02：30：9026
用户请求登录消息到达   04：02：40：6516
用户退出客户端主动断开连接   04：03：05：8496
1玩家下线了   04：03：05：8496
用户请求快速注册消息到达   06：30：12：4716
ip=127.0.0.1:6936请求快速注册   06：30：12：4716
快速注册成功，账号=lin10001昵称=游客10001   06：30：12：4736
用户请求快速注册消息到达   06：30：19：1446
ip=127.0.0.1:6936请求快速注册   06：30：19：1446
快速注册成功，账号=lin10002昵称=游客10002   06：30：19：1446
用户退出客户端主动断开连接   06：30：51：0406
1玩家下线了   06：30：51：0416
用户请求快速注册消息到达   06：31：56：1276
ip=127.0.0.1:6989请求快速注册   06：31：56：1276
快速注册成功，账号=lin10003昵称=游客10003   06：31：56：1276
用户请求快速注册消息到达   06：32：57：3716
ip=127.0.0.1:7027请求快速注册   06：32：57：3726
快速注册成功，账号=lin10001昵称=游客10001   06：32：57：3746
用户请求登录消息到达   06：35：00：1256
用户请求快速注册消息到达   06：37：13：8286
ip=127.0.0.1:7153请求快速注册   06：37：13：8296
快速注册成功，账号=lin10001昵称=游客10001   06：37：13：8306
用户请求登录消息到达   06：37：25：7576
用户请求登录消息到达   06：39：03：6876
用户请求登录消息到达   06：39：08：1146
用户请求登录消息到达   06：39：19：5216
用户退出客户端主动断开连接   06：39：56：8046
1玩家下线了   06：39：56：8056
用户请求登录消息到达   06：40：20：9736
用户请求登录消息到达   06：40：37：2306
用户请求登录消息到达   06：44：07：5456
用户请求登录消息到达   06：44：19：3246
用户请求登录消息到达   06：44：41：9996
用户退出客户端主动断开连接   06：47：52：1506
用户请求快速注册消息到达   06：48：07：7096
ip=127.0.0.1:7557请求快速注册   06：48：07：7106
快速注册成功，账号=lin10001昵称=游客10001   06：48：07：7106
用户请求登录消息到达   06：48：19：4966
用户请求登录消息到达   06：48：29：6836
用户请求登录消息到达   06：48：30：1276
用户请求登录消息到达   06：48：30：3516
用户请求登录消息到达   06：48：30：5736
用户请求登录消息到达   06：48：30：7616
用户请求登录消息到达   06：48：30：9346
用户请求登录消息到达   06：48：31：3996
用户请求登录消息到达   06：48：32：0996
用户请求登录消息到达   06：48：32：5066
用户请求登录消息到达   06：48：33：3326
用户请求登录消息到达   06：48：33：5416
用户请求登录消息到达   06：48：33：7476
用户请求登录消息到达   06：48：34：1406
用户请求登录消息到达   06：48：34：3656
用户退出客户端主动断开连接   06：48：52：7486
1玩家下线了   06：48：52：7486
用户请求快速注册消息到达   06：49：13：6326
ip=127.0.0.1:7593请求快速注册   06：49：13：6326
快速注册成功，账号=lin10002昵称=游客10002   06：49：13：6326
用户请求登录消息到达   06：49：21：5436
用户请求登录消息到达   06：49：23：3346
用户请求登录消息到达   06：49：23：4926
用户请求登录消息到达   06：49：23：7156
用户请求登录消息到达   06：49：23：9396
用户请求登录消息到达   06：49：25：6266
用户请求登录消息到达   06：49：26：4046
用户请求登录消息到达   06：49：27：2096
用户请求登录消息到达   06：49：27：5676
用户请求登录消息到达   06：49：27：8086
用户请求登录消息到达   06：49：28：2506
用户退出客户端主动断开连接   07：00：41：6996
用户请求快速注册消息到达   07：01：07：7866
ip=127.0.0.1:7974请求快速注册   07：01：07：7866
快速注册成功，账号=lin10001昵称=游客10001   07：01：07：7876
用户请求快速注册消息到达   07：01：19：6396
ip=127.0.0.1:7974请求快速注册   07：01：19：6396
快速注册成功，账号=lin10002昵称=游客10002   07：01：19：6396
用户请求登录消息到达   07：01：28：2586
用户请求登录消息到达   07：01：33：0246
用户请求登录消息到达   07：01：33：8236
用户请求登录消息到达   07：01：34：3616
用户请求登录消息到达   07：01：34：5266
用户请求登录消息到达   07：01：34：7346
用户请求登录消息到达   07：01：34：9076
用户请求登录消息到达   07：02：01：4436
用户请求登录消息到达   07：02：05：5946
用户请求登录消息到达   07：02：07：3786
用户请求登录消息到达   07：02：07：7536
用户请求登录消息到达   07：02：07：9776
用户请求登录消息到达   07：02：59：8036
用户请求登录消息到达   07：03：00：1776
用户请求登录消息到达   07：03：00：4716
用户请求登录消息到达   07：03：08：3526
用户请求登录消息到达   07：03：08：5586
用户请求登录消息到达   07：03：09：2306
用户请求登录消息到达   07：03：09：4296
用户请求登录消息到达   07：03：09：6696
用户请求登录消息到达   07：03：10：2146
用户请求登录消息到达   07：03：10：4246
用户退出客户端主动断开连接   07：03：12：5186
1玩家下线了   07：03：12：5186
用户请求登录消息到达   07：03：29：9936
用户请求登录消息到达   07：03：30：5336
用户请求登录消息到达   07：03：30：7236
用户请求登录消息到达   07：03：30：9856
用户请求登录消息到达   07：03：31：1736
用户请求登录消息到达   07：03：31：3466
用户退出客户端主动断开连接   07：03：37：4976
