用户请求快速注册消息到达   02：38：41：3450
ip=127.0.0.1:58980请求快速注册   02：38：41：3450
快速注册成功，账号=lin10001昵称=游客10001   02：38：41：3480
1获取用户信息，成功类   02：38：41：3980
1请求创建匹配对列成功，对列号为：580247   02：38：45：0220
1请求开始匹配成功，创建一个匹配对列   02：38：45：0230
用户请求快速注册消息到达   02：39：18：1570
ip=127.0.0.1:59012请求快速注册   02：39：18：1570
快速注册成功，账号=lin10002昵称=游客10002   02：39：18：1570
2获取用户信息，成功类   02：39：18：1820
2请求加入匹配对列成功，对列号为：580247   02：39：21：4110
580247对列当前匹配成功   02：39：21：4110
2请求开始匹配成功，创建一个匹配对列   02：39：21：4110
580247房间初始化成功   02：39：23：4280
580247房间_1_2_创建成功   02：39：23：4290
2玩家准备成功   02：39：24：5000
1玩家准备成功   02：39：34：0800
580247房间全部准备，游戏即将开始   02：39：34：0800
580247赢三张房间游戏开始   02：39：34：0820
玩家手牌：1:V7C2V6C1V9C2   02：39：34：0820
玩家手牌：2:V6C2V1C1V7C4   02：39：34：0820
请求下注20   02：39：39：8860
2请求错误，当前不是此玩家   02：39：39：8870
请求下注10   02：39：42：0220
1下注10房间号580247是否看牌:False   02：39：42：0230
请求下注20   02：39：44：5020
2下注20房间号580247是否看牌:False   02：39：44：5030
请求下注-1   02：39：46：7130
1下注20房间号580247是否看牌:False   02：39：46：7130
2请求看牌成功,房间号：580247   02：39：49：1510
2请求和1比牌，比牌结果为：True   02：39：54：6210
580247赢三张房间游戏结束   02：39：54：6220
用户退出客户端主动断开连接   02：40：20：9160
2请求离开匹配对列成功，移除匹配   02：40：20：9180
2玩家下线了   02：40：20：9180
用户请求快速注册消息到达   03：27：12：5250
ip=127.0.0.1:60596请求快速注册   03：27：12：5250
快速注册成功，账号=lin10001昵称=游客10001   03：27：12：5280
1获取用户信息，成功类   03：27：12：5620
1请求创建匹配对列成功，对列号为：847768   03：27：16：1270
1请求开始匹配成功，创建一个匹配对列   03：27：16：1280
用户请求快速注册消息到达   03：29：27：6520
ip=127.0.0.1:60627请求快速注册   03：29：27：6520
快速注册成功，账号=lin10002昵称=游客10002   03：29：27：6520
2获取用户信息，成功类   03：29：27：6960
2请求加入匹配对列成功，对列号为：847768   03：29：32：0580
847768对列当前匹配成功   03：29：32：0590
2请求开始匹配成功，创建一个匹配对列   03：29：32：0590
847768房间初始化成功   03：29：34：0710
847768房间_1_2_创建成功   03：29：34：0710
2玩家准备成功   03：29：35：1640
1玩家准备成功   03：30：26：9250
847768房间全部准备，游戏即将开始   03：30：26：9250
847768赢三张房间游戏开始   03：30：26：9270
玩家手牌：1:V1C3V11C1V8C1   03：30：26：9280
玩家手牌：2:V7C2V9C3V4C4   03：30：26：9280
1请求看牌成功,房间号：847768   03：31：26：4370
1请求和2比牌，比牌结果为：True   03：31：31：9070
847768赢三张房间游戏结束   03：31：31：9070
1请求开始匹配   03：31：45：0180
用户退出客户端主动断开连接   03：31：48：4870
1请求离开匹配对列成功，移除匹配   03：31：48：4900
1玩家下线了   03：31：48：4900
用户请求快速注册消息到达   04：37：04：8890
ip=127.0.0.1:62942请求快速注册   04：37：04：8890
快速注册成功，账号=lin10001昵称=游客10001   04：37：04：8920
1获取用户信息，成功类   04：37：04：9230
1请求创建匹配对列成功，对列号为：206234   04：37：08：2600
1请求开始匹配成功，创建一个匹配对列   04：37：08：2610
用户请求快速注册消息到达   04：37：19：5490
ip=127.0.0.1:62932请求快速注册   04：37：19：5490
快速注册成功，账号=lin10002昵称=游客10002   04：37：19：5490
2获取用户信息，成功类   04：37：19：5950
2请求加入匹配对列成功，对列号为：206234   04：37：22：8910
206234对列当前匹配成功   04：37：22：8910
2请求开始匹配成功，创建一个匹配对列   04：37：22：8910
206234房间初始化成功   04：37：24：9150
206234房间_1_2_创建成功   04：37：24：9150
1玩家准备成功   04：37：28：5810
2玩家准备成功   04：37：31：5710
206234房间全部准备，游戏即将开始   04：37：31：5710
206234赢三张房间游戏开始   04：37：31：5720
玩家手牌：1:V13C2V7C3V9C1   04：37：31：5730
玩家手牌：2:V2C4V13C1V10C4   04：37：31：5730
请求下注10   04：37：37：3150
1下注10房间号206234是否看牌:False   04：37：37：3170
请求下注-1   04：37：39：0070
2下注10房间号206234是否看牌:False   04：37：39：0080
2请求看牌成功,房间号：206234   04：37：43：2630
1请求比牌错误，当前不是此玩家   04：37：46：7380
1请求和2比牌，比牌结果为：False   04：37：53：7320
206234赢三张房间游戏结束   04：37：53：7320
206234房间即将解散   04：37：58：7400
1请求创建匹配对列成功，对列号为：615245   04：38：11：1620
1请求开始匹配成功，创建一个匹配对列   04：38：11：1620
2请求加入匹配对列成功，对列号为：615245   04：38：14：7630
615245对列当前匹配成功   04：38：14：7630
2请求开始匹配成功，创建一个匹配对列   04：38：14：7630
615245房间初始化成功   04：38：16：7750
615245房间_1_2_创建成功   04：38：16：7750
2玩家准备成功   04：38：17：8520
1玩家准备成功   04：38：22：8810
615245房间全部准备，游戏即将开始   04：38：22：8810
615245赢三张房间游戏开始   04：38：22：8810
玩家手牌：1:V12C4V8C4V2C3   04：38：22：8810
玩家手牌：2:V13C1V10C4V11C2   04：38：22：8810
请求下注10   04：38：31：7940
1下注10房间号615245是否看牌:False   04：38：31：7950
请求下注20   04：38：33：9500
2下注20房间号615245是否看牌:False   04：38：33：9500
请求下注-1   04：38：35：7380
2请求错误，当前不是此玩家   04：38：35：7380
2请求弃牌成功   04：38：39：5180
615245赢三张房间游戏结束   04：38：39：5180
请求下注-1   04：38：43：2930
请求错误，没有此玩家   04：38：43：2930
615245房间即将解散   04：38：44：5310
1请求创建匹配对列成功，对列号为：186736   04：38：48：7110
1请求开始匹配成功，创建一个匹配对列   04：38：48：7110
2请求加入匹配对列成功，对列号为：186736   04：38：53：1130
186736对列当前匹配成功   04：38：53：1130
2请求开始匹配成功，创建一个匹配对列   04：38：53：1130
186736房间初始化成功   04：38：55：1320
186736房间_1_2_创建成功   04：38：55：1320
2玩家准备成功   04：38：58：7720
1玩家准备成功   04：39：04：1240
186736房间全部准备，游戏即将开始   04：39：04：1240
186736赢三张房间游戏开始   04：39：04：1240
玩家手牌：1:V9C4V2C4V5C2   04：39：04：1240
玩家手牌：2:V2C1V10C1V8C1   04：39：04：1240
用户退出客户端主动断开连接   04：39：36：2610
1请求离开匹配对列成功，移除匹配   04：39：36：2630
1玩家下线了   04：39：36：2640
