用户请求快速注册消息到达   04：29：05：4872
ip=127.0.0.1:57325请求快速注册   04：29：05：4882
快速注册成功，账号=lin10001昵称=游客10001   04：29：05：4962
1获取用户信息，成功类   04：29：05：5642
1请求创建匹配对列成功，对列号为：586325   04：29：10：6712
1请求开始匹配成功，创建一个匹配对列   04：29：10：6722
用户请求快速注册消息到达   04：29：48：8052
ip=127.0.0.1:57553请求快速注册   04：29：48：8052
快速注册成功，账号=lin10002昵称=游客10002   04：29：48：8052
2获取用户信息，成功类   04：29：48：8402
2请求加入匹配对列成功，对列号为：586325   04：29：51：8952
586325对列当前匹配成功   04：29：51：8962
2请求开始匹配成功，创建一个匹配对列   04：29：51：8962
586325房间初始化成功   04：29：53：9092
586325房间_1_2_创建成功   04：29：53：9092
2玩家准备成功   04：29：54：9922
1玩家准备成功   04：30：01：7892
586325房间全部准备，游戏即将开始   04：30：01：7892
586325赢三张房间游戏开始   04：30：01：7902
玩家手牌：1:V12C3V6C3V4C4   04：30：01：7902
玩家手牌：2:V3C3V12C2V1C3   04：30：01：7912
用户退出客户端主动断开连接   04：30：16：8732
1请求离开匹配对列成功，移除匹配   04：30：16：8752
1玩家下线了   04：30：16：8962
用户请求快速注册消息到达   04：34：41：5792
ip=127.0.0.1:58137请求快速注册   04：34：41：5792
快速注册成功，账号=lin10001昵称=游客10001   04：34：41：5822
1获取用户信息，成功类   04：34：41：6142
1请求创建匹配对列成功，对列号为：886431   04：34：44：9842
1请求开始匹配成功，创建一个匹配对列   04：34：44：9852
用户请求快速注册消息到达   04：34：52：2502
ip=127.0.0.1:58082请求快速注册   04：34：52：2502
快速注册成功，账号=lin10002昵称=游客10002   04：34：52：2502
2获取用户信息，成功类   04：34：52：2852
2请求加入匹配对列成功，对列号为：886431   04：34：55：1732
886431对列当前匹配成功   04：34：55：1742
2请求开始匹配成功，创建一个匹配对列   04：34：55：1742
886431房间初始化成功   04：34：57：1822
886431房间_1_2_创建成功   04：34：57：1822
2玩家准备成功   04：34：58：2392
1玩家准备成功   04：35：11：2032
886431房间全部准备，游戏即将开始   04：35：11：2032
886431赢三张房间游戏开始   04：35：11：2052
玩家手牌：1:V2C2V5C3V7C2   04：35：11：2052
玩家手牌：2:V12C1V12C3V7C3   04：35：11：2052
用户退出客户端主动断开连接   04：36：10：0512
1请求离开匹配对列成功，移除匹配   04：36：10：0532
1玩家下线了   04：36：10：0542
用户请求快速注册消息到达   04：39：06：3522
ip=127.0.0.1:59080请求快速注册   04：39：06：3522
快速注册成功，账号=lin10001昵称=游客10001   04：39：06：3552
1获取用户信息，成功类   04：39：06：3982
1请求创建匹配对列成功，对列号为：744998   04：39：09：5522
1请求开始匹配成功，创建一个匹配对列   04：39：09：5532
用户请求快速注册消息到达   04：39：29：3792
ip=127.0.0.1:59134请求快速注册   04：39：29：3792
快速注册成功，账号=lin10002昵称=游客10002   04：39：29：3792
2获取用户信息，成功类   04：39：29：4232
2请求加入匹配对列成功，对列号为：744998   04：39：32：5562
744998对列当前匹配成功   04：39：32：5572
2请求开始匹配成功，创建一个匹配对列   04：39：32：5572
744998房间初始化成功   04：39：34：5672
744998房间_1_2_创建成功   04：39：34：5672
2玩家准备成功   04：39：35：6412
1玩家准备成功   04：39：39：5732
744998房间全部准备，游戏即将开始   04：39：39：5732
744998赢三张房间游戏开始   04：39：39：5742
玩家手牌：1:V11C4V9C2V4C2   04：39：39：5752
玩家手牌：2:V13C3V10C4V9C1   04：39：39：5752
用户退出客户端主动断开连接   04：40：02：7472
1请求离开匹配对列成功，移除匹配   04：40：02：7502
1玩家下线了   04：40：02：7512
用户请求快速注册消息到达   04：43：50：4622
ip=127.0.0.1:59702请求快速注册   04：43：50：4622
快速注册成功，账号=lin10001昵称=游客10001   04：43：50：4652
1获取用户信息，成功类   04：43：50：5142
1请求创建匹配对列成功，对列号为：674132   04：43：54：1602
1请求开始匹配成功，创建一个匹配对列   04：43：54：1612
用户请求快速注册消息到达   04：44：24：8572
ip=127.0.0.1:59794请求快速注册   04：44：24：8572
快速注册成功，账号=lin10002昵称=游客10002   04：44：24：8572
2获取用户信息，成功类   04：44：24：8952
2请求加入匹配对列成功，对列号为：674132   04：44：27：9282
674132对列当前匹配成功   04：44：27：9292
2请求开始匹配成功，创建一个匹配对列   04：44：27：9292
674132房间初始化成功   04：44：29：9552
674132房间_1_2_创建成功   04：44：29：9552
2玩家准备成功   04：44：30：9882
1玩家准备成功   04：44：37：6192
674132房间全部准备，游戏即将开始   04：44：37：6192
674132赢三张房间游戏开始   04：44：37：6202
玩家手牌：1:V5C1V1C3V3C2   04：44：37：6202
玩家手牌：2:V12C4V7C4V13C3   04：44：37：6212
用户退出客户端主动断开连接   04：45：01：0442
2请求离开匹配对列成功，移除匹配   04：45：01：0462
2玩家下线了   04：45：01：0472
