用户请求快速注册消息到达   01：19：36：5507
ip=127.0.0.1:58234请求快速注册   01：19：36：5507
快速注册成功，账号=lin10001昵称=游客10001   01：19：36：5537
1获取用户信息，成功类   01：19：36：6027
1请求创建匹配对列成功，对列号为：381117   01：19：39：9697
1请求开始匹配成功，创建一个匹配对列   01：19：39：9707
用户请求快速注册消息到达   01：19：58：3487
ip=127.0.0.1:58256请求快速注册   01：19：58：3487
快速注册成功，账号=lin10002昵称=游客10002   01：19：58：3487
2获取用户信息，成功类   01：19：58：3867
2请求加入匹配对列成功，对列号为：381117   01：20：01：8347
381117对列当前匹配成功   01：20：01：8347
2请求开始匹配成功，创建一个匹配对列   01：20：01：8347
381117房间初始化成功   01：20：03：8777
381117房间_1_2_创建成功   01：20：03：8777
2玩家准备成功   01：20：04：9107
1玩家准备成功   01：20：18：9407
381117房间全部准备，游戏即将开始   01：20：18：9407
381117赢三张房间游戏开始   01：20：18：9437
玩家手牌：1:V11C3V9C1V4C2   01：20：18：9437
玩家手牌：2:V2C1V8C1V11C4   01：20：18：9437
用户退出客户端主动断开连接   01：22：41：8417
2请求离开匹配对列成功，移除匹配   01：22：41：8477
2玩家下线了   01：22：41：8487
用户请求快速注册消息到达   01：23：13：9807
ip=127.0.0.1:58350请求快速注册   01：23：13：9807
快速注册成功，账号=lin10003昵称=游客10003   01：23：13：9807
3获取用户信息，成功类   01：23：14：0167
3请求加入匹配对列成功，对列号为：381117   01：23：17：3877
381117对列当前匹配成功   01：23：17：3877
3请求开始匹配成功，创建一个匹配对列   01：23：17：3877
381117房间已经存在，不可重新创建   01：23：19：3937
用户请求快速注册消息到达   01：28：47：2787
ip=127.0.0.1:58554请求快速注册   01：28：47：2787
快速注册成功，账号=lin10001昵称=游客10001   01：28：47：2817
1获取用户信息，成功类   01：28：47：3367
1请求创建匹配对列成功，对列号为：912075   01：28：51：6957
1请求开始匹配成功，创建一个匹配对列   01：28：51：6967
用户退出客户端主动断开连接   01：29：40：6637
1请求离开匹配对列成功，移除匹配对列912075   01：29：40：6657
1玩家下线了   01：29：40：6667
用户请求快速注册消息到达   01：30：38：1567
ip=127.0.0.1:58623请求快速注册   01：30：38：1567
快速注册成功，账号=lin10002昵称=游客10002   01：30：38：1567
2获取用户信息，成功类   01：30：38：1947
2请求创建匹配对列成功，对列号为：180502   01：30：41：6777
2请求开始匹配成功，创建一个匹配对列   01：30：41：6787
用户请求快速注册消息到达   01：31：04：3017
ip=127.0.0.1:58643请求快速注册   01：31：04：3017
快速注册成功，账号=lin10003昵称=游客10003   01：31：04：3017
3获取用户信息，成功类   01：31：04：3477
3请求加入匹配对列成功，对列号为：180502   01：31：08：2397
180502对列当前匹配成功   01：31：08：2407
3请求开始匹配成功，创建一个匹配对列   01：31：08：2407
180502房间初始化成功   01：31：10：2607
180502房间_2_3_创建成功   01：31：10：2607
3玩家准备成功   01：31：11：3317
用户退出客户端主动断开连接   01：37：28：9427
3请求离开匹配对列成功，移除匹配   01：37：28：9457
3玩家下线了   01：37：28：9457
用户请求快速注册消息到达   01：37：57：0747
ip=127.0.0.1:58856请求快速注册   01：37：57：0747
快速注册成功，账号=lin10004昵称=游客10004   01：37：57：0747
4获取用户信息，成功类   01：37：57：1177
4请求加入匹配对列成功，对列号为：180502   01：38：00：2487
180502对列当前匹配成功   01：38：00：2487
4请求开始匹配成功，创建一个匹配对列   01：38：00：2487
180502房间已经存在，不可重新创建   01：38：02：2637
用户退出客户端主动断开连接   01：40：37：3507
4请求离开匹配对列成功，移除匹配   01：40：37：3537
4玩家下线了   01：40：37：3537
用户请求快速注册消息到达   01：42：20：0237
ip=127.0.0.1:59001请求快速注册   01：42：20：0247
快速注册成功，账号=lin10001昵称=游客10001   01：42：20：0267
1获取用户信息，成功类   01：42：20：0797
1请求创建匹配对列成功，对列号为：266985   01：42：24：3257
1请求开始匹配成功，创建一个匹配对列   01：42：24：3267
用户请求快速注册消息到达   01：43：00：6267
ip=127.0.0.1:59024请求快速注册   01：43：00：6267
快速注册成功，账号=lin10002昵称=游客10002   01：43：00：6267
2获取用户信息，成功类   01：43：00：6657
2请求加入匹配对列成功，对列号为：266985   01：43：04：0307
266985对列当前匹配成功   01：43：04：0307
2请求开始匹配成功，创建一个匹配对列   01：43：04：0307
266985房间初始化成功   01：43：06：0527
266985房间_1_2_创建成功   01：43：06：0527
2玩家准备成功   01：43：07：1207
1玩家准备成功   01：43：16：4567
266985房间全部准备，游戏即将开始   01：43：16：4567
266985赢三张房间游戏开始   01：43：16：4577
玩家手牌：1:V5C1V8C1V7C2   01：43：16：4587
玩家手牌：2:V13C3V8C4V8C3   01：43：16：4587
用户请求快速注册消息到达   01：50：53：8207
ip=127.0.0.1:59271请求快速注册   01：50：53：8217
快速注册成功，账号=lin10001昵称=游客10001   01：50：53：8247
1获取用户信息，成功类   01：50：53：8657
1请求创建匹配对列成功，对列号为：489618   01：51：07：9017
1请求开始匹配成功，创建一个匹配对列   01：51：07：9037
用户请求快速注册消息到达   01：51：33：7297
ip=127.0.0.1:59300请求快速注册   01：51：33：7297
快速注册成功，账号=lin10002昵称=游客10002   01：51：33：7297
2获取用户信息，成功类   01：51：33：7677
2请求加入匹配对列成功，对列号为：489618   01：51：41：2657
489618对列当前匹配成功   01：51：41：2657
2请求开始匹配成功，创建一个匹配对列   01：51：41：2657
489618房间初始化成功   01：51：43：2797
489618房间_1_2_创建成功   01：51：43：2797
2玩家准备成功   01：51：44：3267
用户退出客户端主动断开连接   01：52：31：6897
2请求离开匹配对列成功，移除匹配   01：52：31：6917
2玩家下线了   01：52：31：6927
用户请求快速注册消息到达   02：04：11：1437
ip=127.0.0.1:59714请求快速注册   02：04：11：1437
快速注册成功，账号=lin10001昵称=游客10001   02：04：11：1467
1获取用户信息，成功类   02：04：11：2177
1请求创建匹配对列成功，对列号为：931178   02：04：18：0717
1请求开始匹配成功，创建一个匹配对列   02：04：18：0727
用户请求快速注册消息到达   02：04：55：7397
ip=127.0.0.1:59741请求快速注册   02：04：55：7397
快速注册成功，账号=lin10002昵称=游客10002   02：04：55：7397
2获取用户信息，成功类   02：04：55：7717
2请求加入匹配对列成功，对列号为：931178   02：04：59：5847
931178对列当前匹配成功   02：04：59：5847
2请求开始匹配成功，创建一个匹配对列   02：04：59：5847
931178房间初始化成功   02：05：01：6077
931178房间_1_2_创建成功   02：05：01：6077
2玩家准备成功   02：05：02：6767
1玩家准备成功   02：05：22：1377
931178房间全部准备，游戏即将开始   02：05：22：1377
931178赢三张房间游戏开始   02：05：22：1397
玩家手牌：1:V5C4V9C1V7C1   02：05：22：1397
玩家手牌：2:V2C2V6C3V2C4   02：05：22：1407
用户请求快速注册消息到达   02：07：44：8347
ip=127.0.0.1:59837请求快速注册   02：07：44：8347
快速注册成功，账号=lin10001昵称=游客10001   02：07：44：8387
1获取用户信息，成功类   02：07：44：8787
1请求创建匹配对列成功，对列号为：933395   02：07：48：2807
1请求开始匹配成功，创建一个匹配对列   02：07：48：2817
用户请求快速注册消息到达   02：08：25：7527
ip=127.0.0.1:59858请求快速注册   02：08：25：7527
快速注册成功，账号=lin10002昵称=游客10002   02：08：25：7527
2获取用户信息，成功类   02：08：25：7897
2请求加入匹配对列成功，对列号为：933395   02：08：29：1217
933395对列当前匹配成功   02：08：29：1217
2请求开始匹配成功，创建一个匹配对列   02：08：29：1217
933395房间初始化成功   02：08：31：1537
933395房间_1_2_创建成功   02：08：31：1537
2玩家准备成功   02：08：32：1857
用户请求快速注册消息到达   02：14：59：7147
ip=127.0.0.1:60079请求快速注册   02：14：59：7157
快速注册成功，账号=lin10001昵称=游客10001   02：14：59：7187
1获取用户信息，成功类   02：14：59：7677
1请求创建匹配对列成功，对列号为：976333   02：15：03：4707
1请求开始匹配成功，创建一个匹配对列   02：15：03：4727
用户请求快速注册消息到达   02：15：27：4267
ip=127.0.0.1:60097请求快速注册   02：15：27：4267
快速注册成功，账号=lin10002昵称=游客10002   02：15：27：4267
2获取用户信息，成功类   02：15：27：4647
2请求加入匹配对列成功，对列号为：976333   02：15：31：4707
976333对列当前匹配成功   02：15：31：4717
2请求开始匹配成功，创建一个匹配对列   02：15：31：4717
976333房间初始化成功   02：15：33：4987
976333房间_1_2_创建成功   02：15：33：4987
2玩家准备成功   02：15：34：5457
请求下注-1   02：15：36：1447
请求下注1   02：15：40：1597
请求下注2   02：15：40：9767
请求下注5   02：15：41：6267
请求下注10   02：15：43：0107
请求下注20   02：15：43：6087
请求下注40   02：15：44：5417
1玩家准备成功   02：15：48：0187
976333房间全部准备，游戏即将开始   02：15：48：0187
976333赢三张房间游戏开始   02：15：48：0207
玩家手牌：1:V11C4V7C3V1C3   02：15：48：0217
玩家手牌：2:V8C4V5C1V12C2   02：15：48：0217
请求下注-1   02：15：50：7257
请求下注1   02：15：52：1087
请求下注2   02：15：53：6057
请求下注5   02：15：54：7027
请求下注10   02：15：55：1687
请求下注10   02：15：57：9977
请求下注20   02：15：59：3307
请求下注40   02：16：00：2507
用户退出客户端主动断开连接   02：16：08：0547
2请求离开匹配对列成功，移除匹配   02：16：08：0587
2玩家下线了   02：16：08：0587
