用户请求快速注册消息到达   09：30：56：6435
ip=127.0.0.1:41196请求快速注册   09：30：56：6445
快速注册成功，账号=lin10001昵称=游客10001   09：30：56：6455
1获取用户信息，成功类   09：30：56：7715
用户请求快速注册消息到达   09：31：01：7425
ip=127.0.0.1:41196请求快速注册   09：31：01：7425
快速注册成功，账号=lin10002昵称=游客10002   09：31：01：7425
1获取用户信息，成功类   09：31：01：7525
用户请求快速注册消息到达   09：42：38：3105
ip=127.0.0.1:42275请求快速注册   09：42：38：3105
快速注册成功，账号=lin10001昵称=游客10001   09：42：38：3125
1获取用户信息，成功类   09：42：38：3605
用户请求快速注册消息到达   02：16：11：9850
ip=127.0.0.1:30110请求快速注册   02：16：11：9860
快速注册成功，账号=lin10001昵称=游客10001   02：16：11：9870
1获取用户信息，成功类   02：16：12：0400
用户退出客户端主动断开连接   02：17：15：4930
1玩家下线了   02：17：15：4940
用户请求快速注册消息到达   02：17：55：7670
ip=127.0.0.1:30207请求快速注册   02：17：55：7670
快速注册成功，账号=lin10002昵称=游客10002   02：17：55：7670
2获取用户信息，成功类   02：17：55：8140
用户退出客户端主动断开连接   02：21：11：7600
2玩家下线了   02：21：11：7600
用户请求快速注册消息到达   02：21：26：8350
ip=127.0.0.1:30355请求快速注册   02：21：26：8350
快速注册成功，账号=lin10003昵称=游客10003   02：21：26：8350
3获取用户信息，成功类   02：21：26：8710
用户退出客户端主动断开连接   02：22：40：4950
3玩家下线了   02：22：40：4950
用户请求快速注册消息到达   02：22：58：6560
ip=127.0.0.1:30429请求快速注册   02：22：58：6560
快速注册成功，账号=lin10004昵称=游客10004   02：22：58：6560
4获取用户信息，成功类   02：22：58：6910
用户请求快速注册消息到达   05：25：22：6174
ip=127.0.0.1:20731请求快速注册   05：25：22：6174
快速注册成功，账号=lin10001昵称=游客10001   05：25：22：6184
1获取用户信息，成功类   05：25：22：6774
用户退出客户端主动断开连接   05：26：21：2974
1玩家下线了   05：26：21：2984
用户请求快速注册消息到达   05：26：38：1974
ip=127.0.0.1:20785请求快速注册   05：26：38：1974
快速注册成功，账号=lin10002昵称=游客10002   05：26：38：1974
2获取用户信息，成功类   05：26：38：2344
用户退出客户端主动断开连接   05：32：46：1884
2玩家下线了   05：32：46：1884
用户请求快速注册消息到达   05：33：07：7334
ip=127.0.0.1:21057请求快速注册   05：33：07：7334
快速注册成功，账号=lin10003昵称=游客10003   05：33：07：7334
3获取用户信息，成功类   05：33：07：7714
用户退出客户端主动断开连接   05：35：02：6284
3玩家下线了   05：35：02：6284
用户请求登录消息到达   05：35：26：1504
username=lin10003请求登录验证成功   05：35：26：1504
3获取用户信息，成功类   05：35：26：1854
用户请求快速注册消息到达   08：10：39：4654
ip=127.0.0.1:26491请求快速注册   08：10：39：4654
快速注册成功，账号=lin10001昵称=游客10001   08：10：39：4664
1获取用户信息，成功类   08：10：39：5534
用户退出客户端主动断开连接   08：14：10：6884
1玩家下线了   08：14：10：6884
用户请求快速注册消息到达   08：14：27：8674
ip=127.0.0.1:26662请求快速注册   08：14：27：8674
快速注册成功，账号=lin10002昵称=游客10002   08：14：27：8674
2获取用户信息，成功类   08：14：27：9054
用户退出客户端主动断开连接   08：14：47：9274
2玩家下线了   08：14：47：9274
用户请求快速注册消息到达   08：15：03：2674
ip=127.0.0.1:26688请求快速注册   08：15：03：2674
快速注册成功，账号=lin10003昵称=游客10003   08：15：03：2674
3获取用户信息，成功类   08：15：03：3454
