用户请求快速注册消息到达   01：44：55：3652
ip=127.0.0.1:10440请求快速注册   01：44：55：3652
快速注册成功，账号=lin10001昵称=游客10001   01：44：55：3682
1获取用户信息，成功类   01：44：55：4552
1请求创建匹配对列成功，对列号为：191825   01：44：59：2242
1请求开始匹配成功，创建一个匹配对列   01：44：59：2252
用户请求快速注册消息到达   01：50：09：3012
ip=127.0.0.1:13079请求快速注册   01：50：09：3022
快速注册成功，账号=lin10001昵称=游客10001   01：50：09：3042
1获取用户信息，成功类   01：50：09：3592
用户请求快速注册消息到达   02：03：55：6552
ip=127.0.0.1:19686请求快速注册   02：03：55：6562
快速注册成功，账号=lin10001昵称=游客10001   02：03：55：6582
1获取用户信息，成功类   02：03：55：7102
用户请求快速注册消息到达   02：26：43：6202
ip=127.0.0.1:26475请求快速注册   02：26：43：6212
快速注册成功，账号=lin10001昵称=游客10001   02：26：43：6252
1获取用户信息，成功类   02：26：43：7002
1请求创建匹配对列成功，对列号为：956605   02：26：47：3712
1请求开始匹配成功，创建一个匹配对列   02：26：47：3722
用户请求快速注册消息到达   02：27：01：4092
ip=127.0.0.1:26448请求快速注册   02：27：01：4092
快速注册成功，账号=lin10002昵称=游客10002   02：27：01：4092
2获取用户信息，成功类   02：27：01：4482
2请求加入匹配对列成功，对列号为：956605   02：27：04：8462
956605对列当前匹配成功   02：27：04：8472
2请求开始匹配成功，创建一个匹配对列   02：27：04：8472
用户退出客户端主动断开连接   02：27：31：2492
2请求离开匹配对列成功，移除匹配   02：27：31：2522
2玩家下线了   02：27：31：2532
用户退出客户端主动断开连接   02：27：34：1072
1请求离开匹配对列成功，移除匹配对列956605   02：27：34：1092
1玩家下线了   02：27：34：1092
用户请求快速注册消息到达   02：29：17：1192
ip=127.0.0.1:26784请求快速注册   02：29：17：1192
快速注册成功，账号=lin10001昵称=游客10001   02：29：17：1222
1获取用户信息，成功类   02：29：17：1582
1请求创建匹配对列成功，对列号为：347263   02：29：20：2452
1请求开始匹配成功，创建一个匹配对列   02：29：20：2462
用户请求快速注册消息到达   02：29：33：0532
ip=127.0.0.1:26760请求快速注册   02：29：33：0532
快速注册成功，账号=lin10002昵称=游客10002   02：29：33：0532
2获取用户信息，成功类   02：29：33：0922
2请求加入匹配对列成功，对列号为：347263   02：29：36：0892
347263对列当前匹配成功   02：29：36：0902
2请求开始匹配成功，创建一个匹配对列   02：29：36：0902
用户退出客户端主动断开连接   02：29：46：9592
2请求离开匹配对列成功，移除匹配   02：29：46：9602
2玩家下线了   02：29：46：9612
用户退出客户端主动断开连接   02：29：48：2422
1请求离开匹配对列成功，移除匹配对列347263   02：29：48：2432
1玩家下线了   02：29：48：2432
用户请求快速注册消息到达   02：32：07：0992
ip=127.0.0.1:27209请求快速注册   02：32：07：0992
快速注册成功，账号=lin10001昵称=游客10001   02：32：07：1022
1获取用户信息，成功类   02：32：07：1312
1请求创建匹配对列成功，对列号为：247520   02：32：10：6662
1请求开始匹配成功，创建一个匹配对列   02：32：10：6672
用户请求快速注册消息到达   02：32：21：2742
ip=127.0.0.1:27185请求快速注册   02：32：21：2742
快速注册成功，账号=lin10002昵称=游客10002   02：32：21：2742
2获取用户信息，成功类   02：32：21：3132
2请求加入匹配对列成功，对列号为：247520   02：32：24：1792
247520对列当前匹配成功   02：32：24：1802
2请求开始匹配成功，创建一个匹配对列   02：32：24：1802
用户请求快速注册消息到达   02：42：26：4152
ip=127.0.0.1:28773请求快速注册   02：42：26：4152
快速注册成功，账号=lin10001昵称=游客10001   02：42：26：4182
1获取用户信息，成功类   02：42：26：4792
用户请求快速注册消息到达   03：03：07：8942
ip=127.0.0.1:31770请求快速注册   03：03：07：8942
快速注册成功，账号=lin10001昵称=游客10001   03：03：07：8972
1获取用户信息，成功类   03：03：07：9542
1请求创建匹配对列成功，对列号为：259874   03：03：22：8602
1请求开始匹配成功，创建一个匹配对列   03：03：22：8612
用户请求快速注册消息到达   03：07：36：2042
ip=127.0.0.1:32486请求快速注册   03：07：36：2042
快速注册成功，账号=lin10001昵称=游客10001   03：07：36：2072
1获取用户信息，成功类   03：07：36：2572
1请求创建匹配对列成功，对列号为：749463   03：07：43：9352
1请求开始匹配成功，创建一个匹配对列   03：07：43：9362
用户请求快速注册消息到达   03：09：55：6672
ip=127.0.0.1:32954请求快速注册   03：09：55：6672
快速注册成功，账号=lin10001昵称=游客10001   03：09：55：6702
1获取用户信息，成功类   03：09：55：7302
1请求创建匹配对列成功，对列号为：814631   03：10：00：2032
1请求开始匹配成功，创建一个匹配对列   03：10：00：2042
用户请求快速注册消息到达   03：10：27：6262
ip=127.0.0.1:32940请求快速注册   03：10：27：6262
快速注册成功，账号=lin10002昵称=游客10002   03：10：27：6262
2获取用户信息，成功类   03：10：27：6542
2请求加入匹配对列成功，对列号为：814631   03：10：30：9492
814631对列当前匹配成功   03：10：30：9492
2请求开始匹配成功，创建一个匹配对列   03：10：30：9492
814631房间初始化成功   03：10：32：9702
814631房间_1_2_创建成功   03：10：32：9702
2玩家准备成功   03：10：34：2332
1玩家准备成功   03：10：40：2332
814631房间全部准备，游戏即将开始   03：10：40：2332
814631房间游戏开始   03：10：40：2332
