用户请求快速注册消息到达   09：57：01：5860
ip=127.0.0.1:49903请求快速注册   09：57：01：5870
快速注册成功，账号=lin10001昵称=游客10001   09：57：01：5900
1获取用户信息，成功类   09：57：01：6410
1请求创建匹配对列成功，对列号为：401333   09：57：07：1770
1请求开始匹配成功，创建一个匹配对列   09：57：07：1780
用户请求快速注册消息到达   09：57：39：0490
ip=127.0.0.1:49934请求快速注册   09：57：39：0490
快速注册成功，账号=lin10002昵称=游客10002   09：57：39：0490
2获取用户信息，成功类   09：57：39：0870
2请求加入匹配对列成功，对列号为：401333   09：57：43：1850
401333对列当前匹配成功   09：57：43：1860
2请求开始匹配成功，创建一个匹配对列   09：57：43：1860
401333房间初始化成功   09：57：45：1920
401333房间_1_2_创建成功   09：57：45：1930
2玩家准备成功   09：57：46：2310
1玩家准备成功   09：57：50：7430
401333房间全部准备，游戏即将开始   09：57：50：7430
401333赢三张房间游戏开始   09：57：50：7440
玩家手牌：1:V5C2V6C3V4C4   09：57：50：7450
玩家手牌：2:V9C3V9C4V1C1   09：57：50：7450
请求下注20   09：57：58：2680
2请求错误，当前不是此玩家   09：57：58：2680
请求下注10   09：58：01：2490
1下注10房间号401333是否看牌:False   09：58：01：2500
请求下注20   09：58：04：2020
2下注20房间号401333是否看牌:False   09：58：04：2020
1请求看牌成功,房间号：401333   09：58：11：6150
用户退出客户端主动断开连接   09：58：52：4990
2请求离开匹配对列成功，移除匹配   09：58：52：5060
2玩家下线了   09：58：52：5060
用户退出客户端主动断开连接   10：02：09：0020
1请求离开匹配对列成功，移除匹配对列401333   10：02：09：0040
1玩家下线了   10：02：09：0040
用户请求快速注册消息到达   10：02：24：0640
ip=127.0.0.1:50102请求快速注册   10：02：24：0640
快速注册成功，账号=lin10003昵称=游客10003   10：02：24：0640
3获取用户信息，成功类   10：02：24：1200
3请求创建匹配对列成功，对列号为：941580   10：02：27：1770
3请求开始匹配成功，创建一个匹配对列   10：02：27：1770
用户请求快速注册消息到达   10：02：52：0300
ip=127.0.0.1:50119请求快速注册   10：02：52：0300
快速注册成功，账号=lin10004昵称=游客10004   10：02：52：0300
4获取用户信息，成功类   10：02：52：0680
4请求加入匹配对列成功，对列号为：941580   10：02：55：3170
941580对列当前匹配成功   10：02：55：3170
4请求开始匹配成功，创建一个匹配对列   10：02：55：3170
941580房间初始化成功   10：02：57：3390
941580房间_3_4_创建成功   10：02：57：3390
4玩家准备成功   10：02：58：3780
3玩家准备成功   10：03：02：8120
941580房间全部准备，游戏即将开始   10：03：02：8120
941580赢三张房间游戏开始   10：03：02：8130
玩家手牌：3:V2C1V7C2V12C3   10：03：02：8130
玩家手牌：4:V8C3V11C3V9C3   10：03：02：8130
用户退出客户端主动断开连接   10：19：48：3850
3请求离开匹配对列成功，移除匹配   10：19：48：3860
3玩家下线了   10：19：48：3860
用户请求快速注册消息到达   10：21：00：1070
ip=127.0.0.1:50729请求快速注册   10：21：00：1070
快速注册成功，账号=lin10001昵称=游客10001   10：21：00：1090
1获取用户信息，成功类   10：21：00：1630
1请求创建匹配对列成功，对列号为：690970   10：21：03：1760
1请求开始匹配成功，创建一个匹配对列   10：21：03：1770
用户请求快速注册消息到达   10：21：30：9970
ip=127.0.0.1:50747请求快速注册   10：21：30：9970
快速注册成功，账号=lin10002昵称=游客10002   10：21：30：9970
2获取用户信息，成功类   10：21：31：0790
2请求加入匹配对列成功，对列号为：690970   10：21：36：7830
690970对列当前匹配成功   10：21：36：7840
2请求开始匹配成功，创建一个匹配对列   10：21：36：7840
690970房间初始化成功   10：21：38：8860
690970房间_1_2_创建成功   10：21：38：8860
2玩家准备成功   10：21：40：0520
1玩家准备成功   10：21：48：5280
690970房间全部准备，游戏即将开始   10：21：48：5280
690970赢三张房间游戏开始   10：21：48：5290
玩家手牌：1:V3C4V13C2V2C2   10：21：48：5300
玩家手牌：2:V9C3V11C2V5C4   10：21：48：5300
请求下注10   10：21：56：7500
2请求错误，当前不是此玩家   10：21：56：7500
请求下注5   10：21：58：9590
1下注5房间号690970是否看牌:False   10：21：58：9600
请求下注20   10：22：01：0810
2下注20房间号690970是否看牌:False   10：22：01：0820
请求下注40   10：22：03：5640
1请求下注失败，当前可下注金额最大为：20   10：22：03：5640
请求下注-1   10：22：05：2520
1下注20房间号690970是否看牌:False   10：22：05：2520
2请求看牌成功,房间号：690970   10：22：09：1320
1请求看牌成功,房间号：690970   10：22：27：9580
2请求和1比牌，比牌结果为：False   10：22：48：0320
690970赢三张房间游戏结束   10：22：48：0760
用户退出客户端主动断开连接   10：23：12：2900
2请求离开匹配对列成功，移除匹配   10：23：12：2960
2玩家下线了   10：23：12：2980
用户请求快速注册消息到达   10：54：12：1580
ip=127.0.0.1:51794请求快速注册   10：54：12：1580
快速注册成功，账号=lin10001昵称=游客10001   10：54：12：1610
1获取用户信息，成功类   10：54：12：2010
1请求创建匹配对列成功，对列号为：516106   10：54：15：4880
1请求开始匹配成功，创建一个匹配对列   10：54：15：4890
用户请求快速注册消息到达   10：54：19：8620
ip=127.0.0.1:51783请求快速注册   10：54：19：8620
快速注册成功，账号=lin10002昵称=游客10002   10：54：19：8620
2获取用户信息，成功类   10：54：19：9000
2请求加入匹配对列成功，对列号为：516106   10：54：23：0820
516106对列当前匹配成功   10：54：23：0830
2请求开始匹配成功，创建一个匹配对列   10：54：23：0830
516106房间初始化成功   10：54：25：1180
516106房间_1_2_创建成功   10：54：25：1180
2玩家准备成功   10：54：26：1580
1玩家准备成功   10：54：29：3870
516106房间全部准备，游戏即将开始   10：54：29：3870
516106赢三张房间游戏开始   10：54：29：3880
玩家手牌：1:V10C3V8C3V2C2   10：54：29：3890
玩家手牌：2:V12C2V7C2V3C2   10：54：29：3890
请求下注20   10：54：35：5440
2请求错误，当前不是此玩家   10：54：35：5450
请求下注20   10：54：38：6110
1下注20房间号516106是否看牌:False   10：54：38：6120
2请求看牌成功,房间号：516106   10：54：42：7610
1请求看牌成功,房间号：516106   10：54：45：0710
2请求比牌错误，当前不是此玩家   10：54：55：0790
用户退出客户端主动断开连接   11：02：25：7870
1请求离开匹配对列成功，移除匹配   11：02：25：7920
1玩家下线了   11：02：25：7940
用户退出客户端主动断开连接   11：02：47：7550
2请求离开匹配对列成功，移除匹配对列516106   11：02：47：7570
2玩家下线了   11：02：47：7570
用户请求快速注册消息到达   11：03：55：8730
ip=127.0.0.1:52102请求快速注册   11：03：55：8740
快速注册成功，账号=lin10001昵称=游客10001   11：03：55：8770
1获取用户信息，成功类   11：03：55：9180
1请求创建匹配对列成功，对列号为：925779   11：03：58：6520
1请求开始匹配成功，创建一个匹配对列   11：03：58：6530
用户请求快速注册消息到达   11：04：09：1820
ip=127.0.0.1:52109请求快速注册   11：04：09：1820
快速注册成功，账号=lin10002昵称=游客10002   11：04：09：1820
2获取用户信息，成功类   11：04：09：2290
2请求加入匹配对列成功，对列号为：925779   11：04：12：1310
925779对列当前匹配成功   11：04：12：1310
2请求开始匹配成功，创建一个匹配对列   11：04：12：1310
925779房间初始化成功   11：04：14：1370
925779房间_1_2_创建成功   11：04：14：1370
2玩家准备成功   11：04：15：2280
1玩家准备成功   11：04：19：0450
925779房间全部准备，游戏即将开始   11：04：19：0450
925779赢三张房间游戏开始   11：04：19：0460
玩家手牌：1:V1C2V3C1V12C3   11：04：19：0470
玩家手牌：2:V5C1V7C2V2C4   11：04：19：0470
请求下注10   11：04：22：6760
2请求错误，当前不是此玩家   11：04：22：6770
请求下注10   11：04：25：4600
1下注10房间号925779是否看牌:False   11：04：25：4610
请求下注5   11：04：26：2730
2请求下注失败，当前可下注金额最小为：10   11：04：26：2730
请求下注-1   11：04：27：2010
2下注10房间号925779是否看牌:False   11：04：27：2020
1请求看牌成功,房间号：925779   11：04：31：6410
1请求和2比牌，比牌结果为：True   11：04：51：0380
925779赢三张房间游戏结束   11：04：51：0400
用户退出客户端主动断开连接   11：16：36：2910
1请求离开匹配对列成功，移除匹配   11：16：36：2980
1玩家下线了   11：16：36：2990
用户请求快速注册消息到达   11：36：17：0940
ip=127.0.0.1:53153请求快速注册   11：36：17：0950
快速注册成功，账号=lin10001昵称=游客10001   11：36：17：0970
1获取用户信息，成功类   11：36：17：1680
1请求创建匹配对列成功，对列号为：691227   11：36：22：4860
1请求开始匹配成功，创建一个匹配对列   11：36：22：4870
用户请求快速注册消息到达   11：36：45：8800
ip=127.0.0.1:53171请求快速注册   11：36：45：8800
快速注册成功，账号=lin10002昵称=游客10002   11：36：45：8800
2获取用户信息，成功类   11：36：45：9230
2请求加入匹配对列成功，对列号为：691227   11：36：51：2850
691227对列当前匹配成功   11：36：51：2860
2请求开始匹配成功，创建一个匹配对列   11：36：51：2860
691227房间初始化成功   11：36：53：2950
691227房间_1_2_创建成功   11：36：53：2950
2玩家准备成功   11：36：54：3580
1玩家准备成功   11：37：23：8430
691227房间全部准备，游戏即将开始   11：37：23：8430
691227赢三张房间游戏开始   11：37：23：8440
玩家手牌：1:V9C3V12C2V7C3   11：37：23：8450
玩家手牌：2:V4C2V10C4V4C1   11：37：23：8450
请求下注2   11：37：30：6280
1下注2房间号691227是否看牌:False   11：37：30：6720
请求下注20   11：37：34：1460
2下注20房间号691227是否看牌:False   11：37：34：1470
请求下注-1   11：37：35：6790
1下注20房间号691227是否看牌:False   11：37：35：6790
2请求看牌成功,房间号：691227   11：37：38：7990
1请求看牌成功,房间号：691227   11：37：42：4940
2请求比牌错误，当前不是此玩家   11：37：52：9450
2请求比牌错误，当前不是此玩家   11：37：57：1100
2请求比牌错误，当前不是此玩家   11：38：06：2880
2请求和1比牌，比牌结果为：True   11：38：14：8860
691227赢三张房间游戏结束   11：38：14：8870
用户退出客户端主动断开连接   11：38：45：9420
1请求离开匹配对列成功，移除匹配   11：38：45：9470
1玩家下线了   11：38：45：9490
用户退出客户端主动断开连接   11：38：54：6180
2请求离开匹配对列成功，移除匹配对列691227   11：38：54：6190
2玩家下线了   11：38：54：6190
用户请求快速注册消息到达   11：39：21：7360
ip=127.0.0.1:53263请求快速注册   11：39：21：7360
快速注册成功，账号=lin10003昵称=游客10003   11：39：21：7360
3获取用户信息，成功类   11：39：21：7740
3请求创建匹配对列成功，对列号为：344411   11：39：26：3070
3请求开始匹配成功，创建一个匹配对列   11：39：26：3070
用户请求快速注册消息到达   11：39：38：6630
ip=127.0.0.1:53255请求快速注册   11：39：38：6630
快速注册成功，账号=lin10004昵称=游客10004   11：39：38：6630
4获取用户信息，成功类   11：39：38：7080
4请求加入匹配对列成功，对列号为：344411   11：39：45：3240
344411对列当前匹配成功   11：39：45：3240
4请求开始匹配成功，创建一个匹配对列   11：39：45：3240
344411房间初始化成功   11：39：47：3570
344411房间_3_4_创建成功   11：39：47：3570
4玩家准备成功   11：39：48：4150
3玩家准备成功   11：39：52：6000
344411房间全部准备，游戏即将开始   11：39：52：6000
344411赢三张房间游戏开始   11：39：52：6010
玩家手牌：3:V2C4V9C1V4C1   11：39：52：6010
玩家手牌：4:V7C4V3C2V2C1   11：39：52：6010
请求下注-1   11：39：58：2180
3下注1房间号344411是否看牌:False   11：39：58：2190
请求下注-1   11：40：01：8610
4下注1房间号344411是否看牌:False   11：40：01：8620
请求下注10   11：40：05：4660
3下注10房间号344411是否看牌:False   11：40：05：4670
请求下注-1   11：40：07：8980
4下注10房间号344411是否看牌:False   11：40：07：8990
3请求看牌成功,房间号：344411   11：40：11：2850
3请求比牌错误，当前不是此玩家   11：40：18：8370
3请求和4比牌，比牌结果为：True   11：41：02：8140
344411赢三张房间游戏结束   11：41：02：8150
用户退出客户端主动断开连接   11：41：08：6850
3请求离开匹配对列成功，移除匹配   11：41：08：6860
3玩家下线了   11：41：08：6860
用户请求快速注册消息到达   01：25：44：3140
ip=127.0.0.1:61561请求快速注册   01：25：44：3140
快速注册成功，账号=lin10001昵称=游客10001   01：25：44：3170
1获取用户信息，成功类   01：25：44：3570
1请求创建匹配对列成功，对列号为：854293   01：25：47：4110
1请求开始匹配成功，创建一个匹配对列   01：25：47：4120
用户请求快速注册消息到达   01：26：18：2690
ip=127.0.0.1:61586请求快速注册   01：26：18：2690
快速注册成功，账号=lin10002昵称=游客10002   01：26：18：2690
2获取用户信息，成功类   01：26：18：3120
2请求加入匹配对列成功，对列号为：854293   01：26：21：5380
854293对列当前匹配成功   01：26：21：5390
2请求开始匹配成功，创建一个匹配对列   01：26：21：5390
854293房间初始化成功   01：26：23：5570
854293房间_1_2_创建成功   01：26：23：5570
2玩家准备成功   01：26：24：6300
1玩家准备成功   01：26：28：3030
854293房间全部准备，游戏即将开始   01：26：28：3030
854293赢三张房间游戏开始   01：26：28：3040
玩家手牌：1:V11C1V13C1V11C4   01：26：28：3050
玩家手牌：2:V8C4V3C4V3C2   01：26：28：3050
请求下注20   01：26：34：5750
2请求错误，当前不是此玩家   01：26：34：5760
请求下注10   01：26：36：5850
1下注10房间号854293是否看牌:False   01：26：36：5860
请求下注-1   01：26：38：6250
2下注10房间号854293是否看牌:False   01：26：38：6260
1请求看牌成功,房间号：854293   01：26：43：0020
1请求比牌错误，当前不是此玩家   01：26：58：5630
1请求和2比牌，比牌结果为：True   01：27：10：1040
854293赢三张房间游戏结束   01：27：10：1060
2请求看牌失败，没有此玩家   01：27：21：6070
2请求比牌失败，没有此玩家   01：27：22：3010
2请求比牌失败，没有此玩家   01：27：22：7980
2请求比牌失败，没有此玩家   01：27：23：0410
2请求比牌失败，没有此玩家   01：27：23：2290
2请求比牌失败，没有此玩家   01：27：23：4280
2请求比牌失败，没有此玩家   01：27：23：6100
2请求比牌失败，没有此玩家   01：27：23：7760
2请求比牌失败，没有此玩家   01：27：23：9080
2请求比牌失败，没有此玩家   01：27：24：1070
2请求比牌失败，没有此玩家   01：27：24：2400
2请求比牌失败，没有此玩家   01：27：24：4380
用户请求快速注册消息到达   01：48：06：7820
ip=127.0.0.1:54653请求快速注册   01：48：06：7820
快速注册成功，账号=lin10001昵称=游客10001   01：48：06：7850
1获取用户信息，成功类   01：48：06：8400
1请求创建匹配对列成功，对列号为：175679   01：48：11：8650
1请求开始匹配成功，创建一个匹配对列   01：48：11：8660
用户请求快速注册消息到达   01：48：39：7870
ip=127.0.0.1:54647请求快速注册   01：48：39：7870
快速注册成功，账号=lin10002昵称=游客10002   01：48：39：7870
2获取用户信息，成功类   01：48：39：8240
2请求加入匹配对列成功，对列号为：175679   01：48：44：6740
175679对列当前匹配成功   01：48：44：6740
2请求开始匹配成功，创建一个匹配对列   01：48：44：6740
175679房间初始化成功   01：48：46：6900
175679房间_1_2_创建成功   01：48：46：6900
2玩家准备成功   01：48：47：7390
1玩家准备成功   01：48：53：7550
175679房间全部准备，游戏即将开始   01：48：53：7550
175679赢三张房间游戏开始   01：48：53：7560
玩家手牌：1:V13C3V6C1V10C3   01：48：53：7570
玩家手牌：2:V6C2V12C1V7C1   01：48：53：7570
请求下注20   01：49：01：1860
2请求错误，当前不是此玩家   01：49：01：1870
请求下注10   01：49：03：9580
1下注10房间号175679是否看牌:False   01：49：03：9590
请求下注-1   01：49：06：8050
2下注10房间号175679是否看牌:False   01：49：06：8050
2请求看牌成功,房间号：175679   01：49：08：2380
1请求和2比牌，比牌结果为：True   01：49：16：4600
175679赢三张房间游戏结束   01：49：16：4610
用户退出客户端主动断开连接   02：14：35：4990
1请求离开匹配对列成功，移除匹配   02：14：35：5040
1玩家下线了   02：14：35：5050
用户请求快速注册消息到达   02：18：43：3190
ip=127.0.0.1:55656请求快速注册   02：18：43：3200
快速注册成功，账号=lin10001昵称=游客10001   02：18：43：3230
1获取用户信息，成功类   02：18：43：3720
1请求创建匹配对列成功，对列号为：902631   02：18：46：4550
1请求开始匹配成功，创建一个匹配对列   02：18：46：4560
用户请求快速注册消息到达   02：18：57：0120
ip=127.0.0.1:55661请求快速注册   02：18：57：0120
快速注册成功，账号=lin10002昵称=游客10002   02：18：57：0120
2获取用户信息，成功类   02：18：57：0570
2请求加入匹配对列成功，对列号为：902631   02：19：00：3590
902631对列当前匹配成功   02：19：00：3590
2请求开始匹配成功，创建一个匹配对列   02：19：00：3590
902631房间初始化成功   02：19：02：3760
902631房间_1_2_创建成功   02：19：02：3760
2玩家准备成功   02：19：03：4560
1玩家准备成功   02：22：06：8540
902631房间全部准备，游戏即将开始   02：22：06：8540
902631赢三张房间游戏开始   02：22：06：8580
玩家手牌：1:V10C3V9C4V3C3   02：22：06：8600
玩家手牌：2:V12C1V5C2V10C2   02：22：06：8600
请求下注20   02：22：10：6090
2请求错误，当前不是此玩家   02：22：10：6100
请求下注20   02：22：12：6000
1下注20房间号902631是否看牌:False   02：22：12：6010
请求下注-1   02：22：14：6670
2下注20房间号902631是否看牌:False   02：22：14：6670
请求下注-1   02：22：18：2670
1下注20房间号902631是否看牌:False   02：22：18：2670
2请求看牌成功,房间号：902631   02：22：20：2000
2请求比牌错误，当前不是此玩家   02：22：25：2180
2请求和1比牌，比牌结果为：True   02：22：32：0380
902631赢三张房间游戏结束   02：22：32：0380
