用户请求快速注册消息到达   09：35：42：2683
ip=127.0.0.1:49717请求快速注册   09：35：42：2693
快速注册成功，账号=lin10001昵称=游客10001   09：35：42：2713
1获取用户信息，成功类   09：35：42：3613
1请求创建匹配对列成功，对列号为：694019   09：35：47：2463
1请求开始匹配成功，创建一个匹配对列   09：35：47：2473
用户请求快速注册消息到达   09：35：56：1633
ip=127.0.0.1:49704请求快速注册   09：35：56：1633
快速注册成功，账号=lin10002昵称=游客10002   09：35：56：1633
2获取用户信息，成功类   09：35：56：2243
2请求加入匹配对列成功，对列号为：694019   09：35：59：0713
694019对列当前匹配成功   09：35：59：0713
2请求开始匹配成功，创建一个匹配对列   09：35：59：0713
694019房间初始化成功   09：36：01：0883
694019房间_1_2_创建成功   09：36：01：0883
2玩家准备成功   09：36：02：1443
1玩家准备成功   09：36：08：3953
694019房间全部准备，游戏即将开始   09：36：08：3953
694019赢三张房间游戏开始   09：36：08：3963
玩家手牌：1:V7C4V7C4V7C4   09：36：08：3973
玩家手牌：2:V7C4V7C4V7C4   09：36：08：3973
用户请求快速注册消息到达   09：59：01：2463
ip=127.0.0.1:50496请求快速注册   09：59：01：2473
快速注册成功，账号=lin10001昵称=游客10001   09：59：01：2503
1获取用户信息，成功类   09：59：01：2943
1请求创建匹配对列成功，对列号为：871952   09：59：04：0463
1请求开始匹配成功，创建一个匹配对列   09：59：04：0473
用户请求快速注册消息到达   09：59：15：1663
ip=127.0.0.1:50488请求快速注册   09：59：15：1663
快速注册成功，账号=lin10002昵称=游客10002   09：59：15：1663
2获取用户信息，成功类   09：59：15：2123
2请求加入匹配对列成功，对列号为：871952   09：59：18：6083
871952对列当前匹配成功   09：59：18：6083
2请求开始匹配成功，创建一个匹配对列   09：59：18：6083
871952房间初始化成功   09：59：20：6143
871952房间_1_2_创建成功   09：59：20：6143
2玩家准备成功   09：59：21：6973
1玩家准备成功   09：59：46：4493
871952房间全部准备，游戏即将开始   09：59：46：4493
871952赢三张房间游戏开始   09：59：46：4513
玩家手牌：1:V1C1V4C2V3C4   09：59：46：4513
玩家手牌：2:V2C2V8C3V6C2   09：59：46：4513
用户退出客户端主动断开连接   10：06：59：6963
1请求离开匹配对列成功，移除匹配   10：06：59：6983
1玩家下线了   10：06：59：6983
用户请求快速注册消息到达   10：55：25：7133
ip=127.0.0.1:52277请求快速注册   10：55：25：7143
快速注册成功，账号=lin10001昵称=游客10001   10：55：25：7173
1获取用户信息，成功类   10：55：25：7573
1请求创建匹配对列成功，对列号为：627280   10：55：29：2443
1请求开始匹配成功，创建一个匹配对列   10：55：29：2453
用户请求快速注册消息到达   10：55：53：7963
ip=127.0.0.1:52266请求快速注册   10：55：53：7963
快速注册成功，账号=lin10002昵称=游客10002   10：55：53：7963
2获取用户信息，成功类   10：55：53：8413
2请求加入匹配对列成功，对列号为：627280   10：55：57：6143
627280对列当前匹配成功   10：55：57：6143
2请求开始匹配成功，创建一个匹配对列   10：55：57：6143
627280房间初始化成功   10：55：59：6363
627280房间_1_2_创建成功   10：55：59：6363
2玩家准备成功   10：56：00：7033
1玩家准备成功   10：56：13：8243
627280房间全部准备，游戏即将开始   10：56：13：8243
627280赢三张房间游戏开始   10：56：13：8253
玩家手牌：1:V1C2V7C2V9C2   10：56：13：8263
玩家手牌：2:V3C2V11C2V9C3   10：56：13：8263
用户退出客户端主动断开连接   10：57：05：5153
2请求离开匹配对列成功，移除匹配   10：57：05：5213
2玩家下线了   10：57：05：5223
用户请求快速注册消息到达   10：57：26：5343
ip=127.0.0.1:52344请求快速注册   10：57：26：5343
快速注册成功，账号=lin10003昵称=游客10003   10：57：26：5343
3获取用户信息，成功类   10：57：26：5803
3请求加入匹配对列成功，对列号为：627280   10：57：35：0293
627280对列当前匹配成功   10：57：35：0293
3请求开始匹配成功，创建一个匹配对列   10：57：35：0293
627280房间已经存在，不可重新创建   10：57：37：0443
用户请求快速注册消息到达   10：58：28：4993
ip=127.0.0.1:52383请求快速注册   10：58：28：5003
快速注册成功，账号=lin10001昵称=游客10001   10：58：28：5023
1获取用户信息，成功类   10：58：28：5503
1请求创建匹配对列成功，对列号为：466502   10：58：32：1013
1请求开始匹配成功，创建一个匹配对列   10：58：32：1023
用户请求快速注册消息到达   10：58：49：5213
ip=127.0.0.1:52379请求快速注册   10：58：49：5213
快速注册成功，账号=lin10002昵称=游客10002   10：58：49：5213
2获取用户信息，成功类   10：58：49：5523
2请求加入匹配对列成功，对列号为：466502   10：58：52：6953
466502对列当前匹配成功   10：58：52：6963
2请求开始匹配成功，创建一个匹配对列   10：58：52：6963
466502房间初始化成功   10：58：54：7033
466502房间_1_2_创建成功   10：58：54：7033
2玩家准备成功   10：58：55：7413
1玩家准备成功   10：59：02：2243
466502房间全部准备，游戏即将开始   10：59：02：2243
466502赢三张房间游戏开始   10：59：02：2253
玩家手牌：1:V10C1V2C2V7C4   10：59：02：2253
玩家手牌：2:V2C1V6C4V9C2   10：59：02：2263
用户退出客户端主动断开连接   11：00：10：5003
1请求离开匹配对列成功，移除匹配   11：00：10：5053
1玩家下线了   11：00：10：5053
用户退出客户端主动断开连接   11：00：12：0883
2请求离开匹配对列成功，移除匹配对列466502   11：00：12：0923
2玩家下线了   11：00：12：0923
用户请求快速注册消息到达   11：00：46：1253
ip=127.0.0.1:52461请求快速注册   11：00：46：1253
快速注册成功，账号=lin10001昵称=游客10001   11：00：46：1283
1获取用户信息，成功类   11：00：46：1723
1请求创建匹配对列成功，对列号为：381844   11：00：49：1423
1请求开始匹配成功，创建一个匹配对列   11：00：49：1433
用户请求快速注册消息到达   11：01：08：3853
ip=127.0.0.1:52477请求快速注册   11：01：08：3853
快速注册成功，账号=lin10002昵称=游客10002   11：01：08：3853
2获取用户信息，成功类   11：01：08：4323
2请求加入匹配对列成功，对列号为：381844   11：01：11：7083
381844对列当前匹配成功   11：01：11：7083
2请求开始匹配成功，创建一个匹配对列   11：01：11：7083
381844房间初始化成功   11：01：13：7133
381844房间_1_2_创建成功   11：01：13：7133
2玩家准备成功   11：01：14：7803
1玩家准备成功   11：01：18：9163
381844房间全部准备，游戏即将开始   11：01：18：9163
381844赢三张房间游戏开始   11：01：18：9173
玩家手牌：1:V13C2V9C2V5C3   11：01：18：9173
玩家手牌：2:V6C1V4C1V10C1   11：01：18：9183
用户退出客户端主动断开连接   11：01：34：8783
1请求离开匹配对列成功，移除匹配   11：01：34：8833
1玩家下线了   11：01：34：8843
