用户请求快速注册消息到达   07：13：21：3149
ip=127.0.0.1:54576请求快速注册   07：13：21：3149
快速注册成功，账号=lin10001昵称=游客10001   07：13：21：3179
1获取用户信息，成功类   07：13：21：3759
1请求创建匹配对列成功，对列号为：576242   07：13：28：7619
1请求开始匹配成功，创建一个匹配对列   07：13：28：7629
用户请求快速注册消息到达   07：13：41：3049
ip=127.0.0.1:54565请求快速注册   07：13：41：3049
快速注册成功，账号=lin10002昵称=游客10002   07：13：41：3049
2获取用户信息，成功类   07：13：41：3339
2请求加入匹配对列成功，对列号为：576242   07：13：46：1959
576242对列当前匹配成功   07：13：46：1969
2请求开始匹配成功，创建一个匹配对列   07：13：46：1969
576242房间初始化成功   07：13：48：2089
576242房间_1_2_创建成功   07：13：48：2089
2玩家准备成功   07：13：49：2669
1玩家准备成功   07：13：56：6959
576242房间全部准备，游戏即将开始   07：13：56：6959
576242赢三张房间游戏开始   07：13：56：6969
玩家手牌：1:V4C2V4C2V4C2   07：13：56：6979
玩家手牌：2:V4C2V4C2V4C2   07：13：56：6979
用户退出客户端主动断开连接   07：14：43：7229
2请求离开匹配对列成功，移除匹配   07：14：43：7269
2玩家下线了   07：14：43：7269
用户请求快速注册消息到达   07：19：46：2479
ip=127.0.0.1:54781请求快速注册   07：19：46：2479
快速注册成功，账号=lin10001昵称=游客10001   07：19：46：2509
1获取用户信息，成功类   07：19：46：2909
1请求创建匹配对列成功，对列号为：370470   07：19：50：7299
1请求开始匹配成功，创建一个匹配对列   07：19：50：7339
用户请求快速注册消息到达   07：20：15：2139
ip=127.0.0.1:54798请求快速注册   07：20：15：2139
快速注册成功，账号=lin10002昵称=游客10002   07：20：15：2139
2获取用户信息，成功类   07：20：15：3179
2请求加入匹配对列成功，对列号为：370470   07：20：19：4279
370470对列当前匹配成功   07：20：19：4289
2请求开始匹配成功，创建一个匹配对列   07：20：19：4289
370470房间初始化成功   07：20：21：4689
370470房间_1_2_创建成功   07：20：21：4689
2玩家准备成功   07：20：22：5429
1玩家准备成功   07：21：53：3329
370470房间全部准备，游戏即将开始   07：21：53：3329
370470赢三张房间游戏开始   07：21：53：3329
玩家手牌：1:V1C3V1C3V1C3   07：21：53：3339
玩家手牌：2:V1C3V1C3V1C3   07：21：53：3339
用户退出客户端主动断开连接   07：22：41：8299
1请求离开匹配对列成功，移除匹配   07：22：41：8319
1玩家下线了   07：22：41：8319
用户退出客户端主动断开连接   07：22：48：4339
2请求离开匹配对列成功，移除匹配对列370470   07：22：48：4349
2玩家下线了   07：22：48：4349
用户请求快速注册消息到达   07：23：06：2219
ip=127.0.0.1:54893请求快速注册   07：23：06：2219
快速注册成功，账号=lin10003昵称=游客10003   07：23：06：2219
3获取用户信息，成功类   07：23：06：2649
3请求创建匹配对列成功，对列号为：894545   07：23：11：0169
3请求开始匹配成功，创建一个匹配对列   07：23：11：0169
用户请求快速注册消息到达   07：23：42：2389
ip=127.0.0.1:54916请求快速注册   07：23：42：2389
快速注册成功，账号=lin10004昵称=游客10004   07：23：42：2389
4获取用户信息，成功类   07：23：42：3159
4请求加入匹配对列成功，对列号为：894545   07：23：47：1279
894545对列当前匹配成功   07：23：47：1289
4请求开始匹配成功，创建一个匹配对列   07：23：47：1289
894545房间初始化成功   07：23：49：1509
894545房间_3_4_创建成功   07：23：49：1509
4玩家准备成功   07：23：50：1939
3玩家准备成功   07：24：03：7569
894545房间全部准备，游戏即将开始   07：24：03：7569
894545赢三张房间游戏开始   07：24：03：7589
玩家手牌：3:V3C2V3C2V3C2   07：24：03：7589
玩家手牌：4:V3C2V3C2V3C2   07：24：03：7599
用户请求快速注册消息到达   09：32：49：9579
ip=127.0.0.1:64689请求快速注册   09：32：49：9579
快速注册成功，账号=lin10001昵称=游客10001   09：32：49：9609
1获取用户信息，成功类   09：32：49：9999
