用户请求快速注册消息到达   09：08：57：1105
ip=127.0.0.1:1547请求快速注册   09：08：57：1105
快速注册成功，账号=lin10001昵称=游客10001   09：08：57：1115
用户请求快速注册消息到达   09：09：01：7725
ip=127.0.0.1:1547请求快速注册   09：09：01：7725
快速注册成功，账号=lin10002昵称=游客10002   09：09：01：7725
用户请求快速注册消息到达   09：09：10：7965
ip=127.0.0.1:1547请求快速注册   09：09：10：7965
快速注册成功，账号=lin10003昵称=游客10003   09：09：10：7965
用户请求登录消息到达   09：09：22：2525
用户请求登录消息到达   09：09：31：3275
用户请求登录消息到达   09：09：41：4075
用户请求登录消息到达   09：09：42：7215
用户请求登录消息到达   09：09：44：9385
用户请求登录消息到达   09：09：45：9985
用户请求登录消息到达   09：09：46：5615
用户请求登录消息到达   09：09：46：8475
用户请求登录消息到达   09：09：47：0605
用户请求快速注册消息到达   09：10：01：7865
ip=127.0.0.1:1547请求快速注册   09：10：01：7865
快速注册成功，账号=lin10004昵称=游客10004   09：10：01：7865
用户请求登录消息到达   09：10：13：5385
用户请求登录消息到达   09：10：17：0185
用户请求登录消息到达   09：10：17：6635
用户请求登录消息到达   09：10：17：9615
用户请求登录消息到达   09：10：18：2115
用户请求登录消息到达   09：10：19：3265
用户请求登录消息到达   09：10：19：5615
用户请求登录消息到达   09：10：19：9255
用户请求快速注册消息到达   09：10：21：6455
ip=127.0.0.1:1547请求快速注册   09：10：21：6455
快速注册成功，账号=lin10005昵称=游客10005   09：10：21：6455
用户退出客户端主动断开连接   09：10：30：8365
1玩家下线了   09：10：30：8365
