用户请求快速注册消息到达   11：14：14：7959
ip=127.0.0.1:54814请求快速注册   11：14：14：7959
快速注册成功，账号=lin10001昵称=游客10001   11：14：14：7999
1获取用户信息，成功类   11：14：14：8669
1请求创建匹配对列成功，对列号为：395698   11：14：19：9259
1请求开始匹配成功，创建一个匹配对列   11：14：19：9269
用户请求快速注册消息到达   11：14：33：3769
ip=127.0.0.1:54803请求快速注册   11：14：33：3769
快速注册成功，账号=lin10002昵称=游客10002   11：14：33：3769
2获取用户信息，成功类   11：14：33：4219
2请求加入匹配对列成功，对列号为：395698   11：14：37：1159
395698对列当前匹配成功   11：14：37：1159
2请求开始匹配成功，创建一个匹配对列   11：14：37：1159
395698房间初始化成功   11：14：39：1259
395698房间_1_2_创建成功   11：14：39：1259
2玩家准备成功   11：14：40：1959
1玩家准备成功   11：14：44：5649
395698房间全部准备，游戏即将开始   11：14：44：5649
395698赢三张房间游戏开始   11：14：44：5659
玩家手牌：1:V4C2V1C3V4C4   11：14：44：5669
玩家手牌：2:V9C1V1C2V9C3   11：14：44：5669
请求下注-1   11：14：52：6649
1下注1房间号395698是否看牌:False   11：14：52：6669
请求下注1   11：15：00：6649
2下注1房间号395698是否看牌:False   11：15：00：6659
请求下注-1   11：15：03：2149
2请求错误，当前不是此玩家   11：15：03：2149
请求下注1   11：15：07：2979
1下注1房间号395698是否看牌:False   11：15：07：2989
请求下注-1   11：15：11：1639
1请求错误，当前不是此玩家   11：15：11：1639
用户退出客户端主动断开连接   11：15：30：4909
1请求离开匹配对列成功，移除匹配   11：15：30：4959
1玩家下线了   11：15：30：4979
用户请求快速注册消息到达   11：45：55：4999
ip=127.0.0.1:56122请求快速注册   11：45：55：4999
快速注册成功，账号=lin10001昵称=游客10001   11：45：55：5029
1获取用户信息，成功类   11：45：55：5589
1请求创建匹配对列成功，对列号为：588491   11：45：58：9409
1请求开始匹配成功，创建一个匹配对列   11：45：58：9419
用户请求快速注册消息到达   11：46：10：0389
ip=127.0.0.1:56118请求快速注册   11：46：10：0389
快速注册成功，账号=lin10002昵称=游客10002   11：46：10：0389
2获取用户信息，成功类   11：46：10：0729
2请求加入匹配对列成功，对列号为：588491   11：46：13：3899
588491对列当前匹配成功   11：46：13：3899
2请求开始匹配成功，创建一个匹配对列   11：46：13：3899
588491房间初始化成功   11：46：15：4009
588491房间_1_2_创建成功   11：46：15：4009
2玩家准备成功   11：46：16：4319
请求下注-1   11：46：18：5159
请求错误，没有此玩家   11：46：18：5169
1玩家准备成功   11：46：23：5319
588491房间全部准备，游戏即将开始   11：46：23：5319
588491赢三张房间游戏开始   11：46：23：5329
玩家手牌：1:V1C2V12C4V10C4   11：46：23：5339
玩家手牌：2:V6C3V9C3V7C2   11：46：23：5339
请求下注-1   11：46：27：8479
1下注1房间号588491是否看牌:False   11：46：27：8489
请求下注1   11：46：33：6319
2下注1房间号588491是否看牌:False   11：46：33：6329
请求下注2   11：46：35：5819
2请求错误，当前不是此玩家   11：46：35：5819
请求下注2   11：46：39：4829
1下注2房间号588491是否看牌:False   11：46：39：4829
用户退出客户端主动断开连接   11：50：46：1259
2请求离开匹配对列成功，移除匹配   11：50：46：1279
2玩家下线了   11：50：46：1279
用户退出客户端主动断开连接   11：50：49：3469
1请求离开匹配对列成功，移除匹配对列588491   11：50：49：3479
1玩家下线了   11：50：49：3479
用户请求快速注册消息到达   11：51：17：8589
ip=127.0.0.1:56293请求快速注册   11：51：17：8589
快速注册成功，账号=lin10001昵称=游客10001   11：51：17：8619
1获取用户信息，成功类   11：51：17：9169
1请求创建匹配对列成功，对列号为：528997   11：51：21：3539
1请求开始匹配成功，创建一个匹配对列   11：51：21：3549
用户请求快速注册消息到达   11：51：51：6839
ip=127.0.0.1:56314请求快速注册   11：51：51：6839
快速注册成功，账号=lin10002昵称=游客10002   11：51：51：6839
2获取用户信息，成功类   11：51：51：7199
2请求加入匹配对列成功，对列号为：528997   11：51：54：6679
528997对列当前匹配成功   11：51：54：6689
2请求开始匹配成功，创建一个匹配对列   11：51：54：6689
528997房间初始化成功   11：51：56：6849
528997房间_1_2_创建成功   11：51：56：6849
2玩家准备成功   11：51：57：7319
1玩家准备成功   11：52：03：0049
528997房间全部准备，游戏即将开始   11：52：03：0049
528997赢三张房间游戏开始   11：52：03：0069
玩家手牌：1:V13C1V12C2V8C2   11：52：03：0079
玩家手牌：2:V4C1V1C4V2C4   11：52：03：0079
请求下注-1   11：52：07：8869
1下注1房间号528997是否看牌:False   11：52：07：8889
请求下注-1   11：52：11：2459
2下注1房间号528997是否看牌:False   11：52：11：2469
请求下注2   11：52：15：5499
1下注2房间号528997是否看牌:False   11：52：15：5509
请求下注-1   11：52：19：1609
2下注2房间号528997是否看牌:False   11：52：19：1609
请求下注2   11：52：24：0279
2请求错误，当前不是此玩家   11：52：24：0279
请求下注40   11：52：24：8349
1请求下注失败，当前可下注金额最大为：20   11：52：24：8349
请求下注-1   11：52：31：4589
1下注2房间号528997是否看牌:False   11：52：31：4599
请求下注20   11：52：36：3269
2下注20房间号528997是否看牌:False   11：52：36：3269
请求下注40   11：52：42：1079
1请求下注失败，当前可下注金额最大为：20   11：52：42：1079
请求下注-1   11：52：45：7709
1下注20房间号528997是否看牌:False   11：52：45：7709
请求下注40   11：52：52：5589
2请求下注失败，当前可下注金额最大为：20   11：52：52：5589
请求下注40   11：52：59：2099
2请求下注失败，当前可下注金额最大为：20   11：52：59：2099
请求下注20   11：53：00：9759
2下注20房间号528997是否看牌:False   11：53：00：9759
请求下注40   11：53：03：9469
1请求下注失败，当前可下注金额最大为：20   11：53：03：9469
请求下注40   11：53：10：7039
1请求下注失败，当前可下注金额最大为：20   11：53：10：7039
请求下注-1   11：53：17：7209
2请求错误，当前不是此玩家   11：53：17：7209
请求下注-1   11：53：18：6749
2请求错误，当前不是此玩家   11：53：18：6749
请求下注-1   11：53：22：9629
1下注20房间号528997是否看牌:False   11：53：22：9629
请求下注40   11：53：26：1239
2请求下注失败，当前可下注金额最大为：20   11：53：26：1239
请求下注20   11：53：27：6239
2下注20房间号528997是否看牌:False   11：53：27：6249
用户退出客户端主动断开连接   11：53：33：0389
2请求离开匹配对列成功，移除匹配   11：53：33：0409
2玩家下线了   11：53：33：0409
用户请求快速注册消息到达   02：47：35：0949
ip=127.0.0.1:61982请求快速注册   02：47：35：0959
快速注册成功，账号=lin10001昵称=游客10001   02：47：35：0979
1获取用户信息，成功类   02：47：35：1399
1请求创建匹配对列成功，对列号为：613911   02：47：38：3939
1请求开始匹配成功，创建一个匹配对列   02：47：38：3949
用户请求快速注册消息到达   02：47：58：8739
ip=127.0.0.1:62012请求快速注册   02：47：58：8739
快速注册成功，账号=lin10002昵称=游客10002   02：47：58：8739
2获取用户信息，成功类   02：47：58：9189
2请求加入匹配对列成功，对列号为：613911   02：48：02：2989
613911对列当前匹配成功   02：48：02：2999
2请求开始匹配成功，创建一个匹配对列   02：48：02：2999
613911房间初始化成功   02：48：04：3419
613911房间_1_2_创建成功   02：48：04：3419
2玩家准备成功   02：48：05：3859
1玩家准备成功   02：48：10：8309
613911房间全部准备，游戏即将开始   02：48：10：8309
613911赢三张房间游戏开始   02：48：10：8329
玩家手牌：1:V3C2V8C4V12C4   02：48：10：8329
玩家手牌：2:V3C3V2C2V12C3   02：48：10：8339
请求下注-1   02：48：20：0329
2请求错误，当前不是此玩家   02：48：20：0339
请求下注-1   02：48：23：1449
2请求错误，当前不是此玩家   02：48：23：1449
请求下注1   02：48：29：1999
2请求错误，当前不是此玩家   02：48：29：1999
请求下注-1   02：48：40：9959
1下注1房间号613911是否看牌:False   02：48：40：9969
请求下注-1   02：48：43：8859
2下注1房间号613911是否看牌:False   02：48：43：8869
请求下注2   02：48：52：6959
1下注2房间号613911是否看牌:False   02：48：52：6969
请求下注10   02：49：00：6449
2下注10房间号613911是否看牌:False   02：49：00：6459
请求下注20   02：49：05：4889
1下注20房间号613911是否看牌:False   02：49：05：4889
2请求看牌成功,房间号：613911   02：49：09：0319
1请求看牌成功,房间号：613911   02：49：30：3929
请求下注40   02：49：36：1429
1请求错误，当前不是此玩家   02：49：36：1429
请求下注40   02：49：43：0129
2下注40房间号613911是否看牌:True   02：49：43：0139
请求下注-1   02：50：01：6579
2请求错误，当前不是此玩家   02：50：01：6579
用户退出客户端主动断开连接   02：50：08：6959
1请求离开匹配对列成功，移除匹配   02：50：08：6979
1玩家下线了   02：50：08：6989
用户请求快速注册消息到达   04：38：45：2389
ip=127.0.0.1:65517请求快速注册   04：38：45：2389
快速注册成功，账号=lin10001昵称=游客10001   04：38：45：2419
1获取用户信息，成功类   04：38：45：2929
1请求创建匹配对列成功，对列号为：168680   04：38：48：8089
1请求开始匹配成功，创建一个匹配对列   04：38：48：8109
用户请求快速注册消息到达   04：39：15：5499
ip=127.0.0.1:49186请求快速注册   04：39：15：5499
快速注册成功，账号=lin10002昵称=游客10002   04：39：15：5499
2获取用户信息，成功类   04：39：15：5779
2请求加入匹配对列成功，对列号为：168680   04：39：20：2709
168680对列当前匹配成功   04：39：20：2709
2请求开始匹配成功，创建一个匹配对列   04：39：20：2709
168680房间初始化成功   04：39：22：2769
168680房间_1_2_创建成功   04：39：22：2769
2玩家准备成功   04：39：23：7599
1玩家准备成功   04：39：28：2039
168680房间全部准备，游戏即将开始   04：39：28：2039
168680赢三张房间游戏开始   04：39：28：2069
玩家手牌：1:V8C1V3C1V9C4   04：39：28：2069
玩家手牌：2:V11C3V12C4V3C3   04：39：28：2079
请求下注2   04：39：34：2319
2请求错误，当前不是此玩家   04：39：34：2329
请求下注2   04：39：37：0389
1下注2房间号168680是否看牌:False   04：39：37：0399
请求下注-1   04：39：39：2969
2下注2房间号168680是否看牌:False   04：39：39：2979
请求下注5   04：39：44：3979
1下注5房间号168680是否看牌:False   04：39：44：3979
请求下注10   04：39：47：3799
2下注10房间号168680是否看牌:False   04：39：47：3799
请求下注40   04：39：49：8139
2请求错误，当前不是此玩家   04：39：49：8139
请求下注40   04：39：51：4159
1请求下注失败，当前可下注金额最大为：20   04：39：51：4159
1请求看牌成功,房间号：168680   04：39：57：7219
请求下注-1   04：40：06：1809
2请求错误，当前不是此玩家   04：40：06：2019
请求下注5   04：40：13：6549
1请求下注失败，当前可下注金额最小为：20   04：40：13：6549
请求下注40   04：40：15：3489
1下注40房间号168680是否看牌:True   04：40：15：3489
请求下注-1   04：40：19：2949
2下注10房间号168680是否看牌:False   04：40：19：2959
请求下注20   04：40：21：3789
2请求错误，当前不是此玩家   04：40：21：3789
请求下注-1   04：40：25：5689
1下注20房间号168680是否看牌:True   04：40：25：5699
请求下注20   04：40：30：5609
2下注20房间号168680是否看牌:False   04：40：30：5619
请求下注-1   04：40：36：1199
1下注40房间号168680是否看牌:True   04：40：36：1199
2请求看牌成功,房间号：168680   04：40：39：5939
2请求弃牌成功   04：40：41：9929
1请求弃牌失败，玩家不足了，最后一个人直接胜利   04：40：54：1479
用户退出客户端主动断开连接   04：41：15：6989
2请求离开匹配对列成功，移除匹配   04：41：15：7019
2玩家下线了   04：41：15：7029
