服务器初始化   09：09：35：7793
PORT:6650   09：09：35：8083
初始化控制台   09：09：35：8163
服务器执行成功   09：09：35：9843
服务器初始化   09：22：52：9593
PORT:6650   09：22：52：9903
初始化控制台   09：22：52：9983
服务器执行成功   09：22：53：1693
服务器初始化   09：45：00：3873
PORT:6650   09：45：00：4163
初始化控制台   09：45：00：4253
服务器执行成功   09：55：07：3413
服务器初始化   09：57：01：4163
PORT:6650   09：57：01：4453
初始化控制台   09：57：01：4533
服务器执行成功   09：57：01：6073
131644匹配对列已经被移除   10：01：26：7893
10：06：35：9313   服务器初始化
10：06：35：9613   PORT:6650
10：06：35：9693   初始化控制台
10：06：36：1323   服务器执行成功
10：06：45：4383   程序强制退出，按下任意键继续
10：07：35：5323   服务器初始化
10：07：35：5623   PORT:6650
10：07：35：5703   初始化控制台
10：07：35：7333   服务器执行成功
10：07：38：2143   程序强制退出，按下任意键继续
10:07:54:4793   服务器初始化
10:07:54:5083   PORT:6650
10:07:54:5173   初始化控制台
10:07:54:6773   服务器执行成功
10:08:28:8263     服务器初始化
10:08:28:8563     PORT:6650
10:08:28:8663     初始化控制台
10:08:29:0293     服务器执行成功
10:08:50:7213     服务器初始化
10:08:50:7513     PORT:6650
10:08:50:7593     初始化控制台
10:08:50:9133     服务器执行成功
10:10:59:7783     491360匹配对列已经被移除
10:25:34:2633     服务器初始化
10:25:34:2933     PORT:6650
10:25:34:3013     初始化控制台
10:25:34:4633     服务器执行成功
10:26:48:2503     服务器初始化
10:26:48:2793     PORT:6650
10:26:48:2883     初始化控制台
10:26:48:4393     服务器执行成功
10:27:10:0233     程序强制退出，按下任意键继续
10:27:18:5713     服务器初始化
10:27:18:6063     PORT:6650
10:27:18:6143     初始化控制台
10:27:18:7943     服务器执行成功
01:27:42:4813     服务器初始化
01:27:42:5103     PORT:6650
01:27:42:5193     初始化控制台
01:27:42:6863     服务器执行成功
01:48:56:8753     服务器初始化
01:48:56:9113     PORT:6650
01:48:56:9203     初始化控制台
04:37:11:5003     服务器初始化
04:37:11:5238     PORT:6650
04:37:11:5388     初始化控制台
04:37:11:8093     服务器执行成功
04:47:22:8548     服务器初始化
04:47:22:8793     PORT:6650
04:47:22:8878     初始化控制台
04:47:23:0728     服务器执行成功
04:48:22:9743     程序强制退出，按下任意键继续
