服务器初始化   11：13：34：6249
PORT:6650   11：13：34：6549
初始化控制台   11：13：34：6649
计时器执行成功   11：13：39：6749
程序强制退出，按下任意键继续   11：15：31：5059
服务器初始化   11：45：30：2909
PORT:6650   11：45：30：3209
初始化控制台   11：45：30：3289
计时器执行成功   11：45：35：3309
服务器初始化   11：50：55：4749
PORT:6650   11：50：55：5049
初始化控制台   11：50：55：5129
计时器执行成功   11：51：00：5179
服务器初始化   02：46：43：1719
PORT:6650   02：46：43：2019
初始化控制台   02：46：43：2099
计时器执行成功   02：46：48：2139
服务器初始化   03：42：55：9449
PORT:6650   03：42：55：9809
初始化控制台   03：42：55：9889
计时器执行成功   03：43：00：9909
服务器初始化   04：37：04：7229
PORT:6650   04：37：04：7539
初始化控制台   04：37：04：7629
计时器执行成功   04：37：09：7669
