服务器初始化   09：35：01：6123
PORT:6650   09：35：01：6323
初始化控制台   09：35：01：6423
计时器执行成功   09：35：06：6523
服务器初始化   09：58：22：3403
PORT:6650   09：58：22：3673
初始化控制台   09：58：22：3753
计时器执行成功   09：58：27：3783
服务器初始化   10：54：50：7283
PORT:6650   10：54：50：7563
初始化控制台   10：54：50：7633
计时器执行成功   10：54：55：7663
服务器初始化   10：57：57：1833
PORT:6650   10：57：57：2133
初始化控制台   10：57：57：2223
计时器执行成功   10：58：02：2243
服务器初始化   11：00：19：2043
PORT:6650   11：00：19：2323
初始化控制台   11：00：19：2403
计时器执行成功   11：00：24：2433
服务器初始化   01：08：21：6353
PORT:6650   01：08：21：6643
初始化控制台   01：08：21：6723
程序强制退出，按下任意键继续   01：08：22：5723
