服务器初始化   10：12：05：9663
PORT:6650   10：12：05：9953
初始化控制台   10：12：06：0033
服务器执行成功   10：12：06：0033
服务器初始化   10：30：59：4793
PORT:6650   10：30：59：5093
初始化控制台   10：30：59：5163
服务器执行成功   10：30：59：5173
服务器初始化   10：31：31：2833
PORT:6650   10：31：31：3273
初始化控制台   10：31：31：3353
服务器执行成功   10：31：31：3353
服务器初始化   10：39：30：7043
PORT:6650   10：39：30：7343
初始化控制台   10：39：30：7423
服务器执行成功   10：39：30：7433
服务器初始化   11：49：38：6983
PORT:6650   11：49：38：7313
初始化控制台   11：49：38：7393
服务器执行成功   11：49：38：7403
服务器初始化   02：49：35：1043
PORT:6650   02：49：35：1323
初始化控制台   02：49：35：1413
服务器执行成功   02：49：35：2853
服务器初始化   02：51：21：1073
PORT:6650   02：51：21：1363
初始化控制台   02：51：21：1453
服务器初始化   02：59：03：0663
PORT:6650   02：59：03：0953
初始化控制台   02：59：03：1043
服务器执行成功   02：59：06：9333
服务器初始化   03：10：34：4133
PORT:6650   03：10：34：4403
初始化控制台   03：10：34：4483
服务器执行成功   03：10：34：5953
服务器初始化   03：12：50：0853
PORT:6650   03：12：50：1143
初始化控制台   03：12：50：1223
服务器执行成功   03：12：50：2693
程序强制退出，按下任意键继续   03：14：36：6543
服务器初始化   03：15：00：1663
PORT:6650   03：15：00：1963
初始化控制台   03：15：00：2043
服务器执行成功   03：15：00：3603
程序强制退出，按下任意键继续   03：15：36：1823
服务器初始化   03：21：35：3083
PORT:6650   03：21：35：3383
初始化控制台   03：21：35：3463
服务器执行成功   03：21：35：4923
程序强制退出，按下任意键继续   03：22：21：3183
服务器初始化   03：25：02：9083
PORT:6650   03：25：02：9373
初始化控制台   03：25：02：9463
服务器执行成功   03：25：03：0913
程序强制退出，按下任意键继续   03：27：18：9853
服务器初始化   04：08：59：1653
PORT:6650   04：08：59：1923
初始化控制台   04：08：59：2013
服务器执行成功   04：08：59：3693
服务器初始化   04：11：15：0833
PORT:6650   04：11：15：1113
初始化控制台   04：11：15：1193
服务器执行成功   04：18：24：9953
服务器初始化   04：30：23：1913
PORT:6650   04：30：23：2203
初始化控制台   04：30：23：2283
服务器执行成功   04：30：23：3973
程序强制退出，按下任意键继续   04：30：59：4793
