服务器初始化   01：40：29：9792
PORT:6650   01：40：30：0092
初始化控制台   01：40：30：0212
服务器初始化   01：44：32：6292
PORT:6650   01：44：32：6582
初始化控制台   01：44：32：6672
服务器初始化   01：49：51：1372
PORT:6650   01：49：51：1672
初始化控制台   01：49：51：1762
服务器初始化   02：03：38：4072
PORT:6650   02：03：38：4352
初始化控制台   02：03：38：4442
服务器初始化   02：25：52：5442
PORT:6650   02：25：52：5742
初始化控制台   02：25：52：5882
服务器初始化   02：28：20：4602
PORT:6650   02：28：20：4902
初始化控制台   02：28：20：4982
服务器初始化   02：31：22：9382
PORT:6650   02：31：22：9672
初始化控制台   02：31：22：9752
服务器初始化   02：42：08：1742
PORT:6650   02：42：08：2132
初始化控制台   02：42：08：2222
服务器初始化   02：47：10：7522
PORT:6650   02：47：10：7862
初始化控制台   02：47：10：7952
程序强制退出，按下任意键继续   02：47：15：4942
服务器初始化   02：48：05：0192
PORT:6650   02：48：05：0492
初始化控制台   02：48：05：0582
程序强制退出，按下任意键继续   02：48：08：6612
服务器初始化   02：50：25：0202
PORT:6650   02：50：25：0542
初始化控制台   02：50：25：0642
服务器初始化   03：01：27：9992
PORT:6650   03：01：28：0292
初始化控制台   03：01：28：0492
服务器初始化   03：02：00：9782
PORT:6650   03：02：01：0072
初始化控制台   03：02：01：0162
服务器初始化   03：02：48：8102
PORT:6650   03：02：48：8502
初始化控制台   03：02：48：8602
服务器初始化   03：07：12：1692
PORT:6650   03：07：12：2002
初始化控制台   03：07：12：2092
服务器初始化   03：08：56：6032
PORT:6650   03：08：56：6352
初始化控制台   03：08：56：6442
计时器执行成功   03：09：01：6472
程序强制退出，按下任意键继续   03：11：19：4782
