服务器初始化   04：27：38：3722
PORT:6650   04：27：38：4052
初始化控制台   04：27：38：4152
计时器执行成功   04：27：43：4182
程序强制退出，按下任意键继续   04：30：23：8342
服务器初始化   04：33：01：1152
PORT:6650   04：33：01：1582
初始化控制台   04：33：01：1662
计时器执行成功   04：33：06：1692
程序强制退出，按下任意键继续   04：36：11：9032
服务器初始化   04：38：41：4912
PORT:6650   04：38：41：5202
初始化控制台   04：38：41：5282
计时器执行成功   04：38：46：5312
程序强制退出，按下任意键继续   04：40：06：6362
服务器初始化   04：43：09：1672
PORT:6650   04：43：09：1982
初始化控制台   04：43：09：2072
计时器执行成功   04：43：14：2102
程序强制退出，按下任意键继续   04：45：02：8852
