09:43:46:7863     服务器初始化
09:43:46:8188     PORT:6650
09:43:46:8858     初始化控制台
09:43:48:1073     服务器执行成功
11:33:55:4348     服务器初始化
11:33:55:4508     PORT:6650
11:33:55:4688     初始化控制台
11:33:56:2148     服务器执行成功
12:41:03:8388     网络消息接收异常:用户退出+ConnectionReset
01:01:33:3843     服务器初始化
01:01:33:4008     PORT:6650
01:01:33:4083     初始化控制台
01:01:33:5973     服务器执行成功
01:04:47:2103     服务器初始化
01:04:47:2318     PORT:6650
01:04:47:2393     初始化控制台
01:04:47:3908     服务器执行成功
01:20:00:4593     服务器初始化
01:20:00:4753     PORT:6650
01:20:00:4813     初始化控制台
01:20:00:6318     服务器执行成功
01:45:58:8958     服务器初始化
01:45:58:9118     PORT:6650
01:45:58:9188     初始化控制台
01:45:59:0783     服务器执行成功
01:51:03:8523     服务器初始化
01:51:03:8688     PORT:6650
01:51:03:8748     初始化控制台
01:51:04:0468     服务器执行成功
01:54:06:5983     服务器初始化
01:54:06:6148     PORT:6650
01:54:06:6218     初始化控制台
01:54:06:7843     服务器执行成功
02:13:30:2048     服务器初始化
02:13:30:2218     PORT:6650
02:13:30:2288     初始化控制台
02:13:30:3983     服务器执行成功
02:20:24:6868     759525匹配对列已经被移除
03:55:13:5673     服务器初始化
03:55:13:5878     PORT:6650
03:55:13:5948     初始化控制台
03:55:13:7833     服务器执行成功
04:23:16:0168     服务器初始化
04:23:16:0333     PORT:6650
04:23:16:0398     初始化控制台
04:23:16:2103     服务器执行成功
