服务器初始化   12：15：09：4374
PORT:6650   12：15：09：4664
初始化控制台   12：15：09：4754
服务器执行成功   12：15：09：4764
服务器初始化   12：18：18：4714
PORT:6650   12：18：18：4994
初始化控制台   12：18：18：5074
服务器执行成功   12：18：18：5084
服务器初始化   12：19：17：1644
PORT:6650   12：19：17：1944
初始化控制台   12：19：17：2024
服务器执行成功   12：19：17：2024
服务器初始化   12：53：24：1384
PORT:6650   12：53：24：1694
初始化控制台   12：53：24：1784
服务器执行成功   12：53：24：1784
服务器初始化   01：30：55：7644
PORT:6650   01：30：55：7924
初始化控制台   01：30：55：8014
服务器执行成功   01：30：55：8014
服务器初始化   01：32：28：8304
PORT:6650   01：32：28：8594
初始化控制台   01：32：28：8674
服务器执行成功   01：32：28：8674
服务器初始化   01：40：04：1684
PORT:6650   01：40：04：1964
初始化控制台   01：40：04：2054
服务器执行成功   01：40：04：2054
服务器初始化   01：40：13：7904
PORT:6650   01：40：13：8194
初始化控制台   01：40：13：8274
服务器执行成功   01：40：13：8274
服务器初始化   01：42：02：6494
PORT:6650   01：42：02：6774
初始化控制台   01：42：02：6864
服务器执行成功   01：42：02：6864
服务器初始化   01：42：43：7904
PORT:6650   01：42：43：8204
初始化控制台   01：42：43：8274
服务器执行成功   01：42：43：8284
程序强制退出，按下任意键继续   01：44：22：2704
服务器初始化   01：47：50：0234
PORT:6650   01：47：50：0524
初始化控制台   01：47：50：0604
服务器执行成功   01：47：50：0614
程序强制退出，按下任意键继续   01：48：02：4784
服务器初始化   01：48：36：4904
PORT:6650   01：48：36：5184
初始化控制台   01：48：36：5264
服务器执行成功   01：48：36：5264
服务器初始化   01：49：55：6904
PORT:6650   01：49：55：7184
初始化控制台   01：49：55：7254
服务器执行成功   01：49：55：7264
服务器初始化   01：50：11：2734
PORT:6650   01：50：11：3024
初始化控制台   01：50：11：3104
服务器执行成功   01：50：11：3114
服务器初始化   02：08：49：7764
PORT:6650   02：08：49：8044
初始化控制台   02：08：49：8134
服务器执行成功   02：08：49：8134
服务器初始化   02：14：01：6204
PORT:6650   02：14：01：6614
初始化控制台   02：14：01：6694
服务器执行成功   02：14：01：6694
服务器初始化   02：15：05：2474
PORT:6650   02：15：05：2764
初始化控制台   02：15：05：2854
服务器初始化   02：16：17：6484
PORT:6650   02：16：17：6834
初始化控制台   02：16：17：6924
服务器执行成功   02：16：17：6924
服务器初始化   02：18：13：7864
PORT:6650   02：18：13：8164
初始化控制台   02：18：13：8254
服务器执行成功   02：18：13：8264
程序强制退出，按下任意键继续   02：19：00：6654
服务器初始化   02：19：15：5934
PORT:6650   02：19：15：6224
初始化控制台   02：19：15：6304
服务器执行成功   02：19：15：6304
服务器初始化   02：24：44：4544
PORT:6650   02：24：44：4834
初始化控制台   02：24：44：4924
服务器执行成功   02：24：44：4934
服务器初始化   02：32：17：2794
PORT:6650   02：32：17：3174
初始化控制台   02：32：17：3254
服务器执行成功   02：32：17：3264
服务器初始化   02：33：14：0804
PORT:6650   02：33：14：1094
初始化控制台   02：33：14：1184
服务器执行成功   02：33：14：1194
服务器初始化   02：36：37：8564
PORT:6650   02：36：37：8864
初始化控制台   02：36：37：8954
服务器执行成功   02：36：37：8964
服务器初始化   02：37：44：8994
PORT:6650   02：37：44：9374
初始化控制台   02：37：44：9464
服务器执行成功   02：37：44：9474
服务器初始化   02：40：43：6154
PORT:6650   02：40：43：6444
初始化控制台   02：40：43：6524
服务器执行成功   02：40：43：6524
服务器初始化   02：42：28：5394
PORT:6650   02：42：28：5704
初始化控制台   02：42：28：5784
服务器执行成功   02：42：28：5794
服务器初始化   02：57：30：4804
PORT:6650   02：57：30：5104
初始化控制台   02：57：30：5194
服务器执行成功   02：57：30：5194
服务器初始化   04：21：21：1654
PORT:6650   04：21：21：1944
初始化控制台   04：21：21：2044
服务器执行成功   04：21：21：2044
服务器初始化   04：22：01：8904
PORT:6650   04：22：01：9204
初始化控制台   04：22：01：9284
服务器执行成功   04：22：01：9294
服务器初始化   04：22：45：7514
PORT:6650   04：22：45：7904
初始化控制台   04：22：45：8004
服务器执行成功   04：22：45：8014
服务器初始化   04：24：02：2194
PORT:6650   04：24：02：2494
初始化控制台   04：24：02：2584
服务器执行成功   04：24：02：2584
程序强制退出，按下任意键继续   04：24：20：8864
服务器初始化   04：39：14：8924
PORT:6650   04：39：14：9244
初始化控制台   04：39：14：9334
服务器执行成功   04：39：14：9334
服务器初始化   04：40：12：4384
PORT:6650   04：40：12：4674
初始化控制台   04：40：12：4764
服务器执行成功   04：40：12：4764
