服务器初始化   03：40：25：3421
PORT:6650   03：40：25：3721
初始化控制台   03：40：25：3851
计时器执行成功   03：40：30：3891
服务器初始化   03：46：13：3881
PORT:6650   03：46：13：4171
初始化控制台   03：46：13：4251
计时器执行成功   03：46：18：4321
程序强制退出，按下任意键继续   03：54：28：1821
服务器初始化   03：56：52：6971
PORT:6650   03：56：52：7241
初始化控制台   03：56：52：7321
计时器执行成功   03：56：57：7361
服务器初始化   04：10：28：1641
PORT:6650   04：10：28：1941
初始化控制台   04：10：28：2021
计时器执行成功   04：10：33：2101
程序强制退出，按下任意键继续   04：10：57：1381
服务器初始化   04：11：23：9861
PORT:6650   04：11：24：0141
初始化控制台   04：11：24：0221
计时器执行成功   04：11：29：0281
程序强制退出，按下任意键继续   04：14：09：1221
服务器初始化   04：14：24：3741
PORT:6650   04：14：24：4071
初始化控制台   04：14：24：4151
计时器执行成功   04：14：29：4341
服务器初始化   04：36：32：1791
PORT:6650   04：36：32：2071
初始化控制台   04：36：32：2151
计时器执行成功   04：36：37：2181
程序强制退出，按下任意键继续   04：40：47：8211
服务器初始化   04：40：59：0541
PORT:6650   04：40：59：0841
初始化控制台   04：40：59：0931
计时器执行成功   04：41：04：1091
服务器初始化   04：52：59：4641
PORT:6650   04：52：59：4931
初始化控制台   04：52：59：5021
计时器执行成功   04：53：04：5051
