06:24:40:2188     服务器初始化
06:24:40:2398     PORT:6650
06:24:40:2498     初始化控制台
06:24:41:3008     服务器执行成功
06:29:23:5078     程序强制退出，按下任意键继续
06:44:48:0393     服务器初始化
06:44:48:0623     PORT:6650
06:44:48:0693     初始化控制台
06:44:48:2473     服务器执行成功
06:51:06:8188     程序强制退出，按下任意键继续
06:53:35:4183     服务器初始化
06:53:35:4408     PORT:6650
06:53:35:4473     初始化控制台
06:53:35:6113     服务器执行成功
06:57:39:5713     程序强制退出，按下任意键继续
07:00:48:3693     服务器初始化
07:00:48:3918     PORT:6650
07:00:48:3993     初始化控制台
07:00:48:5653     服务器执行成功
07:30:07:5618     服务器初始化
07:30:07:5838     PORT:6650
07:30:07:5903     初始化控制台
07:30:07:7328     服务器执行成功
