服务器初始化   01：18：56：0627
PORT:6650   01：18：56：0927
初始化控制台   01：18：56：1017
计时器执行成功   01：19：01：1047
程序强制退出，按下任意键继续   01：23：54：3217
服务器初始化   01：28：21：0587
PORT:6650   01：28：21：0867
初始化控制台   01：28：21：0947
计时器执行成功   01：28：26：1117
服务器初始化   01：41：59：6557
PORT:6650   01：41：59：6837
初始化控制台   01：41：59：6917
计时器执行成功   01：42：04：6947
程序强制退出，按下任意键继续   01：43：26：7217
服务器初始化   01：50：21：7707
PORT:6650   01：50：21：7997
初始化控制台   01：50：21：8077
计时器执行成功   01：50：26：8137
服务器初始化   02：03：44：9897
PORT:6650   02：03：45：0177
初始化控制台   02：03：45：0257
计时器执行成功   02：03：50：0307
服务器初始化   02：07：23：6537
PORT:6650   02：07：23：6817
初始化控制台   02：07：23：6897
计时器执行成功   02：07：28：6927
程序强制退出，按下任意键继续   02：10：19：9457
服务器初始化   02：14：40：9527
PORT:6650   02：14：40：9807
初始化控制台   02：14：40：9887
计时器执行成功   02：14：45：9927
